[ 2016-07-19T20:27:50+08:00 ] ::1 /m_survey/
INFO: [ app_init ] --START--
INFO: Run Behavior\BuildLiteBehavior [ RunTime:0.000031s ]
INFO: [ app_init ] --END-- [ RunTime:0.075355s ]
INFO: [ app_begin ] --START--
INFO: Run Behavior\ReadHtmlCacheBehavior [ RunTime:0.006929s ]
INFO: [ app_begin ] --END-- [ RunTime:0.007127s ]
SQL: SHOW COLUMNS FROM `wenjuan_main` [ RunTime:0.0028s ]
SQL: SELECT * FROM `wenjuan_main` WHERE `survey_status` = 1 ORDER BY hit desc LIMIT 5   [ RunTime:0.0059s ]
SQL: SELECT * FROM `wenjuan_main` WHERE `survey_status` = 1 ORDER BY fabu_time desc LIMIT 5   [ RunTime:0.0025s ]
INFO: [ view_parse ] --START--
INFO: [ template_filter ] --START--
INFO: Run Behavior\ContentReplaceBehavior [ RunTime:0.000878s ]
INFO: [ template_filter ] --END-- [ RunTime:0.001019s ]
INFO: Run Behavior\ParseTemplateBehavior [ RunTime:0.097865s ]
INFO: [ view_parse ] --END-- [ RunTime:0.097956s ]
INFO: [ view_filter ] --START--
INFO: Run Behavior\WriteHtmlCacheBehavior [ RunTime:0.012632s ]
INFO: [ view_filter ] --END-- [ RunTime:0.012715s ]
INFO: [ app_end ] --START--
INFO: Run Behavior\ShowPageTraceBehavior [ RunTime:0.003122s ]
INFO: [ app_end ] --END-- [ RunTime:0.003216s ]

