[ 2016-06-09T03:52:09+08:00 ] 127.0.0.1 /index.php/Fill/fill
INFO: [ app_init ] --START--
INFO: Run Behavior\BuildLiteBehavior [ RunTime:0.000020s ]
INFO: [ app_init ] --END-- [ RunTime:0.000453s ]
INFO: [ app_begin ] --START--
INFO: Run Behavior\ReadHtmlCacheBehavior [ RunTime:0.000550s ]
INFO: [ app_begin ] --END-- [ RunTime:0.000617s ]
SQL: SHOW COLUMNS FROM `wenjuan_main` [ RunTime:0.0011s ]
SQL: SELECT COUNT(*) AS tp_count FROM `wenjuan_main` WHERE `survey_status` = 1 LIMIT 1   [ RunTime:0.0004s ]

[ 2016-06-09T03:52:10+08:00 ] 127.0.0.1 /index.php/Fill/fill/p/1.html
INFO: [ app_init ] --START--
INFO: Run Behavior\BuildLiteBehavior [ RunTime:0.000019s ]
INFO: [ app_init ] --END-- [ RunTime:0.000441s ]
INFO: [ app_begin ] --START--
INFO: Run Behavior\ReadHtmlCacheBehavior [ RunTime:0.000580s ]
INFO: [ app_begin ] --END-- [ RunTime:0.000657s ]
SQL: SHOW COLUMNS FROM `wenjuan_main` [ RunTime:0.0007s ]
SQL: SELECT COUNT(*) AS tp_count FROM `wenjuan_main` WHERE `survey_status` = 1 LIMIT 1   [ RunTime:0.0002s ]
SQL: SELECT * FROM `wenjuan_main` WHERE `survey_status` = 1 ORDER BY hit desc LIMIT 0,8   [ RunTime:0.0003s ]
SQL: SHOW COLUMNS FROM `wenjuan_result` [ RunTime:0.0006s ]
SQL: SELECT COUNT(*) AS tp_count FROM `wenjuan_result` GROUP BY ip LIMIT 1   [ RunTime:0.0007s ]
SQL: SELECT COUNT(*) AS tp_count FROM `wenjuan_result` GROUP BY ip LIMIT 1   [ RunTime:0.0006s ]
INFO: [ view_parse ] --START--
INFO: [ template_filter ] --START--
INFO: Run Behavior\ContentReplaceBehavior [ RunTime:0.000123s ]
INFO: [ template_filter ] --END-- [ RunTime:0.000206s ]
INFO: Run Behavior\ParseTemplateBehavior [ RunTime:0.014387s ]
INFO: [ view_parse ] --END-- [ RunTime:0.014478s ]
INFO: [ view_filter ] --START--
INFO: Run Behavior\WriteHtmlCacheBehavior [ RunTime:0.000438s ]
INFO: [ view_filter ] --END-- [ RunTime:0.000512s ]
INFO: [ app_end ] --START--
INFO: Run Behavior\ShowPageTraceBehavior [ RunTime:0.000632s ]
INFO: [ app_end ] --END-- [ RunTime:0.000703s ]

[ 2016-06-09T03:52:10+08:00 ] 127.0.0.1 /index.php/Fill/fill/p/1.html
INFO: [ app_init ] --START--
INFO: Run Behavior\BuildLiteBehavior [ RunTime:0.000019s ]
INFO: [ app_init ] --END-- [ RunTime:0.000522s ]
INFO: [ app_begin ] --START--
INFO: Run Behavior\ReadHtmlCacheBehavior [ RunTime:0.000658s ]
INFO: [ app_begin ] --END-- [ RunTime:0.000734s ]
SQL: SHOW COLUMNS FROM `wenjuan_main` [ RunTime:0.0008s ]
SQL: SELECT COUNT(*) AS tp_count FROM `wenjuan_main` WHERE `survey_status` = 1 LIMIT 1   [ RunTime:0.0003s ]
SQL: SELECT * FROM `wenjuan_main` WHERE `survey_status` = 1 ORDER BY hit desc LIMIT 0,8   [ RunTime:0.0003s ]
SQL: SHOW COLUMNS FROM `wenjuan_result` [ RunTime:0.0006s ]
SQL: SELECT COUNT(*) AS tp_count FROM `wenjuan_result` GROUP BY ip LIMIT 1   [ RunTime:0.0006s ]
SQL: SELECT COUNT(*) AS tp_count FROM `wenjuan_result` GROUP BY ip LIMIT 1   [ RunTime:0.0007s ]
INFO: [ view_parse ] --START--
INFO: [ template_filter ] --START--
INFO: Run Behavior\ContentReplaceBehavior [ RunTime:0.000123s ]
INFO: [ template_filter ] --END-- [ RunTime:0.000218s ]
INFO: Run Behavior\ParseTemplateBehavior [ RunTime:0.013911s ]
INFO: [ view_parse ] --END-- [ RunTime:0.013999s ]
INFO: [ view_filter ] --START--
INFO: Run Behavior\WriteHtmlCacheBehavior [ RunTime:0.000434s ]
INFO: [ view_filter ] --END-- [ RunTime:0.000505s ]
INFO: [ app_end ] --START--
INFO: Run Behavior\ShowPageTraceBehavior [ RunTime:0.000634s ]
INFO: [ app_end ] --END-- [ RunTime:0.000704s ]

[ 2016-06-09T06:10:06+08:00 ] 127.0.0.1 /
INFO: [ app_init ] --START--
INFO: Run Behavior\BuildLiteBehavior [ RunTime:0.000020s ]
INFO: [ app_init ] --END-- [ RunTime:0.000489s ]
INFO: [ app_begin ] --START--
INFO: Run Behavior\ReadHtmlCacheBehavior [ RunTime:0.000614s ]
INFO: [ app_begin ] --END-- [ RunTime:0.000697s ]
SQL: SHOW COLUMNS FROM `wenjuan_main` [ RunTime:0.0009s ]
SQL: SELECT * FROM `wenjuan_main` WHERE `survey_status` = 1 ORDER BY hit desc LIMIT 5   [ RunTime:0.0005s ]
SQL: SELECT * FROM `wenjuan_main` WHERE `survey_status` = 1 ORDER BY fabu_time desc LIMIT 5   [ RunTime:0.0002s ]
INFO: [ view_parse ] --START--
INFO: [ template_filter ] --START--
INFO: Run Behavior\ContentReplaceBehavior [ RunTime:0.000118s ]
INFO: [ template_filter ] --END-- [ RunTime:0.000202s ]
INFO: Run Behavior\ParseTemplateBehavior [ RunTime:0.013553s ]
INFO: [ view_parse ] --END-- [ RunTime:0.013640s ]
INFO: [ view_filter ] --START--
INFO: Run Behavior\WriteHtmlCacheBehavior [ RunTime:0.000453s ]
INFO: [ view_filter ] --END-- [ RunTime:0.000522s ]
INFO: [ app_end ] --START--
INFO: Run Behavior\ShowPageTraceBehavior [ RunTime:0.000680s ]
INFO: [ app_end ] --END-- [ RunTime:0.000752s ]

[ 2016-06-09T07:06:21+08:00 ] 127.0.0.1 /
INFO: [ app_init ] --START--
INFO: Run Behavior\BuildLiteBehavior [ RunTime:0.000019s ]
INFO: [ app_init ] --END-- [ RunTime:0.000551s ]
INFO: [ app_begin ] --START--
INFO: Run Behavior\ReadHtmlCacheBehavior [ RunTime:0.000598s ]
INFO: [ app_begin ] --END-- [ RunTime:0.000665s ]
SQL: SHOW COLUMNS FROM `wenjuan_main` [ RunTime:0.0008s ]
SQL: SELECT * FROM `wenjuan_main` WHERE `survey_status` = 1 ORDER BY hit desc LIMIT 5   [ RunTime:0.0004s ]
SQL: SELECT * FROM `wenjuan_main` WHERE `survey_status` = 1 ORDER BY fabu_time desc LIMIT 5   [ RunTime:0.0002s ]
INFO: [ view_parse ] --START--
INFO: [ template_filter ] --START--
INFO: Run Behavior\ContentReplaceBehavior [ RunTime:0.000122s ]
INFO: [ template_filter ] --END-- [ RunTime:0.000208s ]
INFO: Run Behavior\ParseTemplateBehavior [ RunTime:0.012016s ]
INFO: [ view_parse ] --END-- [ RunTime:0.012098s ]
INFO: [ view_filter ] --START--
INFO: Run Behavior\WriteHtmlCacheBehavior [ RunTime:0.000441s ]
INFO: [ view_filter ] --END-- [ RunTime:0.000580s ]
INFO: [ app_end ] --START--
INFO: Run Behavior\ShowPageTraceBehavior [ RunTime:0.000620s ]
INFO: [ app_end ] --END-- [ RunTime:0.000688s ]

[ 2016-06-09T07:09:05+08:00 ] 127.0.0.1 /index.php/Index/login.html
INFO: [ app_init ] --START--
INFO: Run Behavior\BuildLiteBehavior [ RunTime:0.000028s ]
INFO: [ app_init ] --END-- [ RunTime:0.000766s ]
INFO: [ app_begin ] --START--
INFO: Run Behavior\ReadHtmlCacheBehavior [ RunTime:0.000571s ]
INFO: [ app_begin ] --END-- [ RunTime:0.000644s ]
INFO: [ app_end ] --START--
INFO: Run Behavior\ShowPageTraceBehavior [ RunTime:0.000586s ]
INFO: [ app_end ] --END-- [ RunTime:0.000660s ]

[ 2016-06-09T11:56:24+08:00 ] 127.0.0.1 /
INFO: [ app_init ] --START--
INFO: Run Behavior\BuildLiteBehavior [ RunTime:0.000020s ]
INFO: [ app_init ] --END-- [ RunTime:0.000460s ]
INFO: [ app_begin ] --START--
INFO: Run Behavior\ReadHtmlCacheBehavior [ RunTime:0.000665s ]
INFO: [ app_begin ] --END-- [ RunTime:0.000742s ]
SQL: SHOW COLUMNS FROM `wenjuan_main` [ RunTime:0.0009s ]
SQL: SELECT * FROM `wenjuan_main` WHERE `survey_status` = 1 ORDER BY hit desc LIMIT 5   [ RunTime:0.0004s ]
SQL: SELECT * FROM `wenjuan_main` WHERE `survey_status` = 1 ORDER BY fabu_time desc LIMIT 5   [ RunTime:0.0002s ]
INFO: [ view_parse ] --START--
INFO: [ template_filter ] --START--
INFO: Run Behavior\ContentReplaceBehavior [ RunTime:0.000113s ]
INFO: [ template_filter ] --END-- [ RunTime:0.000220s ]
INFO: Run Behavior\ParseTemplateBehavior [ RunTime:0.011876s ]
INFO: [ view_parse ] --END-- [ RunTime:0.011954s ]
INFO: [ view_filter ] --START--
INFO: Run Behavior\WriteHtmlCacheBehavior [ RunTime:0.000526s ]
INFO: [ view_filter ] --END-- [ RunTime:0.000594s ]
INFO: [ app_end ] --START--
INFO: Run Behavior\ShowPageTraceBehavior [ RunTime:0.000624s ]
INFO: [ app_end ] --END-- [ RunTime:0.000694s ]

[ 2016-06-09T12:57:24+08:00 ] 127.0.0.1 /index.php/Index/login.html
INFO: [ app_init ] --START--
INFO: Run Behavior\BuildLiteBehavior [ RunTime:0.000020s ]
INFO: [ app_init ] --END-- [ RunTime:0.000539s ]
INFO: [ app_begin ] --START--
INFO: Run Behavior\ReadHtmlCacheBehavior [ RunTime:0.000679s ]
INFO: [ app_begin ] --END-- [ RunTime:0.000755s ]
INFO: [ app_end ] --START--
INFO: Run Behavior\ShowPageTraceBehavior [ RunTime:0.000679s ]
INFO: [ app_end ] --END-- [ RunTime:0.000786s ]

[ 2016-06-09T13:02:52+08:00 ] 127.0.0.1 /index.php/Template/nav-left.html
INFO: [ app_init ] --START--
INFO: Run Behavior\BuildLiteBehavior [ RunTime:0.000019s ]
INFO: [ app_init ] --END-- [ RunTime:0.000459s ]
INFO: [ app_begin ] --START--
INFO: Run Behavior\ReadHtmlCacheBehavior [ RunTime:0.000598s ]
INFO: [ app_begin ] --END-- [ RunTime:0.000669s ]
ERR: 非法操作:nav-left

[ 2016-06-09T16:15:21+08:00 ] 127.0.0.1 /index.php/Fill/index/survey_id/147
INFO: [ app_init ] --START--
INFO: Run Behavior\BuildLiteBehavior [ RunTime:0.000021s ]
INFO: [ app_init ] --END-- [ RunTime:0.000583s ]
INFO: [ app_begin ] --START--
INFO: Run Behavior\ReadHtmlCacheBehavior [ RunTime:0.000742s ]
INFO: [ app_begin ] --END-- [ RunTime:0.000826s ]
SQL: SHOW COLUMNS FROM `wenjuan_main` [ RunTime:0.0009s ]
SQL: SELECT * FROM `wenjuan_main` WHERE `survey_id` = 147 LIMIT 1   [ RunTime:0.0003s ]
SQL: SHOW COLUMNS FROM `wenjuan_question` [ RunTime:0.0006s ]
SQL: SELECT * FROM `wenjuan_question` WHERE `survey_id` = 147  [ RunTime:0.0003s ]
NOTIC: [8] Undefined index: survey_status /home/ftp/1520/2014survey.twtstudio.com/2014survey.twtstudio.com/Application/Home/Controller/FillController.class.php 第 76 行.
NOTIC: [8] Undefined index: anonymity /home/ftp/1520/2014survey.twtstudio.com/2014survey.twtstudio.com/Application/Home/Controller/FillController.class.php 第 79 行.
NOTIC: [8] Undefined index: survey_id /home/ftp/1520/2014survey.twtstudio.com/2014survey.twtstudio.com/Application/Home/Controller/FillController.class.php 第 83 行.
NOTIC: [8] Undefined index: survey_id /home/ftp/1520/2014survey.twtstudio.com/2014survey.twtstudio.com/Application/Home/Controller/FillController.class.php 第 84 行.
SQL: SHOW COLUMNS FROM `wenjuan_result` [ RunTime:0.0006s ]
SQL: SELECT * FROM `wenjuan_result` WHERE `ip` = '42.156.137.30' AND `survey_id` = null LIMIT 1   [ RunTime:0.0004s ]
SQL: SELECT * FROM `wenjuan_result` WHERE `survey_id` = null LIMIT 1   [ RunTime:0.0002s ]
INFO: [ view_parse ] --START--
INFO: [ template_filter ] --START--
INFO: Run Behavior\ContentReplaceBehavior [ RunTime:0.000101s ]
INFO: [ template_filter ] --END-- [ RunTime:0.000190s ]
NOTIC: [8] Use of undefined constant survey_id - assumed 'survey_id' /home/ftp/1520/2014survey.twtstudio.com/2014survey.twtstudio.com/Application/Runtime/Cache/Home/e972e7ad52f020fe9d06b5dd10192311.php 第 24 行.
NOTIC: [8] Undefined index: survey_id /home/ftp/1520/2014survey.twtstudio.com/2014survey.twtstudio.com/Application/Runtime/Cache/Home/e972e7ad52f020fe9d06b5dd10192311.php 第 24 行.
NOTIC: [8] Use of undefined constant title - assumed 'title' /home/ftp/1520/2014survey.twtstudio.com/2014survey.twtstudio.com/Application/Runtime/Cache/Home/e972e7ad52f020fe9d06b5dd10192311.php 第 25 行.
NOTIC: [8] Undefined index: title /home/ftp/1520/2014survey.twtstudio.com/2014survey.twtstudio.com/Application/Runtime/Cache/Home/e972e7ad52f020fe9d06b5dd10192311.php 第 25 行.
NOTIC: [8] Use of undefined constant description - assumed 'description' /home/ftp/1520/2014survey.twtstudio.com/2014survey.twtstudio.com/Application/Runtime/Cache/Home/e972e7ad52f020fe9d06b5dd10192311.php 第 31 行.
NOTIC: [8] Undefined index: description /home/ftp/1520/2014survey.twtstudio.com/2014survey.twtstudio.com/Application/Runtime/Cache/Home/e972e7ad52f020fe9d06b5dd10192311.php 第 31 行.
INFO: Run Behavior\ParseTemplateBehavior [ RunTime:0.037247s ]
INFO: [ view_parse ] --END-- [ RunTime:0.037336s ]
INFO: [ view_filter ] --START--
INFO: Run Behavior\WriteHtmlCacheBehavior [ RunTime:0.000462s ]
INFO: [ view_filter ] --END-- [ RunTime:0.000530s ]
INFO: [ app_end ] --START--
INFO: Run Behavior\ShowPageTraceBehavior [ RunTime:0.000643s ]
INFO: [ app_end ] --END-- [ RunTime:0.000717s ]

[ 2016-06-09T16:17:40+08:00 ] 127.0.0.1 /index.php/MyQuestionnaire/index.html
INFO: [ app_init ] --START--
INFO: Run Behavior\BuildLiteBehavior [ RunTime:0.000019s ]
INFO: [ app_init ] --END-- [ RunTime:0.000481s ]
INFO: [ app_begin ] --START--
INFO: Run Behavior\ReadHtmlCacheBehavior [ RunTime:0.000629s ]
INFO: [ app_begin ] --END-- [ RunTime:0.000713s ]
SQL: SHOW COLUMNS FROM `wenjuan_main` [ RunTime:0.0007s ]
SQL: SELECT COUNT(*) AS tp_count FROM `wenjuan_main` WHERE `user_id` = 0 AND `survey_status` > 0 ORDER BY survey_status desc LIMIT 1   [ RunTime:0.0004s ]
SQL: SELECT COUNT(*) AS tp_count FROM `wenjuan_main` WHERE `user_id` = 0 AND `survey_status` = 0 ORDER BY survey_id desc LIMIT 1   [ RunTime:0.0004s ]

[ 2016-06-09T16:17:40+08:00 ] 127.0.0.1 /index.php/MyQuestionnaire/index/p/1/m/1.html
INFO: [ app_init ] --START--
INFO: Run Behavior\BuildLiteBehavior [ RunTime:0.000020s ]
INFO: [ app_init ] --END-- [ RunTime:0.000443s ]
INFO: [ app_begin ] --START--
INFO: Run Behavior\ReadHtmlCacheBehavior [ RunTime:0.000593s ]
INFO: [ app_begin ] --END-- [ RunTime:0.000669s ]
SQL: SHOW COLUMNS FROM `wenjuan_main` [ RunTime:0.0009s ]
SQL: SELECT COUNT(*) AS tp_count FROM `wenjuan_main` WHERE `user_id` = 0 AND `survey_status` > 0 ORDER BY survey_status desc LIMIT 1   [ RunTime:0.0003s ]
SQL: SELECT COUNT(*) AS tp_count FROM `wenjuan_main` WHERE `user_id` = 0 AND `survey_status` = 0 ORDER BY survey_id desc LIMIT 1   [ RunTime:0.0002s ]
SQL: SELECT * FROM `wenjuan_main` WHERE `user_id` = 0 AND `survey_status` > 0 ORDER BY survey_status desc LIMIT 0,6   [ RunTime:0.0002s ]
SQL: SELECT * FROM `wenjuan_main` WHERE `user_id` = 0 AND `survey_status` = 0 ORDER BY survey_id desc LIMIT 0,6   [ RunTime:0.0003s ]
INFO: [ view_parse ] --START--
INFO: [ template_filter ] --START--
INFO: Run Behavior\ContentReplaceBehavior [ RunTime:0.000171s ]
INFO: [ template_filter ] --END-- [ RunTime:0.000264s ]
INFO: Run Behavior\ParseTemplateBehavior [ RunTime:0.033702s ]
INFO: [ view_parse ] --END-- [ RunTime:0.033789s ]
INFO: [ view_filter ] --START--
INFO: Run Behavior\WriteHtmlCacheBehavior [ RunTime:0.000440s ]
INFO: [ view_filter ] --END-- [ RunTime:0.000510s ]
INFO: [ app_end ] --START--
INFO: Run Behavior\ShowPageTraceBehavior [ RunTime:0.000619s ]
INFO: [ app_end ] --END-- [ RunTime:0.000691s ]

[ 2016-06-09T16:17:41+08:00 ] 127.0.0.1 /index.php/fill/fill/p/2.html
INFO: [ app_init ] --START--
INFO: Run Behavior\BuildLiteBehavior [ RunTime:0.000018s ]
INFO: [ app_init ] --END-- [ RunTime:0.000477s ]
INFO: [ app_begin ] --START--
INFO: Run Behavior\ReadHtmlCacheBehavior [ RunTime:0.000602s ]
INFO: [ app_begin ] --END-- [ RunTime:0.000688s ]
SQL: SHOW COLUMNS FROM `wenjuan_main` [ RunTime:0.0008s ]
SQL: SELECT COUNT(*) AS tp_count FROM `wenjuan_main` WHERE `survey_status` = 1 LIMIT 1   [ RunTime:0.0002s ]

[ 2016-06-09T16:17:42+08:00 ] 127.0.0.1 /index.php/Fill/fill/p/1.html
INFO: [ app_init ] --START--
INFO: Run Behavior\BuildLiteBehavior [ RunTime:0.000018s ]
INFO: [ app_init ] --END-- [ RunTime:0.000449s ]
INFO: [ app_begin ] --START--
INFO: Run Behavior\ReadHtmlCacheBehavior [ RunTime:0.000601s ]
INFO: [ app_begin ] --END-- [ RunTime:0.000679s ]
SQL: SHOW COLUMNS FROM `wenjuan_main` [ RunTime:0.0009s ]
SQL: SELECT COUNT(*) AS tp_count FROM `wenjuan_main` WHERE `survey_status` = 1 LIMIT 1   [ RunTime:0.0003s ]
SQL: SELECT * FROM `wenjuan_main` WHERE `survey_status` = 1 ORDER BY hit desc LIMIT 0,8   [ RunTime:0.0003s ]
SQL: SHOW COLUMNS FROM `wenjuan_result` [ RunTime:0.0006s ]
SQL: SELECT COUNT(*) AS tp_count FROM `wenjuan_result` GROUP BY ip LIMIT 1   [ RunTime:0.0008s ]
SQL: SELECT COUNT(*) AS tp_count FROM `wenjuan_result` GROUP BY ip LIMIT 1   [ RunTime:0.0007s ]
INFO: [ view_parse ] --START--
INFO: [ template_filter ] --START--
INFO: Run Behavior\ContentReplaceBehavior [ RunTime:0.000125s ]
INFO: [ template_filter ] --END-- [ RunTime:0.000231s ]
INFO: Run Behavior\ParseTemplateBehavior [ RunTime:0.032602s ]
INFO: [ view_parse ] --END-- [ RunTime:0.032693s ]
INFO: [ view_filter ] --START--
INFO: Run Behavior\WriteHtmlCacheBehavior [ RunTime:0.000440s ]
INFO: [ view_filter ] --END-- [ RunTime:0.000509s ]
INFO: [ app_end ] --START--
INFO: Run Behavior\ShowPageTraceBehavior [ RunTime:0.000641s ]
INFO: [ app_end ] --END-- [ RunTime:0.000711s ]

[ 2016-06-09T18:41:10+08:00 ] 127.0.0.1 /
INFO: [ app_init ] --START--
INFO: Run Behavior\BuildLiteBehavior [ RunTime:0.000021s ]
INFO: [ app_init ] --END-- [ RunTime:0.000377s ]
INFO: [ app_begin ] --START--
INFO: Run Behavior\ReadHtmlCacheBehavior [ RunTime:0.000476s ]
INFO: [ app_begin ] --END-- [ RunTime:0.000539s ]
SQL: SHOW COLUMNS FROM `wenjuan_main` [ RunTime:0.0010s ]
SQL: SELECT * FROM `wenjuan_main` WHERE `survey_status` = 1 ORDER BY hit desc LIMIT 5   [ RunTime:0.0005s ]
SQL: SELECT * FROM `wenjuan_main` WHERE `survey_status` = 1 ORDER BY fabu_time desc LIMIT 5   [ RunTime:0.0002s ]
INFO: [ view_parse ] --START--
INFO: [ template_filter ] --START--
INFO: Run Behavior\ContentReplaceBehavior [ RunTime:0.000100s ]
INFO: [ template_filter ] --END-- [ RunTime:0.000188s ]
INFO: Run Behavior\ParseTemplateBehavior [ RunTime:0.010631s ]
INFO: [ view_parse ] --END-- [ RunTime:0.010701s ]
INFO: [ view_filter ] --START--
INFO: Run Behavior\WriteHtmlCacheBehavior [ RunTime:0.000357s ]
INFO: [ view_filter ] --END-- [ RunTime:0.000412s ]
INFO: [ app_end ] --START--
INFO: Run Behavior\ShowPageTraceBehavior [ RunTime:0.000483s ]
INFO: [ app_end ] --END-- [ RunTime:0.000539s ]

[ 2016-06-09T18:48:08+08:00 ] 127.0.0.1 /
INFO: [ app_init ] --START--
INFO: Run Behavior\BuildLiteBehavior [ RunTime:0.000020s ]
INFO: [ app_init ] --END-- [ RunTime:0.000456s ]
INFO: [ app_begin ] --START--
INFO: Run Behavior\ReadHtmlCacheBehavior [ RunTime:0.000597s ]
INFO: [ app_begin ] --END-- [ RunTime:0.000678s ]
SQL: SHOW COLUMNS FROM `wenjuan_main` [ RunTime:0.0009s ]
SQL: SELECT * FROM `wenjuan_main` WHERE `survey_status` = 1 ORDER BY hit desc LIMIT 5   [ RunTime:0.0005s ]
SQL: SELECT * FROM `wenjuan_main` WHERE `survey_status` = 1 ORDER BY fabu_time desc LIMIT 5   [ RunTime:0.0002s ]
INFO: [ view_parse ] --START--
INFO: [ template_filter ] --START--
INFO: Run Behavior\ContentReplaceBehavior [ RunTime:0.000115s ]
INFO: [ template_filter ] --END-- [ RunTime:0.000199s ]
INFO: Run Behavior\ParseTemplateBehavior [ RunTime:0.012152s ]
INFO: [ view_parse ] --END-- [ RunTime:0.012234s ]
INFO: [ view_filter ] --START--
INFO: Run Behavior\WriteHtmlCacheBehavior [ RunTime:0.000447s ]
INFO: [ view_filter ] --END-- [ RunTime:0.000515s ]
INFO: [ app_end ] --START--
INFO: Run Behavior\ShowPageTraceBehavior [ RunTime:0.000615s ]
INFO: [ app_end ] --END-- [ RunTime:0.000690s ]

[ 2016-06-09T19:17:41+08:00 ] 127.0.0.1 /index.php/Fill/index/survey_id/282
INFO: [ app_init ] --START--
INFO: Run Behavior\BuildLiteBehavior [ RunTime:0.000020s ]
INFO: [ app_init ] --END-- [ RunTime:0.000454s ]
INFO: [ app_begin ] --START--
INFO: Run Behavior\ReadHtmlCacheBehavior [ RunTime:0.000606s ]
INFO: [ app_begin ] --END-- [ RunTime:0.000683s ]
SQL: SHOW COLUMNS FROM `wenjuan_main` [ RunTime:0.0010s ]
SQL: SELECT * FROM `wenjuan_main` WHERE `survey_id` = 282 LIMIT 1   [ RunTime:0.0004s ]
SQL: SHOW COLUMNS FROM `wenjuan_question` [ RunTime:0.0007s ]
SQL: SELECT * FROM `wenjuan_question` WHERE `survey_id` = 282  [ RunTime:0.0004s ]
SQL: SHOW COLUMNS FROM `wenjuan_result` [ RunTime:0.0007s ]
SQL: SELECT * FROM `wenjuan_result` WHERE `ip` = '123.125.71.15' AND `survey_id` = 282 LIMIT 1   [ RunTime:0.0004s ]
SQL: SELECT * FROM `wenjuan_result` WHERE `survey_id` = 282 LIMIT 1   [ RunTime:0.0004s ]
INFO: [ view_parse ] --START--
INFO: [ template_filter ] --START--
INFO: Run Behavior\ContentReplaceBehavior [ RunTime:0.000103s ]
INFO: [ template_filter ] --END-- [ RunTime:0.000182s ]
NOTIC: [8] Use of undefined constant survey_id - assumed 'survey_id' /home/ftp/1520/2014survey.twtstudio.com/2014survey.twtstudio.com/Application/Runtime/Cache/Home/e972e7ad52f020fe9d06b5dd10192311.php 第 24 行.
NOTIC: [8] Use of undefined constant title - assumed 'title' /home/ftp/1520/2014survey.twtstudio.com/2014survey.twtstudio.com/Application/Runtime/Cache/Home/e972e7ad52f020fe9d06b5dd10192311.php 第 25 行.
NOTIC: [8] Use of undefined constant description - assumed 'description' /home/ftp/1520/2014survey.twtstudio.com/2014survey.twtstudio.com/Application/Runtime/Cache/Home/e972e7ad52f020fe9d06b5dd10192311.php 第 31 行.
INFO: Run Behavior\ParseTemplateBehavior [ RunTime:0.014841s ]
INFO: [ view_parse ] --END-- [ RunTime:0.014914s ]
INFO: [ view_filter ] --START--
INFO: Run Behavior\WriteHtmlCacheBehavior [ RunTime:0.000484s ]
INFO: [ view_filter ] --END-- [ RunTime:0.000551s ]
INFO: [ app_end ] --START--
INFO: Run Behavior\ShowPageTraceBehavior [ RunTime:0.000638s ]
INFO: [ app_end ] --END-- [ RunTime:0.000709s ]

[ 2016-06-09T20:14:08+08:00 ] 127.0.0.1 /
INFO: [ app_init ] --START--
INFO: Run Behavior\BuildLiteBehavior [ RunTime:0.000020s ]
INFO: [ app_init ] --END-- [ RunTime:0.000485s ]
INFO: [ app_begin ] --START--
INFO: Run Behavior\ReadHtmlCacheBehavior [ RunTime:0.000825s ]
INFO: [ app_begin ] --END-- [ RunTime:0.000903s ]
SQL: SHOW COLUMNS FROM `wenjuan_main` [ RunTime:0.0009s ]
SQL: SELECT * FROM `wenjuan_main` WHERE `survey_status` = 1 ORDER BY hit desc LIMIT 5   [ RunTime:0.0004s ]
SQL: SELECT * FROM `wenjuan_main` WHERE `survey_status` = 1 ORDER BY fabu_time desc LIMIT 5   [ RunTime:0.0002s ]
INFO: [ view_parse ] --START--
INFO: [ template_filter ] --START--
INFO: Run Behavior\ContentReplaceBehavior [ RunTime:0.000112s ]
INFO: [ template_filter ] --END-- [ RunTime:0.000199s ]
INFO: Run Behavior\ParseTemplateBehavior [ RunTime:0.011946s ]
INFO: [ view_parse ] --END-- [ RunTime:0.012032s ]
INFO: [ view_filter ] --START--
INFO: Run Behavior\WriteHtmlCacheBehavior [ RunTime:0.000441s ]
INFO: [ view_filter ] --END-- [ RunTime:0.000537s ]
INFO: [ app_end ] --START--
INFO: Run Behavior\ShowPageTraceBehavior [ RunTime:0.000656s ]
INFO: [ app_end ] --END-- [ RunTime:0.000726s ]

[ 2016-06-09T20:22:40+08:00 ] 127.0.0.1 /
INFO: [ app_init ] --START--
INFO: Run Behavior\BuildLiteBehavior [ RunTime:0.000020s ]
INFO: [ app_init ] --END-- [ RunTime:0.000531s ]
INFO: [ app_begin ] --START--
INFO: Run Behavior\ReadHtmlCacheBehavior [ RunTime:0.000644s ]
INFO: [ app_begin ] --END-- [ RunTime:0.000719s ]
SQL: SHOW COLUMNS FROM `wenjuan_main` [ RunTime:0.0008s ]
SQL: SELECT * FROM `wenjuan_main` WHERE `survey_status` = 1 ORDER BY hit desc LIMIT 5   [ RunTime:0.0005s ]
SQL: SELECT * FROM `wenjuan_main` WHERE `survey_status` = 1 ORDER BY fabu_time desc LIMIT 5   [ RunTime:0.0003s ]
INFO: [ view_parse ] --START--
INFO: [ template_filter ] --START--
INFO: Run Behavior\ContentReplaceBehavior [ RunTime:0.000120s ]
INFO: [ template_filter ] --END-- [ RunTime:0.000207s ]
INFO: Run Behavior\ParseTemplateBehavior [ RunTime:0.012036s ]
INFO: [ view_parse ] --END-- [ RunTime:0.012122s ]
INFO: [ view_filter ] --START--
INFO: Run Behavior\WriteHtmlCacheBehavior [ RunTime:0.000444s ]
INFO: [ view_filter ] --END-- [ RunTime:0.000512s ]
INFO: [ app_end ] --START--
INFO: Run Behavior\ShowPageTraceBehavior [ RunTime:0.000637s ]
INFO: [ app_end ] --END-- [ RunTime:0.000712s ]

[ 2016-06-09T22:17:41+08:00 ] 127.0.0.1 /index.php/Fill/index/survey_id/281
INFO: [ app_init ] --START--
INFO: Run Behavior\BuildLiteBehavior [ RunTime:0.000020s ]
INFO: [ app_init ] --END-- [ RunTime:0.000490s ]
INFO: [ app_begin ] --START--
INFO: Run Behavior\ReadHtmlCacheBehavior [ RunTime:0.000592s ]
INFO: [ app_begin ] --END-- [ RunTime:0.000668s ]
SQL: SHOW COLUMNS FROM `wenjuan_main` [ RunTime:0.0009s ]
SQL: SELECT * FROM `wenjuan_main` WHERE `survey_id` = 281 LIMIT 1   [ RunTime:0.0004s ]
SQL: SHOW COLUMNS FROM `wenjuan_question` [ RunTime:0.0006s ]
SQL: SELECT * FROM `wenjuan_question` WHERE `survey_id` = 281  [ RunTime:0.0003s ]
SQL: SHOW COLUMNS FROM `wenjuan_option` [ RunTime:0.0006s ]
SQL: SELECT * FROM `wenjuan_option` WHERE `question_id` = 266 ORDER BY option_num  [ RunTime:0.0003s ]
SQL: SELECT * FROM `wenjuan_option` WHERE `question_id` = 267 ORDER BY option_num  [ RunTime:0.0004s ]
SQL: SELECT * FROM `wenjuan_option` WHERE `question_id` = 268 ORDER BY option_num  [ RunTime:0.0003s ]
SQL: SELECT * FROM `wenjuan_option` WHERE `question_id` = 269 ORDER BY option_num  [ RunTime:0.0003s ]
SQL: SELECT * FROM `wenjuan_option` WHERE `question_id` = 270 ORDER BY option_num  [ RunTime:0.0002s ]
SQL: SHOW COLUMNS FROM `wenjuan_result` [ RunTime:0.0006s ]
SQL: SELECT * FROM `wenjuan_result` WHERE `ip` = '220.181.108.155' AND `survey_id` = 281 LIMIT 1   [ RunTime:0.0003s ]
SQL: SELECT * FROM `wenjuan_result` WHERE `survey_id` = 281 LIMIT 1   [ RunTime:0.0002s ]
INFO: [ view_parse ] --START--
INFO: [ template_filter ] --START--
INFO: Run Behavior\ContentReplaceBehavior [ RunTime:0.000101s ]
INFO: [ template_filter ] --END-- [ RunTime:0.000189s ]
NOTIC: [8] Use of undefined constant survey_id - assumed 'survey_id' /home/ftp/1520/2014survey.twtstudio.com/2014survey.twtstudio.com/Application/Runtime/Cache/Home/e972e7ad52f020fe9d06b5dd10192311.php 第 24 行.
NOTIC: [8] Use of undefined constant title - assumed 'title' /home/ftp/1520/2014survey.twtstudio.com/2014survey.twtstudio.com/Application/Runtime/Cache/Home/e972e7ad52f020fe9d06b5dd10192311.php 第 25 行.
NOTIC: [8] Use of undefined constant description - assumed 'description' /home/ftp/1520/2014survey.twtstudio.com/2014survey.twtstudio.com/Application/Runtime/Cache/Home/e972e7ad52f020fe9d06b5dd10192311.php 第 31 行.
INFO: Run Behavior\ParseTemplateBehavior [ RunTime:0.015208s ]
INFO: [ view_parse ] --END-- [ RunTime:0.015288s ]
INFO: [ view_filter ] --START--
INFO: Run Behavior\WriteHtmlCacheBehavior [ RunTime:0.000444s ]
INFO: [ view_filter ] --END-- [ RunTime:0.000512s ]
INFO: [ app_end ] --START--
INFO: Run Behavior\ShowPageTraceBehavior [ RunTime:0.000488s ]
INFO: [ app_end ] --END-- [ RunTime:0.000564s ]

[ 2016-06-09T22:17:41+08:00 ] 127.0.0.1 /index.php/Index/index.html
INFO: [ app_init ] --START--
INFO: Run Behavior\BuildLiteBehavior [ RunTime:0.000019s ]
INFO: [ app_init ] --END-- [ RunTime:0.000441s ]
INFO: [ app_begin ] --START--
INFO: Run Behavior\ReadHtmlCacheBehavior [ RunTime:0.000585s ]
INFO: [ app_begin ] --END-- [ RunTime:0.000662s ]
SQL: SHOW COLUMNS FROM `wenjuan_main` [ RunTime:0.0007s ]
SQL: SELECT * FROM `wenjuan_main` WHERE `survey_status` = 1 ORDER BY hit desc LIMIT 5   [ RunTime:0.0003s ]
SQL: SELECT * FROM `wenjuan_main` WHERE `survey_status` = 1 ORDER BY fabu_time desc LIMIT 5   [ RunTime:0.0003s ]
INFO: [ view_parse ] --START--
INFO: [ template_filter ] --START--
INFO: Run Behavior\ContentReplaceBehavior [ RunTime:0.000114s ]
INFO: [ template_filter ] --END-- [ RunTime:0.000204s ]
INFO: Run Behavior\ParseTemplateBehavior [ RunTime:0.011973s ]
INFO: [ view_parse ] --END-- [ RunTime:0.012059s ]
INFO: [ view_filter ] --START--
INFO: Run Behavior\WriteHtmlCacheBehavior [ RunTime:0.000454s ]
INFO: [ view_filter ] --END-- [ RunTime:0.000523s ]
INFO: [ app_end ] --START--
INFO: Run Behavior\ShowPageTraceBehavior [ RunTime:0.000631s ]
INFO: [ app_end ] --END-- [ RunTime:0.000701s ]

[ 2016-06-09T22:32:43+08:00 ] 127.0.0.1 /
INFO: [ app_init ] --START--
INFO: Run Behavior\BuildLiteBehavior [ RunTime:0.000020s ]
INFO: [ app_init ] --END-- [ RunTime:0.000461s ]
INFO: [ app_begin ] --START--
INFO: Run Behavior\ReadHtmlCacheBehavior [ RunTime:0.000599s ]
INFO: [ app_begin ] --END-- [ RunTime:0.000676s ]
SQL: SHOW COLUMNS FROM `wenjuan_main` [ RunTime:0.0009s ]
SQL: SELECT * FROM `wenjuan_main` WHERE `survey_status` = 1 ORDER BY hit desc LIMIT 5   [ RunTime:0.0005s ]
SQL: SELECT * FROM `wenjuan_main` WHERE `survey_status` = 1 ORDER BY fabu_time desc LIMIT 5   [ RunTime:0.0002s ]
INFO: [ view_parse ] --START--
INFO: [ template_filter ] --START--
INFO: Run Behavior\ContentReplaceBehavior [ RunTime:0.000114s ]
INFO: [ template_filter ] --END-- [ RunTime:0.000214s ]
INFO: Run Behavior\ParseTemplateBehavior [ RunTime:0.013551s ]
INFO: [ view_parse ] --END-- [ RunTime:0.013640s ]
INFO: [ view_filter ] --START--
INFO: Run Behavior\WriteHtmlCacheBehavior [ RunTime:0.000451s ]
INFO: [ view_filter ] --END-- [ RunTime:0.000521s ]
INFO: [ app_end ] --START--
INFO: Run Behavior\ShowPageTraceBehavior [ RunTime:0.000637s ]
INFO: [ app_end ] --END-- [ RunTime:0.000708s ]

[ 2016-06-09T22:51:01+08:00 ] 127.0.0.1 /
INFO: [ app_init ] --START--
INFO: Run Behavior\BuildLiteBehavior [ RunTime:0.000020s ]
INFO: [ app_init ] --END-- [ RunTime:0.000520s ]
INFO: [ app_begin ] --START--
INFO: Run Behavior\ReadHtmlCacheBehavior [ RunTime:0.000588s ]
INFO: [ app_begin ] --END-- [ RunTime:0.000666s ]
SQL: SHOW COLUMNS FROM `wenjuan_main` [ RunTime:0.0010s ]
SQL: SELECT * FROM `wenjuan_main` WHERE `survey_status` = 1 ORDER BY hit desc LIMIT 5   [ RunTime:0.0005s ]
SQL: SELECT * FROM `wenjuan_main` WHERE `survey_status` = 1 ORDER BY fabu_time desc LIMIT 5   [ RunTime:0.0002s ]
INFO: [ view_parse ] --START--
INFO: [ template_filter ] --START--
INFO: Run Behavior\ContentReplaceBehavior [ RunTime:0.000111s ]
INFO: [ template_filter ] --END-- [ RunTime:0.000189s ]
INFO: Run Behavior\ParseTemplateBehavior [ RunTime:0.011731s ]
INFO: [ view_parse ] --END-- [ RunTime:0.011809s ]
INFO: [ view_filter ] --START--
INFO: Run Behavior\WriteHtmlCacheBehavior [ RunTime:0.000442s ]
INFO: [ view_filter ] --END-- [ RunTime:0.000511s ]
INFO: [ app_end ] --START--
INFO: Run Behavior\ShowPageTraceBehavior [ RunTime:0.000620s ]
INFO: [ app_end ] --END-- [ RunTime:0.000690s ]

[ 2016-06-09T23:56:01+08:00 ] 127.0.0.1 /
INFO: [ app_init ] --START--
INFO: Run Behavior\BuildLiteBehavior [ RunTime:0.000020s ]
INFO: [ app_init ] --END-- [ RunTime:0.000479s ]
INFO: [ app_begin ] --START--
INFO: Run Behavior\ReadHtmlCacheBehavior [ RunTime:0.000680s ]
INFO: [ app_begin ] --END-- [ RunTime:0.000764s ]
SQL: SHOW COLUMNS FROM `wenjuan_main` [ RunTime:0.0010s ]
SQL: SELECT * FROM `wenjuan_main` WHERE `survey_status` = 1 ORDER BY hit desc LIMIT 5   [ RunTime:0.0005s ]
SQL: SELECT * FROM `wenjuan_main` WHERE `survey_status` = 1 ORDER BY fabu_time desc LIMIT 5   [ RunTime:0.0002s ]
INFO: [ view_parse ] --START--
INFO: [ template_filter ] --START--
INFO: Run Behavior\ContentReplaceBehavior [ RunTime:0.000113s ]
INFO: [ template_filter ] --END-- [ RunTime:0.000199s ]
INFO: Run Behavior\ParseTemplateBehavior [ RunTime:0.012134s ]
INFO: [ view_parse ] --END-- [ RunTime:0.012221s ]
INFO: [ view_filter ] --START--
INFO: Run Behavior\WriteHtmlCacheBehavior [ RunTime:0.000438s ]
INFO: [ view_filter ] --END-- [ RunTime:0.000507s ]
INFO: [ app_end ] --START--
INFO: Run Behavior\ShowPageTraceBehavior [ RunTime:0.000640s ]
INFO: [ app_end ] --END-- [ RunTime:0.000709s ]

[ 2016-06-09T23:56:55+08:00 ] 127.0.0.1 /
INFO: [ app_init ] --START--
INFO: Run Behavior\BuildLiteBehavior [ RunTime:0.000021s ]
INFO: [ app_init ] --END-- [ RunTime:0.000460s ]
INFO: [ app_begin ] --START--
INFO: Run Behavior\ReadHtmlCacheBehavior [ RunTime:0.000594s ]
INFO: [ app_begin ] --END-- [ RunTime:0.000670s ]
SQL: SHOW COLUMNS FROM `wenjuan_main` [ RunTime:0.0009s ]
SQL: SELECT * FROM `wenjuan_main` WHERE `survey_status` = 1 ORDER BY hit desc LIMIT 5   [ RunTime:0.0005s ]
SQL: SELECT * FROM `wenjuan_main` WHERE `survey_status` = 1 ORDER BY fabu_time desc LIMIT 5   [ RunTime:0.0002s ]
INFO: [ view_parse ] --START--
INFO: [ template_filter ] --START--
INFO: Run Behavior\ContentReplaceBehavior [ RunTime:0.000118s ]
INFO: [ template_filter ] --END-- [ RunTime:0.000203s ]
INFO: Run Behavior\ParseTemplateBehavior [ RunTime:0.013261s ]
INFO: [ view_parse ] --END-- [ RunTime:0.013343s ]
INFO: [ view_filter ] --START--
INFO: Run Behavior\WriteHtmlCacheBehavior [ RunTime:0.000442s ]
INFO: [ view_filter ] --END-- [ RunTime:0.000511s ]
INFO: [ app_end ] --START--
INFO: Run Behavior\ShowPageTraceBehavior [ RunTime:0.000620s ]
INFO: [ app_end ] --END-- [ RunTime:0.000689s ]

