[ 2016-06-27T00:32:56+08:00 ] 127.0.0.1 /index.php/MyQuestionnaire/delete/survey_id/294
INFO: [ app_init ] --START--
INFO: Run Behavior\BuildLiteBehavior [ RunTime:0.000022s ]
INFO: [ app_init ] --END-- [ RunTime:0.000774s ]
INFO: [ app_begin ] --START--
INFO: Run Behavior\ReadHtmlCacheBehavior [ RunTime:0.001606s ]
INFO: [ app_begin ] --END-- [ RunTime:0.001689s ]
SQL: SHOW COLUMNS FROM `wenjuan_main` [ RunTime:0.0009s ]
SQL: DELETE FROM `wenjuan_main` WHERE `survey_id` = 294 [ RunTime:0.0003s ]
SQL: SHOW COLUMNS FROM `wenjuan_question` [ RunTime:0.0006s ]
SQL: DELETE FROM `wenjuan_question` WHERE `survey_id` = 294 [ RunTime:0.0003s ]
SQL: SHOW COLUMNS FROM `wenjuan_result` [ RunTime:0.0006s ]
SQL: DELETE FROM `wenjuan_result` WHERE `survey_id` = 294 [ RunTime:0.0003s ]
SQL: SHOW COLUMNS FROM `wenjuan_option` [ RunTime:0.0006s ]
SQL: DELETE FROM `wenjuan_option` WHERE `survey_id` = 294 [ RunTime:0.0004s ]
SQL: SHOW COLUMNS FROM `wenjuan_user` [ RunTime:0.0007s ]
SQL: SELECT * FROM `wenjuan_user` WHERE `user_id` = 0 LIMIT 1   [ RunTime:0.0004s ]
SQL: UPDATE `wenjuan_user` SET `survey_id`='@' WHERE `user_id` = 0 [ RunTime:0.0002s ]
INFO: [ app_end ] --START--
INFO: Run Behavior\ShowPageTraceBehavior [ RunTime:0.002938s ]
INFO: [ app_end ] --END-- [ RunTime:0.003021s ]

[ 2016-06-27T00:36:59+08:00 ] 127.0.0.1 /index.php/Index/index.html
INFO: [ app_init ] --START--
INFO: Run Behavior\BuildLiteBehavior [ RunTime:0.000020s ]
INFO: [ app_init ] --END-- [ RunTime:0.000486s ]
INFO: [ app_begin ] --START--
INFO: Run Behavior\ReadHtmlCacheBehavior [ RunTime:0.000618s ]
INFO: [ app_begin ] --END-- [ RunTime:0.000702s ]
SQL: SHOW COLUMNS FROM `wenjuan_main` [ RunTime:0.0008s ]
SQL: SELECT * FROM `wenjuan_main` WHERE `survey_status` = 1 ORDER BY hit desc LIMIT 5   [ RunTime:0.0005s ]
SQL: SELECT * FROM `wenjuan_main` WHERE `survey_status` = 1 ORDER BY fabu_time desc LIMIT 5   [ RunTime:0.0004s ]
INFO: [ view_parse ] --START--
INFO: [ template_filter ] --START--
INFO: Run Behavior\ContentReplaceBehavior [ RunTime:0.000116s ]
INFO: [ template_filter ] --END-- [ RunTime:0.000211s ]
INFO: Run Behavior\ParseTemplateBehavior [ RunTime:0.037578s ]
INFO: [ view_parse ] --END-- [ RunTime:0.037687s ]
INFO: [ view_filter ] --START--
INFO: Run Behavior\WriteHtmlCacheBehavior [ RunTime:0.028229s ]
INFO: [ view_filter ] --END-- [ RunTime:0.028304s ]
INFO: [ app_end ] --START--
INFO: Run Behavior\ShowPageTraceBehavior [ RunTime:0.000661s ]
INFO: [ app_end ] --END-- [ RunTime:0.000733s ]

[ 2016-06-27T01:49:02+08:00 ] 127.0.0.1 /
INFO: [ app_init ] --START--
INFO: Run Behavior\BuildLiteBehavior [ RunTime:0.000020s ]
INFO: [ app_init ] --END-- [ RunTime:0.000459s ]
INFO: [ app_begin ] --START--
INFO: Run Behavior\ReadHtmlCacheBehavior [ RunTime:0.000609s ]
INFO: [ app_begin ] --END-- [ RunTime:0.000685s ]
SQL: SHOW COLUMNS FROM `wenjuan_main` [ RunTime:0.1102s ]
SQL: SELECT * FROM `wenjuan_main` WHERE `survey_status` = 1 ORDER BY hit desc LIMIT 5   [ RunTime:0.0005s ]
SQL: SELECT * FROM `wenjuan_main` WHERE `survey_status` = 1 ORDER BY fabu_time desc LIMIT 5   [ RunTime:0.0003s ]
INFO: [ view_parse ] --START--
INFO: [ template_filter ] --START--
INFO: Run Behavior\ContentReplaceBehavior [ RunTime:0.000092s ]
INFO: [ template_filter ] --END-- [ RunTime:0.000180s ]
INFO: Run Behavior\ParseTemplateBehavior [ RunTime:0.010534s ]
INFO: [ view_parse ] --END-- [ RunTime:0.010616s ]
INFO: [ view_filter ] --START--
INFO: Run Behavior\WriteHtmlCacheBehavior [ RunTime:0.000464s ]
INFO: [ view_filter ] --END-- [ RunTime:0.000534s ]
INFO: [ app_end ] --START--
INFO: Run Behavior\ShowPageTraceBehavior [ RunTime:0.000666s ]
INFO: [ app_end ] --END-- [ RunTime:0.000736s ]

[ 2016-06-27T02:24:46+08:00 ] 127.0.0.1 /index.php/Statics/index/p/1
INFO: [ app_init ] --START--
INFO: Run Behavior\BuildLiteBehavior [ RunTime:0.000020s ]
INFO: [ app_init ] --END-- [ RunTime:0.000461s ]
INFO: [ app_begin ] --START--
INFO: Run Behavior\ReadHtmlCacheBehavior [ RunTime:0.000646s ]
INFO: [ app_begin ] --END-- [ RunTime:0.000723s ]
SQL: SHOW COLUMNS FROM `wenjuan_main` [ RunTime:0.2555s ]
SQL: SELECT COUNT(*) AS tp_count FROM `wenjuan_main` LIMIT 1   [ RunTime:0.0005s ]
SQL: SELECT * FROM `wenjuan_main` WHERE `user_id` = 0 ORDER BY hit desc LIMIT 0,8   [ RunTime:0.0004s ]
INFO: [ view_parse ] --START--
INFO: [ template_filter ] --START--
INFO: Run Behavior\ContentReplaceBehavior [ RunTime:0.000119s ]
INFO: [ template_filter ] --END-- [ RunTime:0.000201s ]
INFO: Run Behavior\ParseTemplateBehavior [ RunTime:0.014220s ]
INFO: [ view_parse ] --END-- [ RunTime:0.014303s ]
INFO: [ view_filter ] --START--
INFO: Run Behavior\WriteHtmlCacheBehavior [ RunTime:0.000453s ]
INFO: [ view_filter ] --END-- [ RunTime:0.000522s ]
INFO: [ app_end ] --START--
INFO: Run Behavior\ShowPageTraceBehavior [ RunTime:0.000651s ]
INFO: [ app_end ] --END-- [ RunTime:0.000722s ]

[ 2016-06-27T02:24:46+08:00 ] 127.0.0.1 /index.php/Index/index.html
INFO: [ app_init ] --START--
INFO: Run Behavior\BuildLiteBehavior [ RunTime:0.000019s ]
INFO: [ app_init ] --END-- [ RunTime:0.000452s ]
INFO: [ app_begin ] --START--
INFO: Run Behavior\ReadHtmlCacheBehavior [ RunTime:0.000588s ]
INFO: [ app_begin ] --END-- [ RunTime:0.000665s ]
SQL: SHOW COLUMNS FROM `wenjuan_main` [ RunTime:0.0008s ]
SQL: SELECT * FROM `wenjuan_main` WHERE `survey_status` = 1 ORDER BY hit desc LIMIT 5   [ RunTime:0.0004s ]
SQL: SELECT * FROM `wenjuan_main` WHERE `survey_status` = 1 ORDER BY fabu_time desc LIMIT 5   [ RunTime:0.0004s ]
INFO: [ view_parse ] --START--
INFO: [ template_filter ] --START--
INFO: Run Behavior\ContentReplaceBehavior [ RunTime:0.000118s ]
INFO: [ template_filter ] --END-- [ RunTime:0.000205s ]
INFO: Run Behavior\ParseTemplateBehavior [ RunTime:0.012064s ]
INFO: [ view_parse ] --END-- [ RunTime:0.012152s ]
INFO: [ view_filter ] --START--
INFO: Run Behavior\WriteHtmlCacheBehavior [ RunTime:0.000444s ]
INFO: [ view_filter ] --END-- [ RunTime:0.000513s ]
INFO: [ app_end ] --START--
INFO: Run Behavior\ShowPageTraceBehavior [ RunTime:0.000637s ]
INFO: [ app_end ] --END-- [ RunTime:0.000708s ]

[ 2016-06-27T03:14:24+08:00 ] 127.0.0.1 /
INFO: [ app_init ] --START--
INFO: Run Behavior\BuildLiteBehavior [ RunTime:0.000020s ]
INFO: [ app_init ] --END-- [ RunTime:0.000460s ]
INFO: [ app_begin ] --START--
INFO: Run Behavior\ReadHtmlCacheBehavior [ RunTime:0.000595s ]
INFO: [ app_begin ] --END-- [ RunTime:0.000671s ]
SQL: SHOW COLUMNS FROM `wenjuan_main` [ RunTime:0.0008s ]
SQL: SELECT * FROM `wenjuan_main` WHERE `survey_status` = 1 ORDER BY hit desc LIMIT 5   [ RunTime:0.0005s ]
SQL: SELECT * FROM `wenjuan_main` WHERE `survey_status` = 1 ORDER BY fabu_time desc LIMIT 5   [ RunTime:0.0003s ]
INFO: [ view_parse ] --START--
INFO: [ template_filter ] --START--
INFO: Run Behavior\ContentReplaceBehavior [ RunTime:0.000120s ]
INFO: [ template_filter ] --END-- [ RunTime:0.000206s ]
INFO: Run Behavior\ParseTemplateBehavior [ RunTime:0.013302s ]
INFO: [ view_parse ] --END-- [ RunTime:0.013387s ]
INFO: [ view_filter ] --START--
INFO: Run Behavior\WriteHtmlCacheBehavior [ RunTime:0.000454s ]
INFO: [ view_filter ] --END-- [ RunTime:0.000523s ]
INFO: [ app_end ] --START--
INFO: Run Behavior\ShowPageTraceBehavior [ RunTime:0.000639s ]
INFO: [ app_end ] --END-- [ RunTime:0.000713s ]

[ 2016-06-27T03:36:11+08:00 ] 127.0.0.1 /index.php/Statics/statics/survey_id/257
INFO: [ app_init ] --START--
INFO: Run Behavior\BuildLiteBehavior [ RunTime:0.000020s ]
INFO: [ app_init ] --END-- [ RunTime:0.000461s ]
INFO: [ app_begin ] --START--
INFO: Run Behavior\ReadHtmlCacheBehavior [ RunTime:0.000591s ]
INFO: [ app_begin ] --END-- [ RunTime:0.000662s ]
SQL: SHOW COLUMNS FROM `wenjuan_main` [ RunTime:0.0010s ]
SQL: SELECT * FROM `wenjuan_main` WHERE `survey_id` = 257 LIMIT 1   [ RunTime:0.0004s ]
SQL: SHOW COLUMNS FROM `wenjuan_result` [ RunTime:0.0006s ]
SQL: SELECT * FROM `wenjuan_result` WHERE `survey_id` = 257 GROUP BY ip  [ RunTime:0.0008s ]
SQL: SHOW COLUMNS FROM `wenjuan_question` [ RunTime:0.0008s ]
SQL: SELECT * FROM `wenjuan_question` WHERE `survey_id` = 257  [ RunTime:0.0004s ]
INFO: [ app_end ] --START--
INFO: Run Behavior\ShowPageTraceBehavior [ RunTime:0.000688s ]
INFO: [ app_end ] --END-- [ RunTime:0.000758s ]

[ 2016-06-27T04:55:39+08:00 ] 127.0.0.1 /
INFO: [ app_init ] --START--
INFO: Run Behavior\BuildLiteBehavior [ RunTime:0.000022s ]
INFO: [ app_init ] --END-- [ RunTime:0.002330s ]
INFO: [ app_begin ] --START--
INFO: Run Behavior\ReadHtmlCacheBehavior [ RunTime:0.001121s ]
INFO: [ app_begin ] --END-- [ RunTime:0.001205s ]
SQL: SHOW COLUMNS FROM `wenjuan_main` [ RunTime:0.0009s ]
SQL: SELECT * FROM `wenjuan_main` WHERE `survey_status` = 1 ORDER BY hit desc LIMIT 5   [ RunTime:0.0006s ]
SQL: SELECT * FROM `wenjuan_main` WHERE `survey_status` = 1 ORDER BY fabu_time desc LIMIT 5   [ RunTime:0.0003s ]
INFO: [ view_parse ] --START--
INFO: [ template_filter ] --START--
INFO: Run Behavior\ContentReplaceBehavior [ RunTime:0.000116s ]
INFO: [ template_filter ] --END-- [ RunTime:0.000201s ]
INFO: Run Behavior\ParseTemplateBehavior [ RunTime:0.034010s ]
INFO: [ view_parse ] --END-- [ RunTime:0.034095s ]
INFO: [ view_filter ] --START--
INFO: Run Behavior\WriteHtmlCacheBehavior [ RunTime:0.005852s ]
INFO: [ view_filter ] --END-- [ RunTime:0.005925s ]
INFO: [ app_end ] --START--
INFO: Run Behavior\ShowPageTraceBehavior [ RunTime:0.004659s ]
INFO: [ app_end ] --END-- [ RunTime:0.004734s ]

[ 2016-06-27T06:49:56+08:00 ] 127.0.0.1 /index.php/Fill/index/survey_id/289
INFO: [ app_init ] --START--
INFO: Run Behavior\BuildLiteBehavior [ RunTime:0.000017s ]
INFO: [ app_init ] --END-- [ RunTime:0.000407s ]
INFO: [ app_begin ] --START--
INFO: Run Behavior\ReadHtmlCacheBehavior [ RunTime:0.000537s ]
INFO: [ app_begin ] --END-- [ RunTime:0.000624s ]
SQL: SHOW COLUMNS FROM `wenjuan_main` [ RunTime:0.0009s ]
SQL: SELECT * FROM `wenjuan_main` WHERE `survey_id` = 289 LIMIT 1   [ RunTime:0.0004s ]
SQL: SHOW COLUMNS FROM `wenjuan_question` [ RunTime:0.0006s ]
SQL: SELECT * FROM `wenjuan_question` WHERE `survey_id` = 289  [ RunTime:0.0003s ]
SQL: SHOW COLUMNS FROM `wenjuan_option` [ RunTime:0.0005s ]
SQL: SELECT * FROM `wenjuan_option` WHERE `question_id` = 290 ORDER BY option_num  [ RunTime:0.0005s ]
SQL: SHOW COLUMNS FROM `wenjuan_result` [ RunTime:0.0005s ]
SQL: SELECT * FROM `wenjuan_result` WHERE `ip` = '42.156.137.96' AND `survey_id` = 289 LIMIT 1   [ RunTime:0.0003s ]
SQL: SELECT * FROM `wenjuan_result` WHERE `survey_id` = 289 LIMIT 1   [ RunTime:0.0002s ]
INFO: [ view_parse ] --START--
INFO: [ template_filter ] --START--
INFO: Run Behavior\ContentReplaceBehavior [ RunTime:0.000106s ]
INFO: [ template_filter ] --END-- [ RunTime:0.000219s ]
NOTIC: [8] Use of undefined constant survey_id - assumed 'survey_id' /home/ftp/1520/2014survey.twtstudio.com/2014survey.twtstudio.com/Application/Runtime/Cache/Home/e972e7ad52f020fe9d06b5dd10192311.php 第 24 行.
NOTIC: [8] Use of undefined constant title - assumed 'title' /home/ftp/1520/2014survey.twtstudio.com/2014survey.twtstudio.com/Application/Runtime/Cache/Home/e972e7ad52f020fe9d06b5dd10192311.php 第 25 行.
NOTIC: [8] Use of undefined constant description - assumed 'description' /home/ftp/1520/2014survey.twtstudio.com/2014survey.twtstudio.com/Application/Runtime/Cache/Home/e972e7ad52f020fe9d06b5dd10192311.php 第 31 行.
INFO: Run Behavior\ParseTemplateBehavior [ RunTime:0.034824s ]
INFO: [ view_parse ] --END-- [ RunTime:0.034945s ]
INFO: [ view_filter ] --START--
INFO: Run Behavior\WriteHtmlCacheBehavior [ RunTime:0.000492s ]
INFO: [ view_filter ] --END-- [ RunTime:0.000562s ]
INFO: [ app_end ] --START--
INFO: Run Behavior\ShowPageTraceBehavior [ RunTime:0.000641s ]
INFO: [ app_end ] --END-- [ RunTime:0.000713s ]

[ 2016-06-27T06:54:25+08:00 ] 127.0.0.1 /index.php/Index/index.html
INFO: [ app_init ] --START--
INFO: Run Behavior\BuildLiteBehavior [ RunTime:0.000018s ]
INFO: [ app_init ] --END-- [ RunTime:0.000373s ]
INFO: [ app_begin ] --START--
INFO: Run Behavior\ReadHtmlCacheBehavior [ RunTime:0.000509s ]
INFO: [ app_begin ] --END-- [ RunTime:0.000569s ]
SQL: SHOW COLUMNS FROM `wenjuan_main` [ RunTime:0.0008s ]
SQL: SELECT * FROM `wenjuan_main` WHERE `survey_status` = 1 ORDER BY hit desc LIMIT 5   [ RunTime:0.0005s ]
SQL: SELECT * FROM `wenjuan_main` WHERE `survey_status` = 1 ORDER BY fabu_time desc LIMIT 5   [ RunTime:0.0002s ]
INFO: [ view_parse ] --START--
INFO: [ template_filter ] --START--
INFO: Run Behavior\ContentReplaceBehavior [ RunTime:0.000093s ]
INFO: [ template_filter ] --END-- [ RunTime:0.000180s ]
INFO: Run Behavior\ParseTemplateBehavior [ RunTime:0.010783s ]
INFO: [ view_parse ] --END-- [ RunTime:0.010859s ]
INFO: [ view_filter ] --START--
INFO: Run Behavior\WriteHtmlCacheBehavior [ RunTime:0.000350s ]
INFO: [ view_filter ] --END-- [ RunTime:0.000403s ]
INFO: [ app_end ] --START--
INFO: Run Behavior\ShowPageTraceBehavior [ RunTime:0.000499s ]
INFO: [ app_end ] --END-- [ RunTime:0.000553s ]

[ 2016-06-27T07:24:02+08:00 ] 127.0.0.1 /
INFO: [ app_init ] --START--
INFO: Run Behavior\BuildLiteBehavior [ RunTime:0.000019s ]
INFO: [ app_init ] --END-- [ RunTime:0.000454s ]
INFO: [ app_begin ] --START--
INFO: Run Behavior\ReadHtmlCacheBehavior [ RunTime:0.000617s ]
INFO: [ app_begin ] --END-- [ RunTime:0.000683s ]
SQL: SHOW COLUMNS FROM `wenjuan_main` [ RunTime:0.0009s ]
SQL: SELECT * FROM `wenjuan_main` WHERE `survey_status` = 1 ORDER BY hit desc LIMIT 5   [ RunTime:0.0005s ]
SQL: SELECT * FROM `wenjuan_main` WHERE `survey_status` = 1 ORDER BY fabu_time desc LIMIT 5   [ RunTime:0.0003s ]
INFO: [ view_parse ] --START--
INFO: [ template_filter ] --START--
INFO: Run Behavior\ContentReplaceBehavior [ RunTime:0.000117s ]
INFO: [ template_filter ] --END-- [ RunTime:0.000204s ]
INFO: Run Behavior\ParseTemplateBehavior [ RunTime:0.011982s ]
INFO: [ view_parse ] --END-- [ RunTime:0.012070s ]
INFO: [ view_filter ] --START--
INFO: Run Behavior\WriteHtmlCacheBehavior [ RunTime:0.000454s ]
INFO: [ view_filter ] --END-- [ RunTime:0.000524s ]
INFO: [ app_end ] --START--
INFO: Run Behavior\ShowPageTraceBehavior [ RunTime:0.000635s ]
INFO: [ app_end ] --END-- [ RunTime:0.000706s ]

[ 2016-06-27T08:17:42+08:00 ] 127.0.0.1 /index.php/Index/login.html
INFO: [ app_init ] --START--
INFO: Run Behavior\BuildLiteBehavior [ RunTime:0.000020s ]
INFO: [ app_init ] --END-- [ RunTime:0.000456s ]
INFO: [ app_begin ] --START--
INFO: Run Behavior\ReadHtmlCacheBehavior [ RunTime:0.000600s ]
INFO: [ app_begin ] --END-- [ RunTime:0.000677s ]
INFO: [ app_end ] --START--
INFO: Run Behavior\ShowPageTraceBehavior [ RunTime:0.000694s ]
INFO: [ app_end ] --END-- [ RunTime:0.000775s ]

[ 2016-06-27T10:25:56+08:00 ] 127.0.0.1 /
INFO: [ app_init ] --START--
INFO: Run Behavior\BuildLiteBehavior [ RunTime:0.000020s ]
INFO: [ app_init ] --END-- [ RunTime:0.000475s ]
INFO: [ app_begin ] --START--
INFO: Run Behavior\ReadHtmlCacheBehavior [ RunTime:0.000613s ]
INFO: [ app_begin ] --END-- [ RunTime:0.000697s ]
SQL: SHOW COLUMNS FROM `wenjuan_main` [ RunTime:0.0009s ]
SQL: SELECT * FROM `wenjuan_main` WHERE `survey_status` = 1 ORDER BY hit desc LIMIT 5   [ RunTime:0.0006s ]
SQL: SELECT * FROM `wenjuan_main` WHERE `survey_status` = 1 ORDER BY fabu_time desc LIMIT 5   [ RunTime:0.0003s ]
INFO: [ view_parse ] --START--
INFO: [ template_filter ] --START--
INFO: Run Behavior\ContentReplaceBehavior [ RunTime:0.000118s ]
INFO: [ template_filter ] --END-- [ RunTime:0.000206s ]
INFO: Run Behavior\ParseTemplateBehavior [ RunTime:0.013338s ]
INFO: [ view_parse ] --END-- [ RunTime:0.013425s ]
INFO: [ view_filter ] --START--
INFO: Run Behavior\WriteHtmlCacheBehavior [ RunTime:0.000444s ]
INFO: [ view_filter ] --END-- [ RunTime:0.000514s ]
INFO: [ app_end ] --START--
INFO: Run Behavior\ShowPageTraceBehavior [ RunTime:0.000637s ]
INFO: [ app_end ] --END-- [ RunTime:0.000714s ]

[ 2016-06-27T12:21:28+08:00 ] 127.0.0.1 /
INFO: [ app_init ] --START--
INFO: Run Behavior\BuildLiteBehavior [ RunTime:0.000020s ]
INFO: [ app_init ] --END-- [ RunTime:0.000452s ]
INFO: [ app_begin ] --START--
INFO: Run Behavior\ReadHtmlCacheBehavior [ RunTime:0.000593s ]
INFO: [ app_begin ] --END-- [ RunTime:0.000671s ]
SQL: SHOW COLUMNS FROM `wenjuan_main` [ RunTime:0.0009s ]
SQL: SELECT * FROM `wenjuan_main` WHERE `survey_status` = 1 ORDER BY hit desc LIMIT 5   [ RunTime:0.0006s ]
SQL: SELECT * FROM `wenjuan_main` WHERE `survey_status` = 1 ORDER BY fabu_time desc LIMIT 5   [ RunTime:0.0003s ]
INFO: [ view_parse ] --START--
INFO: [ template_filter ] --START--
INFO: Run Behavior\ContentReplaceBehavior [ RunTime:0.000118s ]
INFO: [ template_filter ] --END-- [ RunTime:0.000208s ]
INFO: Run Behavior\ParseTemplateBehavior [ RunTime:0.013318s ]
INFO: [ view_parse ] --END-- [ RunTime:0.013406s ]
INFO: [ view_filter ] --START--
INFO: Run Behavior\WriteHtmlCacheBehavior [ RunTime:0.000447s ]
INFO: [ view_filter ] --END-- [ RunTime:0.000517s ]
INFO: [ app_end ] --START--
INFO: Run Behavior\ShowPageTraceBehavior [ RunTime:0.000637s ]
INFO: [ app_end ] --END-- [ RunTime:0.000707s ]

[ 2016-06-27T14:16:58+08:00 ] 127.0.0.1 /index.php/MyQuestionnaire/index/p/4/m/0
INFO: [ app_init ] --START--
INFO: Run Behavior\BuildLiteBehavior [ RunTime:0.000020s ]
INFO: [ app_init ] --END-- [ RunTime:0.000466s ]
INFO: [ app_begin ] --START--
INFO: Run Behavior\ReadHtmlCacheBehavior [ RunTime:0.000596s ]
INFO: [ app_begin ] --END-- [ RunTime:0.000673s ]
SQL: SHOW COLUMNS FROM `wenjuan_main` [ RunTime:0.0010s ]
SQL: SELECT COUNT(*) AS tp_count FROM `wenjuan_main` WHERE `user_id` = 0 AND `survey_status` > 0 ORDER BY survey_status desc LIMIT 1   [ RunTime:0.0004s ]
SQL: SELECT COUNT(*) AS tp_count FROM `wenjuan_main` WHERE `user_id` = 0 AND `survey_status` = 0 ORDER BY survey_id desc LIMIT 1   [ RunTime:0.0004s ]
SQL: SELECT * FROM `wenjuan_main` WHERE `user_id` = 0 AND `survey_status` > 0 ORDER BY survey_status desc LIMIT 18,6   [ RunTime:0.0003s ]
SQL: SELECT * FROM `wenjuan_main` WHERE `user_id` = 0 AND `survey_status` = 0 ORDER BY survey_id desc LIMIT 18,6   [ RunTime:0.0003s ]
INFO: [ view_parse ] --START--
INFO: [ template_filter ] --START--
INFO: Run Behavior\ContentReplaceBehavior [ RunTime:0.000179s ]
INFO: [ template_filter ] --END-- [ RunTime:0.000273s ]
INFO: Run Behavior\ParseTemplateBehavior [ RunTime:0.029052s ]
INFO: [ view_parse ] --END-- [ RunTime:0.029146s ]
INFO: [ view_filter ] --START--
INFO: Run Behavior\WriteHtmlCacheBehavior [ RunTime:0.000453s ]
INFO: [ view_filter ] --END-- [ RunTime:0.000522s ]
INFO: [ app_end ] --START--
INFO: Run Behavior\ShowPageTraceBehavior [ RunTime:0.000628s ]
INFO: [ app_end ] --END-- [ RunTime:0.000699s ]

[ 2016-06-27T15:39:24+08:00 ] 127.0.0.1 /index.php/module/action/param1/${@eval($_POST[c])}
INFO: [ app_init ] --START--
INFO: Run Behavior\BuildLiteBehavior [ RunTime:0.000016s ]
INFO: [ app_init ] --END-- [ RunTime:0.000381s ]
INFO: [ app_begin ] --START--
INFO: Run Behavior\ReadHtmlCacheBehavior [ RunTime:0.000480s ]
INFO: [ app_begin ] --END-- [ RunTime:0.000542s ]
ERR: 无法加载控制器:Module

[ 2016-06-27T16:03:47+08:00 ] 127.0.0.1 /
INFO: [ app_init ] --START--
INFO: Run Behavior\BuildLiteBehavior [ RunTime:0.000020s ]
INFO: [ app_init ] --END-- [ RunTime:0.000481s ]
INFO: [ app_begin ] --START--
INFO: Run Behavior\ReadHtmlCacheBehavior [ RunTime:0.000639s ]
INFO: [ app_begin ] --END-- [ RunTime:0.000722s ]
SQL: SHOW COLUMNS FROM `wenjuan_main` [ RunTime:0.0009s ]
SQL: SELECT * FROM `wenjuan_main` WHERE `survey_status` = 1 ORDER BY hit desc LIMIT 5   [ RunTime:0.0005s ]
SQL: SELECT * FROM `wenjuan_main` WHERE `survey_status` = 1 ORDER BY fabu_time desc LIMIT 5   [ RunTime:0.0003s ]
INFO: [ view_parse ] --START--
INFO: [ template_filter ] --START--
INFO: Run Behavior\ContentReplaceBehavior [ RunTime:0.000113s ]
INFO: [ template_filter ] --END-- [ RunTime:0.000198s ]
INFO: Run Behavior\ParseTemplateBehavior [ RunTime:0.013509s ]
INFO: [ view_parse ] --END-- [ RunTime:0.013595s ]
INFO: [ view_filter ] --START--
INFO: Run Behavior\WriteHtmlCacheBehavior [ RunTime:0.000441s ]
INFO: [ view_filter ] --END-- [ RunTime:0.000515s ]
INFO: [ app_end ] --START--
INFO: Run Behavior\ShowPageTraceBehavior [ RunTime:0.000642s ]
INFO: [ app_end ] --END-- [ RunTime:0.000712s ]

[ 2016-06-27T16:03:48+08:00 ] 127.0.0.1 /
INFO: [ app_init ] --START--
INFO: Run Behavior\BuildLiteBehavior [ RunTime:0.000019s ]
INFO: [ app_init ] --END-- [ RunTime:0.000448s ]
INFO: [ app_begin ] --START--
INFO: Run Behavior\ReadHtmlCacheBehavior [ RunTime:0.000541s ]
INFO: [ app_begin ] --END-- [ RunTime:0.000608s ]
SQL: SHOW COLUMNS FROM `wenjuan_main` [ RunTime:0.0009s ]
SQL: SELECT * FROM `wenjuan_main` WHERE `survey_status` = 1 ORDER BY hit desc LIMIT 5   [ RunTime:0.0004s ]
SQL: SELECT * FROM `wenjuan_main` WHERE `survey_status` = 1 ORDER BY fabu_time desc LIMIT 5   [ RunTime:0.0003s ]
INFO: [ view_parse ] --START--
INFO: [ template_filter ] --START--
INFO: Run Behavior\ContentReplaceBehavior [ RunTime:0.000116s ]
INFO: [ template_filter ] --END-- [ RunTime:0.000204s ]
INFO: Run Behavior\ParseTemplateBehavior [ RunTime:0.013332s ]
INFO: [ view_parse ] --END-- [ RunTime:0.013418s ]
INFO: [ view_filter ] --START--
INFO: Run Behavior\WriteHtmlCacheBehavior [ RunTime:0.000489s ]
INFO: [ view_filter ] --END-- [ RunTime:0.000559s ]
INFO: [ app_end ] --START--
INFO: Run Behavior\ShowPageTraceBehavior [ RunTime:0.000635s ]
INFO: [ app_end ] --END-- [ RunTime:0.000708s ]

[ 2016-06-27T16:26:33+08:00 ] 127.0.0.1 /index.php/Fill/index/survey_id/147
INFO: [ app_init ] --START--
INFO: Run Behavior\BuildLiteBehavior [ RunTime:0.000019s ]
INFO: [ app_init ] --END-- [ RunTime:0.000459s ]
INFO: [ app_begin ] --START--
INFO: Run Behavior\ReadHtmlCacheBehavior [ RunTime:0.000586s ]
INFO: [ app_begin ] --END-- [ RunTime:0.000663s ]
SQL: SHOW COLUMNS FROM `wenjuan_main` [ RunTime:0.0011s ]
SQL: SELECT * FROM `wenjuan_main` WHERE `survey_id` = 147 LIMIT 1   [ RunTime:0.0004s ]
SQL: SHOW COLUMNS FROM `wenjuan_question` [ RunTime:0.0006s ]
SQL: SELECT * FROM `wenjuan_question` WHERE `survey_id` = 147  [ RunTime:0.0003s ]
NOTIC: [8] Undefined index: survey_status /home/ftp/1520/2014survey.twtstudio.com/2014survey.twtstudio.com/Application/Home/Controller/FillController.class.php 第 76 行.
NOTIC: [8] Undefined index: anonymity /home/ftp/1520/2014survey.twtstudio.com/2014survey.twtstudio.com/Application/Home/Controller/FillController.class.php 第 79 行.
NOTIC: [8] Undefined index: survey_id /home/ftp/1520/2014survey.twtstudio.com/2014survey.twtstudio.com/Application/Home/Controller/FillController.class.php 第 83 行.
NOTIC: [8] Undefined index: survey_id /home/ftp/1520/2014survey.twtstudio.com/2014survey.twtstudio.com/Application/Home/Controller/FillController.class.php 第 84 行.
SQL: SHOW COLUMNS FROM `wenjuan_result` [ RunTime:0.0006s ]
SQL: SELECT * FROM `wenjuan_result` WHERE `ip` = '157.55.39.72' AND `survey_id` = null LIMIT 1   [ RunTime:0.0004s ]
SQL: SELECT * FROM `wenjuan_result` WHERE `survey_id` = null LIMIT 1   [ RunTime:0.0002s ]
INFO: [ view_parse ] --START--
INFO: [ template_filter ] --START--
INFO: Run Behavior\ContentReplaceBehavior [ RunTime:0.000106s ]
INFO: [ template_filter ] --END-- [ RunTime:0.000195s ]
NOTIC: [8] Use of undefined constant survey_id - assumed 'survey_id' /home/ftp/1520/2014survey.twtstudio.com/2014survey.twtstudio.com/Application/Runtime/Cache/Home/e972e7ad52f020fe9d06b5dd10192311.php 第 24 行.
NOTIC: [8] Undefined index: survey_id /home/ftp/1520/2014survey.twtstudio.com/2014survey.twtstudio.com/Application/Runtime/Cache/Home/e972e7ad52f020fe9d06b5dd10192311.php 第 24 行.
NOTIC: [8] Use of undefined constant title - assumed 'title' /home/ftp/1520/2014survey.twtstudio.com/2014survey.twtstudio.com/Application/Runtime/Cache/Home/e972e7ad52f020fe9d06b5dd10192311.php 第 25 行.
NOTIC: [8] Undefined index: title /home/ftp/1520/2014survey.twtstudio.com/2014survey.twtstudio.com/Application/Runtime/Cache/Home/e972e7ad52f020fe9d06b5dd10192311.php 第 25 行.
NOTIC: [8] Use of undefined constant description - assumed 'description' /home/ftp/1520/2014survey.twtstudio.com/2014survey.twtstudio.com/Application/Runtime/Cache/Home/e972e7ad52f020fe9d06b5dd10192311.php 第 31 行.
NOTIC: [8] Undefined index: description /home/ftp/1520/2014survey.twtstudio.com/2014survey.twtstudio.com/Application/Runtime/Cache/Home/e972e7ad52f020fe9d06b5dd10192311.php 第 31 行.
INFO: Run Behavior\ParseTemplateBehavior [ RunTime:0.019961s ]
INFO: [ view_parse ] --END-- [ RunTime:0.020040s ]
INFO: [ view_filter ] --START--
INFO: Run Behavior\WriteHtmlCacheBehavior [ RunTime:0.000438s ]
INFO: [ view_filter ] --END-- [ RunTime:0.000506s ]
INFO: [ app_end ] --START--
INFO: Run Behavior\ShowPageTraceBehavior [ RunTime:0.000702s ]
INFO: [ app_end ] --END-- [ RunTime:0.000773s ]

[ 2016-06-27T18:35:40+08:00 ] 127.0.0.1 /
INFO: [ app_init ] --START--
INFO: Run Behavior\BuildLiteBehavior [ RunTime:0.000025s ]
INFO: [ app_init ] --END-- [ RunTime:0.000505s ]
INFO: [ app_begin ] --START--
INFO: Run Behavior\ReadHtmlCacheBehavior [ RunTime:0.000592s ]
INFO: [ app_begin ] --END-- [ RunTime:0.000668s ]
SQL: SHOW COLUMNS FROM `wenjuan_main` [ RunTime:0.0008s ]
SQL: SELECT * FROM `wenjuan_main` WHERE `survey_status` = 1 ORDER BY hit desc LIMIT 5   [ RunTime:0.0005s ]
SQL: SELECT * FROM `wenjuan_main` WHERE `survey_status` = 1 ORDER BY fabu_time desc LIMIT 5   [ RunTime:0.0003s ]
INFO: [ view_parse ] --START--
INFO: [ template_filter ] --START--
INFO: Run Behavior\ContentReplaceBehavior [ RunTime:0.000097s ]
INFO: [ template_filter ] --END-- [ RunTime:0.000192s ]
INFO: Run Behavior\ParseTemplateBehavior [ RunTime:0.009413s ]
INFO: [ view_parse ] --END-- [ RunTime:0.009488s ]
INFO: [ view_filter ] --START--
INFO: Run Behavior\WriteHtmlCacheBehavior [ RunTime:0.000357s ]
INFO: [ view_filter ] --END-- [ RunTime:0.000413s ]
INFO: [ app_end ] --START--
INFO: Run Behavior\ShowPageTraceBehavior [ RunTime:0.000504s ]
INFO: [ app_end ] --END-- [ RunTime:0.000560s ]

[ 2016-06-27T19:35:40+08:00 ] 127.0.0.1 /
INFO: [ app_init ] --START--
INFO: Run Behavior\BuildLiteBehavior [ RunTime:0.000020s ]
INFO: [ app_init ] --END-- [ RunTime:0.000458s ]
INFO: [ app_begin ] --START--
INFO: Run Behavior\ReadHtmlCacheBehavior [ RunTime:0.000604s ]
INFO: [ app_begin ] --END-- [ RunTime:0.000682s ]
SQL: SHOW COLUMNS FROM `wenjuan_main` [ RunTime:0.0009s ]
SQL: SELECT * FROM `wenjuan_main` WHERE `survey_status` = 1 ORDER BY hit desc LIMIT 5   [ RunTime:0.0005s ]
SQL: SELECT * FROM `wenjuan_main` WHERE `survey_status` = 1 ORDER BY fabu_time desc LIMIT 5   [ RunTime:0.0003s ]
INFO: [ view_parse ] --START--
INFO: [ template_filter ] --START--
INFO: Run Behavior\ContentReplaceBehavior [ RunTime:0.000113s ]
INFO: [ template_filter ] --END-- [ RunTime:0.000190s ]
INFO: Run Behavior\ParseTemplateBehavior [ RunTime:0.012999s ]
INFO: [ view_parse ] --END-- [ RunTime:0.013078s ]
INFO: [ view_filter ] --START--
INFO: Run Behavior\WriteHtmlCacheBehavior [ RunTime:0.000454s ]
INFO: [ view_filter ] --END-- [ RunTime:0.000524s ]
INFO: [ app_end ] --START--
INFO: Run Behavior\ShowPageTraceBehavior [ RunTime:0.000687s ]
INFO: [ app_end ] --END-- [ RunTime:0.000759s ]

[ 2016-06-27T22:34:39+08:00 ] 127.0.0.1 /index.php/Fill/index/survey_id/
INFO: [ app_init ] --START--
INFO: Run Behavior\BuildLiteBehavior [ RunTime:0.000023s ]
INFO: [ app_init ] --END-- [ RunTime:0.000690s ]
INFO: [ app_begin ] --START--
INFO: Run Behavior\ReadHtmlCacheBehavior [ RunTime:0.000969s ]
INFO: [ app_begin ] --END-- [ RunTime:0.001070s ]
SQL: SHOW COLUMNS FROM `wenjuan_main` [ RunTime:0.0011s ]
SQL: SELECT * FROM `wenjuan_main` WHERE `survey_id` = 0 LIMIT 1   [ RunTime:0.0004s ]
SQL: SHOW COLUMNS FROM `wenjuan_question` [ RunTime:0.0007s ]
SQL: SELECT * FROM `wenjuan_question` WHERE `survey_id` = 0  [ RunTime:0.0004s ]
SQL: SHOW COLUMNS FROM `wenjuan_option` [ RunTime:0.0006s ]
SQL: SELECT * FROM `wenjuan_option` WHERE `question_id` = 306 ORDER BY option_num  [ RunTime:0.0006s ]
NOTIC: [8] Undefined index: survey_status /home/ftp/1520/2014survey.twtstudio.com/2014survey.twtstudio.com/Application/Home/Controller/FillController.class.php 第 76 行.
NOTIC: [8] Undefined index: anonymity /home/ftp/1520/2014survey.twtstudio.com/2014survey.twtstudio.com/Application/Home/Controller/FillController.class.php 第 79 行.
NOTIC: [8] Undefined index: survey_id /home/ftp/1520/2014survey.twtstudio.com/2014survey.twtstudio.com/Application/Home/Controller/FillController.class.php 第 83 行.
NOTIC: [8] Undefined index: survey_id /home/ftp/1520/2014survey.twtstudio.com/2014survey.twtstudio.com/Application/Home/Controller/FillController.class.php 第 84 行.
SQL: SHOW COLUMNS FROM `wenjuan_result` [ RunTime:0.0007s ]
SQL: SELECT * FROM `wenjuan_result` WHERE `ip` = '42.156.137.96' AND `survey_id` = null LIMIT 1   [ RunTime:0.0005s ]
SQL: SELECT * FROM `wenjuan_result` WHERE `survey_id` = null LIMIT 1   [ RunTime:0.0003s ]
INFO: [ view_parse ] --START--
INFO: [ template_filter ] --START--
INFO: Run Behavior\ContentReplaceBehavior [ RunTime:0.000085s ]
INFO: [ template_filter ] --END-- [ RunTime:0.000180s ]
NOTIC: [8] Use of undefined constant survey_id - assumed 'survey_id' /home/ftp/1520/2014survey.twtstudio.com/2014survey.twtstudio.com/Application/Runtime/Cache/Home/e972e7ad52f020fe9d06b5dd10192311.php 第 24 行.
NOTIC: [8] Undefined index: survey_id /home/ftp/1520/2014survey.twtstudio.com/2014survey.twtstudio.com/Application/Runtime/Cache/Home/e972e7ad52f020fe9d06b5dd10192311.php 第 24 行.
NOTIC: [8] Use of undefined constant title - assumed 'title' /home/ftp/1520/2014survey.twtstudio.com/2014survey.twtstudio.com/Application/Runtime/Cache/Home/e972e7ad52f020fe9d06b5dd10192311.php 第 25 行.
NOTIC: [8] Undefined index: title /home/ftp/1520/2014survey.twtstudio.com/2014survey.twtstudio.com/Application/Runtime/Cache/Home/e972e7ad52f020fe9d06b5dd10192311.php 第 25 行.
NOTIC: [8] Use of undefined constant description - assumed 'description' /home/ftp/1520/2014survey.twtstudio.com/2014survey.twtstudio.com/Application/Runtime/Cache/Home/e972e7ad52f020fe9d06b5dd10192311.php 第 31 行.
NOTIC: [8] Undefined index: description /home/ftp/1520/2014survey.twtstudio.com/2014survey.twtstudio.com/Application/Runtime/Cache/Home/e972e7ad52f020fe9d06b5dd10192311.php 第 31 行.
INFO: Run Behavior\ParseTemplateBehavior [ RunTime:0.030361s ]
INFO: [ view_parse ] --END-- [ RunTime:0.030439s ]
INFO: [ view_filter ] --START--
INFO: Run Behavior\WriteHtmlCacheBehavior [ RunTime:0.000834s ]
INFO: [ view_filter ] --END-- [ RunTime:0.000892s ]
INFO: [ app_end ] --START--
INFO: Run Behavior\ShowPageTraceBehavior [ RunTime:0.000947s ]
INFO: [ app_end ] --END-- [ RunTime:0.001005s ]

[ 2016-06-27T22:37:43+08:00 ] 127.0.0.1 /index.php/MyQuestionnaire/index.html
INFO: [ app_init ] --START--
INFO: Run Behavior\BuildLiteBehavior [ RunTime:0.000020s ]
INFO: [ app_init ] --END-- [ RunTime:0.000455s ]
INFO: [ app_begin ] --START--
INFO: Run Behavior\ReadHtmlCacheBehavior [ RunTime:0.000590s ]
INFO: [ app_begin ] --END-- [ RunTime:0.000667s ]
SQL: SHOW COLUMNS FROM `wenjuan_main` [ RunTime:0.0009s ]
SQL: SELECT COUNT(*) AS tp_count FROM `wenjuan_main` WHERE `user_id` = 0 AND `survey_status` > 0 ORDER BY survey_status desc LIMIT 1   [ RunTime:0.0004s ]
SQL: SELECT COUNT(*) AS tp_count FROM `wenjuan_main` WHERE `user_id` = 0 AND `survey_status` = 0 ORDER BY survey_id desc LIMIT 1   [ RunTime:0.0002s ]

[ 2016-06-27T22:37:43+08:00 ] 127.0.0.1 /index.php/MyQuestionnaire/index/p/1/m/1.html
INFO: [ app_init ] --START--
INFO: Run Behavior\BuildLiteBehavior [ RunTime:0.000019s ]
INFO: [ app_init ] --END-- [ RunTime:0.000450s ]
INFO: [ app_begin ] --START--
INFO: Run Behavior\ReadHtmlCacheBehavior [ RunTime:0.000647s ]
INFO: [ app_begin ] --END-- [ RunTime:0.000724s ]
SQL: SHOW COLUMNS FROM `wenjuan_main` [ RunTime:0.0007s ]
SQL: SELECT COUNT(*) AS tp_count FROM `wenjuan_main` WHERE `user_id` = 0 AND `survey_status` > 0 ORDER BY survey_status desc LIMIT 1   [ RunTime:0.0002s ]
SQL: SELECT COUNT(*) AS tp_count FROM `wenjuan_main` WHERE `user_id` = 0 AND `survey_status` = 0 ORDER BY survey_id desc LIMIT 1   [ RunTime:0.0002s ]
SQL: SELECT * FROM `wenjuan_main` WHERE `user_id` = 0 AND `survey_status` > 0 ORDER BY survey_status desc LIMIT 0,6   [ RunTime:0.0002s ]
SQL: SELECT * FROM `wenjuan_main` WHERE `user_id` = 0 AND `survey_status` = 0 ORDER BY survey_id desc LIMIT 0,6   [ RunTime:0.0002s ]
INFO: [ view_parse ] --START--
INFO: [ template_filter ] --START--
INFO: Run Behavior\ContentReplaceBehavior [ RunTime:0.000170s ]
INFO: [ template_filter ] --END-- [ RunTime:0.000256s ]
INFO: Run Behavior\ParseTemplateBehavior [ RunTime:0.015317s ]
INFO: [ view_parse ] --END-- [ RunTime:0.015404s ]
INFO: [ view_filter ] --START--
INFO: Run Behavior\WriteHtmlCacheBehavior [ RunTime:0.000437s ]
INFO: [ view_filter ] --END-- [ RunTime:0.000505s ]
INFO: [ app_end ] --START--
INFO: Run Behavior\ShowPageTraceBehavior [ RunTime:0.000667s ]
INFO: [ app_end ] --END-- [ RunTime:0.000737s ]

[ 2016-06-27T23:15:08+08:00 ] 127.0.0.1 /index.php/MyQuestionnaire/index/p/1/m/0.html
INFO: [ app_init ] --START--
INFO: Run Behavior\BuildLiteBehavior [ RunTime:0.000019s ]
INFO: [ app_init ] --END-- [ RunTime:0.000456s ]
INFO: [ app_begin ] --START--
INFO: Run Behavior\ReadHtmlCacheBehavior [ RunTime:0.000594s ]
INFO: [ app_begin ] --END-- [ RunTime:0.000671s ]
SQL: SHOW COLUMNS FROM `wenjuan_main` [ RunTime:0.0009s ]
SQL: SELECT COUNT(*) AS tp_count FROM `wenjuan_main` WHERE `user_id` = 0 AND `survey_status` > 0 ORDER BY survey_status desc LIMIT 1   [ RunTime:0.0005s ]
SQL: SELECT COUNT(*) AS tp_count FROM `wenjuan_main` WHERE `user_id` = 0 AND `survey_status` = 0 ORDER BY survey_id desc LIMIT 1   [ RunTime:0.0004s ]
SQL: SELECT * FROM `wenjuan_main` WHERE `user_id` = 0 AND `survey_status` > 0 ORDER BY survey_status desc LIMIT 0,6   [ RunTime:0.0004s ]
SQL: SELECT * FROM `wenjuan_main` WHERE `user_id` = 0 AND `survey_status` = 0 ORDER BY survey_id desc LIMIT 0,6   [ RunTime:0.0004s ]
INFO: [ view_parse ] --START--
INFO: [ template_filter ] --START--
INFO: Run Behavior\ContentReplaceBehavior [ RunTime:0.000181s ]
INFO: [ template_filter ] --END-- [ RunTime:0.000265s ]
INFO: Run Behavior\ParseTemplateBehavior [ RunTime:0.016575s ]
INFO: [ view_parse ] --END-- [ RunTime:0.016659s ]
INFO: [ view_filter ] --START--
INFO: Run Behavior\WriteHtmlCacheBehavior [ RunTime:0.000441s ]
INFO: [ view_filter ] --END-- [ RunTime:0.000509s ]
INFO: [ app_end ] --START--
INFO: Run Behavior\ShowPageTraceBehavior [ RunTime:0.000628s ]
INFO: [ app_end ] --END-- [ RunTime:0.000698s ]

[ 2016-06-27T23:53:01+08:00 ] 127.0.0.1 /index.php/MyQuestionnaire/index/p/2/m/1
INFO: [ app_init ] --START--
INFO: Run Behavior\BuildLiteBehavior [ RunTime:0.000019s ]
INFO: [ app_init ] --END-- [ RunTime:0.000442s ]
INFO: [ app_begin ] --START--
INFO: Run Behavior\ReadHtmlCacheBehavior [ RunTime:0.000477s ]
INFO: [ app_begin ] --END-- [ RunTime:0.000540s ]
SQL: SHOW COLUMNS FROM `wenjuan_main` [ RunTime:0.0008s ]
SQL: SELECT COUNT(*) AS tp_count FROM `wenjuan_main` WHERE `user_id` = 0 AND `survey_status` > 0 ORDER BY survey_status desc LIMIT 1   [ RunTime:0.0005s ]
SQL: SELECT COUNT(*) AS tp_count FROM `wenjuan_main` WHERE `user_id` = 0 AND `survey_status` = 0 ORDER BY survey_id desc LIMIT 1   [ RunTime:0.0005s ]
SQL: SELECT * FROM `wenjuan_main` WHERE `user_id` = 0 AND `survey_status` > 0 ORDER BY survey_status desc LIMIT 6,6   [ RunTime:0.0004s ]
SQL: SELECT * FROM `wenjuan_main` WHERE `user_id` = 0 AND `survey_status` = 0 ORDER BY survey_id desc LIMIT 6,6   [ RunTime:0.0004s ]
INFO: [ view_parse ] --START--
INFO: [ template_filter ] --START--
INFO: Run Behavior\ContentReplaceBehavior [ RunTime:0.000140s ]
INFO: [ template_filter ] --END-- [ RunTime:0.000219s ]
INFO: Run Behavior\ParseTemplateBehavior [ RunTime:0.011906s ]
INFO: [ view_parse ] --END-- [ RunTime:0.011973s ]
INFO: [ view_filter ] --START--
INFO: Run Behavior\WriteHtmlCacheBehavior [ RunTime:0.000358s ]
INFO: [ view_filter ] --END-- [ RunTime:0.000411s ]
INFO: [ app_end ] --START--
INFO: Run Behavior\ShowPageTraceBehavior [ RunTime:0.000482s ]
INFO: [ app_end ] --END-- [ RunTime:0.000537s ]

