[ 2016-07-20T10:01:42+08:00 ] ::1 /m_survey/
INFO: [ app_init ] --START--
INFO: Run Behavior\BuildLiteBehavior [ RunTime:0.000017s ]
INFO: [ app_init ] --END-- [ RunTime:0.015231s ]
INFO: [ app_begin ] --START--
INFO: Run Behavior\ReadHtmlCacheBehavior [ RunTime:0.014591s ]
INFO: [ app_begin ] --END-- [ RunTime:0.014661s ]
SQL: SHOW COLUMNS FROM `wenjuan_main` [ RunTime:0.0066s ]
SQL: SELECT * FROM `wenjuan_main` WHERE `survey_status` = 1 ORDER BY hit desc LIMIT 5   [ RunTime:0.0041s ]
SQL: SELECT * FROM `wenjuan_main` WHERE `survey_status` = 1 ORDER BY fabu_time desc LIMIT 5   [ RunTime:0.0043s ]
INFO: [ view_parse ] --START--
INFO: [ template_filter ] --START--
INFO: Run Behavior\ContentReplaceBehavior [ RunTime:0.000099s ]
INFO: [ template_filter ] --END-- [ RunTime:0.000176s ]
INFO: Run Behavior\ParseTemplateBehavior [ RunTime:0.060860s ]
INFO: [ view_parse ] --END-- [ RunTime:0.061036s ]
INFO: [ view_filter ] --START--
INFO: Run Behavior\WriteHtmlCacheBehavior [ RunTime:0.006330s ]
INFO: [ view_filter ] --END-- [ RunTime:0.006403s ]
INFO: [ app_end ] --START--
INFO: Run Behavior\ShowPageTraceBehavior [ RunTime:0.002918s ]
INFO: [ app_end ] --END-- [ RunTime:0.003011s ]

[ 2016-07-20T10:02:17+08:00 ] ::1 /m_survey/index.php/Index/login.html
INFO: [ app_init ] --START--
INFO: Run Behavior\BuildLiteBehavior [ RunTime:0.000015s ]
INFO: [ app_init ] --END-- [ RunTime:0.000487s ]
INFO: [ app_begin ] --START--
INFO: Run Behavior\ReadHtmlCacheBehavior [ RunTime:0.000678s ]
INFO: [ app_begin ] --END-- [ RunTime:0.000750s ]
INFO: [ app_end ] --START--
INFO: Run Behavior\ShowPageTraceBehavior [ RunTime:0.000615s ]
INFO: [ app_end ] --END-- [ RunTime:0.000677s ]

[ 2016-07-20T10:02:22+08:00 ] ::1 /m_survey/index.php/Index/login.html
INFO: [ app_init ] --START--
INFO: Run Behavior\BuildLiteBehavior [ RunTime:0.000022s ]
INFO: [ app_init ] --END-- [ RunTime:0.000568s ]
INFO: [ app_begin ] --START--
INFO: Run Behavior\ReadHtmlCacheBehavior [ RunTime:0.000653s ]
INFO: [ app_begin ] --END-- [ RunTime:0.000738s ]
INFO: [ app_end ] --START--
INFO: Run Behavior\ShowPageTraceBehavior [ RunTime:0.000630s ]
INFO: [ app_end ] --END-- [ RunTime:0.000702s ]

[ 2016-07-20T10:22:18+08:00 ] ::1 /m_survey/index.php/Index/login.html
INFO: [ app_init ] --START--
INFO: Run Behavior\BuildLiteBehavior [ RunTime:0.000015s ]
INFO: [ app_init ] --END-- [ RunTime:0.000533s ]
INFO: [ app_begin ] --START--
INFO: Run Behavior\ReadHtmlCacheBehavior [ RunTime:0.000684s ]
INFO: [ app_begin ] --END-- [ RunTime:0.000740s ]
NOTIC: [8] Undefined variable: user_info D:\xampp\htdocs\m_survey\Application\Home\Controller\IndexController.class.php 第 29 行.
INFO: [ app_end ] --START--
INFO: Run Behavior\ShowPageTraceBehavior [ RunTime:0.001078s ]
INFO: [ app_end ] --END-- [ RunTime:0.001180s ]

[ 2016-07-20T10:34:47+08:00 ] ::1 /m_survey/
INFO: [ app_init ] --START--
INFO: Run Behavior\BuildLiteBehavior [ RunTime:0.000019s ]
INFO: [ app_init ] --END-- [ RunTime:0.000851s ]
INFO: [ app_begin ] --START--
INFO: Run Behavior\ReadHtmlCacheBehavior [ RunTime:0.000701s ]
INFO: [ app_begin ] --END-- [ RunTime:0.000779s ]
SQL: SHOW COLUMNS FROM `wenjuan_main` [ RunTime:0.0046s ]
SQL: SELECT * FROM `wenjuan_main` WHERE `survey_status` = 1 ORDER BY hit desc LIMIT 5   [ RunTime:0.0271s ]
SQL: SELECT * FROM `wenjuan_main` WHERE `survey_status` = 1 ORDER BY fabu_time desc LIMIT 5   [ RunTime:0.0052s ]
INFO: [ view_parse ] --START--
INFO: [ template_filter ] --START--
INFO: Run Behavior\ContentReplaceBehavior [ RunTime:0.000192s ]
INFO: [ template_filter ] --END-- [ RunTime:0.000336s ]
INFO: Run Behavior\ParseTemplateBehavior [ RunTime:0.020530s ]
INFO: [ view_parse ] --END-- [ RunTime:0.020675s ]
INFO: [ view_filter ] --START--
INFO: Run Behavior\WriteHtmlCacheBehavior [ RunTime:0.001135s ]
INFO: [ view_filter ] --END-- [ RunTime:0.001257s ]
INFO: [ app_end ] --START--
INFO: Run Behavior\ShowPageTraceBehavior [ RunTime:0.001553s ]
INFO: [ app_end ] --END-- [ RunTime:0.001663s ]

[ 2016-07-20T10:35:28+08:00 ] ::1 /m_survey/
INFO: [ app_init ] --START--
INFO: Run Behavior\BuildLiteBehavior [ RunTime:0.000013s ]
INFO: [ app_init ] --END-- [ RunTime:0.000458s ]
INFO: [ app_begin ] --START--
INFO: Run Behavior\ReadHtmlCacheBehavior [ RunTime:0.000589s ]
INFO: [ app_begin ] --END-- [ RunTime:0.000636s ]
SQL: SHOW COLUMNS FROM `wenjuan_main` [ RunTime:0.0032s ]
SQL: SELECT * FROM `wenjuan_main` WHERE `survey_status` = 1 ORDER BY hit desc LIMIT 5   [ RunTime:0.0045s ]
SQL: SELECT * FROM `wenjuan_main` WHERE `survey_status` = 1 ORDER BY fabu_time desc LIMIT 5   [ RunTime:0.0031s ]
INFO: [ view_parse ] --START--
INFO: [ template_filter ] --START--
INFO: Run Behavior\ContentReplaceBehavior [ RunTime:0.000176s ]
INFO: [ template_filter ] --END-- [ RunTime:0.000299s ]
INFO: Run Behavior\ParseTemplateBehavior [ RunTime:0.022599s ]
INFO: [ view_parse ] --END-- [ RunTime:0.022771s ]
INFO: [ view_filter ] --START--
INFO: Run Behavior\WriteHtmlCacheBehavior [ RunTime:0.001166s ]
INFO: [ view_filter ] --END-- [ RunTime:0.001276s ]
INFO: [ app_end ] --START--
INFO: Run Behavior\ShowPageTraceBehavior [ RunTime:0.001765s ]
INFO: [ app_end ] --END-- [ RunTime:0.001884s ]

[ 2016-07-20T10:35:30+08:00 ] ::1 /m_survey/index.php/Index/sso_login.html
INFO: [ app_init ] --START--
INFO: Run Behavior\BuildLiteBehavior [ RunTime:0.000018s ]
INFO: [ app_init ] --END-- [ RunTime:0.000679s ]
INFO: [ app_begin ] --START--
INFO: Run Behavior\ReadHtmlCacheBehavior [ RunTime:0.000706s ]
INFO: [ app_begin ] --END-- [ RunTime:0.000769s ]
ERR: 非法操作:sso_login

[ 2016-07-20T10:36:05+08:00 ] ::1 /m_survey/index.php/Index/sso_login.html
INFO: [ app_init ] --START--
INFO: Run Behavior\BuildLiteBehavior [ RunTime:0.000016s ]
INFO: [ app_init ] --END-- [ RunTime:0.000511s ]
INFO: [ app_begin ] --START--
INFO: Run Behavior\ReadHtmlCacheBehavior [ RunTime:0.000487s ]
INFO: [ app_begin ] --END-- [ RunTime:0.000532s ]
ERR: 非法操作:sso_login

[ 2016-07-20T10:36:14+08:00 ] ::1 /m_survey/
INFO: [ app_init ] --START--
INFO: Run Behavior\BuildLiteBehavior [ RunTime:0.000015s ]
INFO: [ app_init ] --END-- [ RunTime:0.000498s ]
INFO: [ app_begin ] --START--
INFO: Run Behavior\ReadHtmlCacheBehavior [ RunTime:0.000572s ]
INFO: [ app_begin ] --END-- [ RunTime:0.000664s ]
SQL: SHOW COLUMNS FROM `wenjuan_main` [ RunTime:0.0026s ]
SQL: SELECT * FROM `wenjuan_main` WHERE `survey_status` = 1 ORDER BY hit desc LIMIT 5   [ RunTime:0.0056s ]
SQL: SELECT * FROM `wenjuan_main` WHERE `survey_status` = 1 ORDER BY fabu_time desc LIMIT 5   [ RunTime:0.0024s ]
INFO: [ view_parse ] --START--
INFO: [ template_filter ] --START--
INFO: Run Behavior\ContentReplaceBehavior [ RunTime:0.000173s ]
INFO: [ template_filter ] --END-- [ RunTime:0.000296s ]
INFO: Run Behavior\ParseTemplateBehavior [ RunTime:0.021242s ]
INFO: [ view_parse ] --END-- [ RunTime:0.021369s ]
INFO: [ view_filter ] --START--
INFO: Run Behavior\WriteHtmlCacheBehavior [ RunTime:0.001119s ]
INFO: [ view_filter ] --END-- [ RunTime:0.001221s ]
INFO: [ app_end ] --START--
INFO: Run Behavior\ShowPageTraceBehavior [ RunTime:0.001475s ]
INFO: [ app_end ] --END-- [ RunTime:0.001570s ]

[ 2016-07-20T10:36:21+08:00 ] ::1 /m_survey/index.php/Index/sso_jump.html
INFO: [ app_init ] --START--
INFO: Run Behavior\BuildLiteBehavior [ RunTime:0.000015s ]
INFO: [ app_init ] --END-- [ RunTime:0.000489s ]
INFO: [ app_begin ] --START--
INFO: Run Behavior\ReadHtmlCacheBehavior [ RunTime:0.000556s ]
INFO: [ app_begin ] --END-- [ RunTime:0.000610s ]
INFO: [ app_end ] --START--
INFO: Run Behavior\ShowPageTraceBehavior [ RunTime:0.000770s ]
INFO: [ app_end ] --END-- [ RunTime:0.000856s ]

[ 2016-07-20T13:46:49+08:00 ] ::1 /m_survey/
INFO: [ app_init ] --START--
INFO: Run Behavior\BuildLiteBehavior [ RunTime:0.000014s ]
INFO: [ app_init ] --END-- [ RunTime:0.000504s ]
INFO: [ app_begin ] --START--
INFO: Run Behavior\ReadHtmlCacheBehavior [ RunTime:0.000632s ]
INFO: [ app_begin ] --END-- [ RunTime:0.000682s ]
SQL: SHOW COLUMNS FROM `wenjuan_main` [ RunTime:0.0029s ]
SQL: SELECT * FROM `wenjuan_main` WHERE `survey_status` = 1 ORDER BY hit desc LIMIT 5   [ RunTime:0.0037s ]
SQL: SELECT * FROM `wenjuan_main` WHERE `survey_status` = 1 ORDER BY fabu_time desc LIMIT 5   [ RunTime:0.0050s ]
INFO: [ view_parse ] --START--
INFO: [ template_filter ] --START--
INFO: Run Behavior\ContentReplaceBehavior [ RunTime:0.000268s ]
INFO: [ template_filter ] --END-- [ RunTime:0.000463s ]
INFO: Run Behavior\ParseTemplateBehavior [ RunTime:0.026583s ]
INFO: [ view_parse ] --END-- [ RunTime:0.026720s ]
INFO: [ view_filter ] --START--
INFO: Run Behavior\WriteHtmlCacheBehavior [ RunTime:0.001245s ]
INFO: [ view_filter ] --END-- [ RunTime:0.001409s ]
INFO: [ app_end ] --START--
INFO: Run Behavior\ShowPageTraceBehavior [ RunTime:0.002105s ]
INFO: [ app_end ] --END-- [ RunTime:0.002386s ]

[ 2016-07-20T13:46:51+08:00 ] ::1 /m_survey/index.php/Index/sso_jump.html
INFO: [ app_init ] --START--
INFO: Run Behavior\BuildLiteBehavior [ RunTime:0.000016s ]
INFO: [ app_init ] --END-- [ RunTime:0.000548s ]
INFO: [ app_begin ] --START--
INFO: Run Behavior\ReadHtmlCacheBehavior [ RunTime:0.000712s ]
INFO: [ app_begin ] --END-- [ RunTime:0.000782s ]
INFO: [ app_end ] --START--
INFO: Run Behavior\ShowPageTraceBehavior [ RunTime:0.000679s ]
INFO: [ app_end ] --END-- [ RunTime:0.000741s ]

[ 2016-07-20T13:48:00+08:00 ] ::1 /m_survey/index.php/Index/sso_jump.html
INFO: [ app_init ] --START--
INFO: Run Behavior\BuildLiteBehavior [ RunTime:0.000016s ]
INFO: [ app_init ] --END-- [ RunTime:0.000623s ]
INFO: [ app_begin ] --START--
INFO: Run Behavior\ReadHtmlCacheBehavior [ RunTime:0.000841s ]
INFO: [ app_begin ] --END-- [ RunTime:0.000913s ]
INFO: [ app_end ] --START--
INFO: Run Behavior\ShowPageTraceBehavior [ RunTime:0.001050s ]
INFO: [ app_end ] --END-- [ RunTime:0.001146s ]

[ 2016-07-20T13:48:19+08:00 ] ::1 /m_survey/index.php/Fill/fill
INFO: [ app_init ] --START--
INFO: Run Behavior\BuildLiteBehavior [ RunTime:0.000016s ]
INFO: [ app_init ] --END-- [ RunTime:0.000552s ]
INFO: [ app_begin ] --START--
INFO: Run Behavior\ReadHtmlCacheBehavior [ RunTime:0.000855s ]
INFO: [ app_begin ] --END-- [ RunTime:0.000932s ]
SQL: SHOW COLUMNS FROM `wenjuan_main` [ RunTime:0.0031s ]
SQL: SELECT COUNT(*) AS tp_count FROM `wenjuan_main` WHERE `survey_status` = 1 LIMIT 1   [ RunTime:0.0022s ]

[ 2016-07-20T13:48:24+08:00 ] ::1 /m_survey/index.php/Fill/fill/p/1.html
INFO: [ app_init ] --START--
INFO: Run Behavior\BuildLiteBehavior [ RunTime:0.000057s ]
INFO: [ app_init ] --END-- [ RunTime:0.001707s ]
INFO: [ app_begin ] --START--
INFO: Run Behavior\ReadHtmlCacheBehavior [ RunTime:0.001471s ]
INFO: [ app_begin ] --END-- [ RunTime:0.001620s ]
SQL: SHOW COLUMNS FROM `wenjuan_main` [ RunTime:0.0033s ]
SQL: SELECT COUNT(*) AS tp_count FROM `wenjuan_main` WHERE `survey_status` = 1 LIMIT 1   [ RunTime:0.0024s ]
SQL: SELECT * FROM `wenjuan_main` WHERE `survey_status` = 1 ORDER BY hit desc LIMIT 0,8   [ RunTime:0.0053s ]
SQL: SHOW COLUMNS FROM `wenjuan_result` [ RunTime:0.0029s ]
SQL: SELECT COUNT(*) AS tp_count FROM `wenjuan_result` GROUP BY ip LIMIT 1   [ RunTime:0.0032s ]
SQL: SELECT COUNT(*) AS tp_count FROM `wenjuan_result` GROUP BY ip LIMIT 1   [ RunTime:0.0032s ]
SQL: SELECT COUNT(*) AS tp_count FROM `wenjuan_result` GROUP BY ip LIMIT 1   [ RunTime:0.0027s ]
SQL: SELECT COUNT(*) AS tp_count FROM `wenjuan_result` GROUP BY ip LIMIT 1   [ RunTime:0.0086s ]
SQL: SELECT COUNT(*) AS tp_count FROM `wenjuan_result` GROUP BY ip LIMIT 1   [ RunTime:0.0031s ]
SQL: SELECT COUNT(*) AS tp_count FROM `wenjuan_result` GROUP BY ip LIMIT 1   [ RunTime:0.0027s ]
SQL: SELECT COUNT(*) AS tp_count FROM `wenjuan_result` GROUP BY ip LIMIT 1   [ RunTime:0.0043s ]
SQL: SELECT COUNT(*) AS tp_count FROM `wenjuan_result` GROUP BY ip LIMIT 1   [ RunTime:0.0070s ]
INFO: [ view_parse ] --START--
INFO: [ template_filter ] --START--
INFO: Run Behavior\ContentReplaceBehavior [ RunTime:0.000155s ]
INFO: [ template_filter ] --END-- [ RunTime:0.000273s ]
INFO: Run Behavior\ParseTemplateBehavior [ RunTime:0.040635s ]
INFO: [ view_parse ] --END-- [ RunTime:0.040768s ]
INFO: [ view_filter ] --START--
INFO: Run Behavior\WriteHtmlCacheBehavior [ RunTime:0.001156s ]
INFO: [ view_filter ] --END-- [ RunTime:0.001256s ]
INFO: [ app_end ] --START--
INFO: Run Behavior\ShowPageTraceBehavior [ RunTime:0.001561s ]
INFO: [ app_end ] --END-- [ RunTime:0.001664s ]

[ 2016-07-20T13:48:25+08:00 ] ::1 /m_survey/index.php/Template/header.html
INFO: [ app_init ] --START--
INFO: Run Behavior\BuildLiteBehavior [ RunTime:0.000025s ]
INFO: [ app_init ] --END-- [ RunTime:0.000757s ]
INFO: [ app_begin ] --START--
INFO: Run Behavior\ReadHtmlCacheBehavior [ RunTime:0.000816s ]
INFO: [ app_begin ] --END-- [ RunTime:0.000907s ]
INFO: [ view_parse ] --START--
INFO: [ template_filter ] --START--
INFO: Run Behavior\ContentReplaceBehavior [ RunTime:0.000037s ]
INFO: [ template_filter ] --END-- [ RunTime:0.000086s ]
INFO: Run Behavior\ParseTemplateBehavior [ RunTime:0.006539s ]
INFO: [ view_parse ] --END-- [ RunTime:0.006628s ]
INFO: [ view_filter ] --START--
INFO: Run Behavior\WriteHtmlCacheBehavior [ RunTime:0.000629s ]
INFO: [ view_filter ] --END-- [ RunTime:0.000674s ]
INFO: [ app_end ] --START--
INFO: Run Behavior\ShowPageTraceBehavior [ RunTime:0.000581s ]
INFO: [ app_end ] --END-- [ RunTime:0.000622s ]

[ 2016-07-20T13:49:18+08:00 ] ::1 /m_survey/index.php/Index/login.html
INFO: [ app_init ] --START--
INFO: Run Behavior\BuildLiteBehavior [ RunTime:0.000018s ]
INFO: [ app_init ] --END-- [ RunTime:0.000890s ]
INFO: [ app_begin ] --START--
INFO: Run Behavior\ReadHtmlCacheBehavior [ RunTime:0.000705s ]
INFO: [ app_begin ] --END-- [ RunTime:0.000771s ]
NOTIC: [8] Undefined variable: user_info D:\xampp\htdocs\m_survey\Application\Home\Controller\IndexController.class.php 第 47 行.
INFO: [ app_end ] --START--
INFO: Run Behavior\ShowPageTraceBehavior [ RunTime:0.000654s ]
INFO: [ app_end ] --END-- [ RunTime:0.000707s ]

[ 2016-07-20T13:51:09+08:00 ] ::1 /m_survey/
INFO: [ app_init ] --START--
INFO: Run Behavior\BuildLiteBehavior [ RunTime:0.000016s ]
INFO: [ app_init ] --END-- [ RunTime:0.000636s ]
INFO: [ app_begin ] --START--
INFO: Run Behavior\ReadHtmlCacheBehavior [ RunTime:0.001351s ]
INFO: [ app_begin ] --END-- [ RunTime:0.001450s ]
SQL: SHOW COLUMNS FROM `wenjuan_main` [ RunTime:0.0029s ]
SQL: SELECT * FROM `wenjuan_main` WHERE `survey_status` = 1 ORDER BY hit desc LIMIT 5   [ RunTime:0.0031s ]
SQL: SELECT * FROM `wenjuan_main` WHERE `survey_status` = 1 ORDER BY fabu_time desc LIMIT 5   [ RunTime:0.0034s ]
INFO: [ view_parse ] --START--
INFO: [ template_filter ] --START--
INFO: Run Behavior\ContentReplaceBehavior [ RunTime:0.000179s ]
INFO: [ template_filter ] --END-- [ RunTime:0.000297s ]
INFO: Run Behavior\ParseTemplateBehavior [ RunTime:0.021210s ]
INFO: [ view_parse ] --END-- [ RunTime:0.021338s ]
INFO: [ view_filter ] --START--
INFO: Run Behavior\WriteHtmlCacheBehavior [ RunTime:0.001203s ]
INFO: [ view_filter ] --END-- [ RunTime:0.001311s ]
INFO: [ app_end ] --START--
INFO: Run Behavior\ShowPageTraceBehavior [ RunTime:0.001604s ]
INFO: [ app_end ] --END-- [ RunTime:0.001715s ]

[ 2016-07-20T13:51:09+08:00 ] ::1 /m_survey/index.php/Index/sso_jump.html
INFO: [ app_init ] --START--
INFO: Run Behavior\BuildLiteBehavior [ RunTime:0.000017s ]
INFO: [ app_init ] --END-- [ RunTime:0.000523s ]
INFO: [ app_begin ] --START--
INFO: Run Behavior\ReadHtmlCacheBehavior [ RunTime:0.000973s ]
INFO: [ app_begin ] --END-- [ RunTime:0.001046s ]
INFO: [ app_end ] --START--
INFO: Run Behavior\ShowPageTraceBehavior [ RunTime:0.001655s ]
INFO: [ app_end ] --END-- [ RunTime:0.001815s ]

[ 2016-07-20T13:57:48+08:00 ] ::1 /m_survey/
INFO: [ app_init ] --START--
INFO: Run Behavior\BuildLiteBehavior [ RunTime:0.000017s ]
INFO: [ app_init ] --END-- [ RunTime:0.000607s ]
INFO: [ app_begin ] --START--
INFO: Run Behavior\ReadHtmlCacheBehavior [ RunTime:0.001072s ]
INFO: [ app_begin ] --END-- [ RunTime:0.001154s ]
SQL: SHOW COLUMNS FROM `wenjuan_main` [ RunTime:0.0041s ]
SQL: SELECT * FROM `wenjuan_main` WHERE `survey_status` = 1 ORDER BY hit desc LIMIT 5   [ RunTime:0.0030s ]
SQL: SELECT * FROM `wenjuan_main` WHERE `survey_status` = 1 ORDER BY fabu_time desc LIMIT 5   [ RunTime:0.0027s ]
INFO: [ view_parse ] --START--
INFO: [ template_filter ] --START--
INFO: Run Behavior\ContentReplaceBehavior [ RunTime:0.000272s ]
INFO: [ template_filter ] --END-- [ RunTime:0.000478s ]
INFO: Run Behavior\ParseTemplateBehavior [ RunTime:0.026049s ]
INFO: [ view_parse ] --END-- [ RunTime:0.026243s ]
INFO: [ view_filter ] --START--
INFO: Run Behavior\WriteHtmlCacheBehavior [ RunTime:0.001504s ]
INFO: [ view_filter ] --END-- [ RunTime:0.001623s ]
INFO: [ app_end ] --START--
INFO: Run Behavior\ShowPageTraceBehavior [ RunTime:0.001431s ]
INFO: [ app_end ] --END-- [ RunTime:0.001532s ]

[ 2016-07-20T13:57:56+08:00 ] ::1 /m_survey/
INFO: [ app_init ] --START--
INFO: Run Behavior\BuildLiteBehavior [ RunTime:0.000033s ]
INFO: [ app_init ] --END-- [ RunTime:0.001123s ]
INFO: [ app_begin ] --START--
INFO: Run Behavior\ReadHtmlCacheBehavior [ RunTime:0.001405s ]
INFO: [ app_begin ] --END-- [ RunTime:0.001547s ]
SQL: SHOW COLUMNS FROM `wenjuan_main` [ RunTime:0.0031s ]
SQL: SELECT * FROM `wenjuan_main` WHERE `survey_status` = 1 ORDER BY hit desc LIMIT 5   [ RunTime:0.0031s ]
SQL: SELECT * FROM `wenjuan_main` WHERE `survey_status` = 1 ORDER BY fabu_time desc LIMIT 5   [ RunTime:0.0030s ]
INFO: [ view_parse ] --START--
INFO: [ template_filter ] --START--
INFO: Run Behavior\ContentReplaceBehavior [ RunTime:0.000209s ]
INFO: [ template_filter ] --END-- [ RunTime:0.000363s ]
INFO: Run Behavior\ParseTemplateBehavior [ RunTime:0.019998s ]
INFO: [ view_parse ] --END-- [ RunTime:0.020117s ]
INFO: [ view_filter ] --START--
INFO: Run Behavior\WriteHtmlCacheBehavior [ RunTime:0.000921s ]
INFO: [ view_filter ] --END-- [ RunTime:0.001026s ]
INFO: [ app_end ] --START--
INFO: Run Behavior\ShowPageTraceBehavior [ RunTime:0.001338s ]
INFO: [ app_end ] --END-- [ RunTime:0.001447s ]

[ 2016-07-20T13:58:01+08:00 ] ::1 /m_survey/index.php/Index/sso_jump.html
INFO: [ app_init ] --START--
INFO: Run Behavior\BuildLiteBehavior [ RunTime:0.000019s ]
INFO: [ app_init ] --END-- [ RunTime:0.000810s ]
INFO: [ app_begin ] --START--
INFO: Run Behavior\ReadHtmlCacheBehavior [ RunTime:0.000803s ]
INFO: [ app_begin ] --END-- [ RunTime:0.000870s ]
INFO: [ app_end ] --START--
INFO: Run Behavior\ShowPageTraceBehavior [ RunTime:0.000769s ]
INFO: [ app_end ] --END-- [ RunTime:0.000830s ]

[ 2016-07-20T13:59:05+08:00 ] ::1 /m_survey/
INFO: [ app_init ] --START--
INFO: Run Behavior\BuildLiteBehavior [ RunTime:0.000017s ]
INFO: [ app_init ] --END-- [ RunTime:0.000500s ]
INFO: [ app_begin ] --START--
INFO: Run Behavior\ReadHtmlCacheBehavior [ RunTime:0.000578s ]
INFO: [ app_begin ] --END-- [ RunTime:0.000644s ]
SQL: SHOW COLUMNS FROM `wenjuan_main` [ RunTime:0.0034s ]
SQL: SELECT * FROM `wenjuan_main` WHERE `survey_status` = 1 ORDER BY hit desc LIMIT 5   [ RunTime:0.0033s ]
SQL: SELECT * FROM `wenjuan_main` WHERE `survey_status` = 1 ORDER BY fabu_time desc LIMIT 5   [ RunTime:0.0030s ]
INFO: [ view_parse ] --START--
INFO: [ template_filter ] --START--
INFO: Run Behavior\ContentReplaceBehavior [ RunTime:0.000166s ]
INFO: [ template_filter ] --END-- [ RunTime:0.000281s ]
INFO: Run Behavior\ParseTemplateBehavior [ RunTime:0.023121s ]
INFO: [ view_parse ] --END-- [ RunTime:0.023246s ]
INFO: [ view_filter ] --START--
INFO: Run Behavior\WriteHtmlCacheBehavior [ RunTime:0.001171s ]
INFO: [ view_filter ] --END-- [ RunTime:0.001290s ]
INFO: [ app_end ] --START--
INFO: Run Behavior\ShowPageTraceBehavior [ RunTime:0.001401s ]
INFO: [ app_end ] --END-- [ RunTime:0.001531s ]

[ 2016-07-20T13:59:06+08:00 ] ::1 /m_survey/index.php/Index/sso_jump.html
INFO: [ app_init ] --START--
INFO: Run Behavior\BuildLiteBehavior [ RunTime:0.000016s ]
INFO: [ app_init ] --END-- [ RunTime:0.000621s ]
INFO: [ app_begin ] --START--
INFO: Run Behavior\ReadHtmlCacheBehavior [ RunTime:0.000769s ]
INFO: [ app_begin ] --END-- [ RunTime:0.000830s ]
INFO: [ app_end ] --START--
INFO: Run Behavior\ShowPageTraceBehavior [ RunTime:0.000967s ]
INFO: [ app_end ] --END-- [ RunTime:0.001057s ]

[ 2016-07-20T13:59:21+08:00 ] ::1 /m_survey/index.php/Index/sso_jump.html
INFO: [ app_init ] --START--
INFO: Run Behavior\BuildLiteBehavior [ RunTime:0.000019s ]
INFO: [ app_init ] --END-- [ RunTime:0.000694s ]
INFO: [ app_begin ] --START--
INFO: Run Behavior\ReadHtmlCacheBehavior [ RunTime:0.000679s ]
INFO: [ app_begin ] --END-- [ RunTime:0.000742s ]
INFO: [ app_end ] --START--
INFO: Run Behavior\ShowPageTraceBehavior [ RunTime:0.000667s ]
INFO: [ app_end ] --END-- [ RunTime:0.000729s ]

[ 2016-07-20T14:24:21+08:00 ] ::1 /m_survey/
INFO: [ app_init ] --START--
INFO: Run Behavior\BuildLiteBehavior [ RunTime:0.000014s ]
INFO: [ app_init ] --END-- [ RunTime:0.000497s ]
INFO: [ app_begin ] --START--
INFO: Run Behavior\ReadHtmlCacheBehavior [ RunTime:0.000718s ]
INFO: [ app_begin ] --END-- [ RunTime:0.000777s ]
NOTIC: [8] Undefined variable: user_info D:\xampp\htdocs\m_survey\Application\Home\Controller\IndexController.class.php 第 12 行.
SQL: SHOW COLUMNS FROM `wenjuan_main` [ RunTime:0.0031s ]
SQL: SELECT * FROM `wenjuan_main` WHERE `survey_status` = 1 ORDER BY hit desc LIMIT 5   [ RunTime:0.0042s ]
SQL: SELECT * FROM `wenjuan_main` WHERE `survey_status` = 1 ORDER BY fabu_time desc LIMIT 5   [ RunTime:0.0029s ]
INFO: [ view_parse ] --START--
INFO: [ template_filter ] --START--
INFO: Run Behavior\ContentReplaceBehavior [ RunTime:0.000228s ]
INFO: [ template_filter ] --END-- [ RunTime:0.000384s ]
INFO: Run Behavior\ParseTemplateBehavior [ RunTime:0.022115s ]
INFO: [ view_parse ] --END-- [ RunTime:0.022240s ]
INFO: [ view_filter ] --START--
INFO: Run Behavior\WriteHtmlCacheBehavior [ RunTime:0.001160s ]
INFO: [ view_filter ] --END-- [ RunTime:0.001262s ]
INFO: [ app_end ] --START--
INFO: Run Behavior\ShowPageTraceBehavior [ RunTime:0.001577s ]
INFO: [ app_end ] --END-- [ RunTime:0.001687s ]

