[ 2016-06-15T00:10:20+08:00 ] 127.0.0.1 /
INFO: [ app_init ] --START--
INFO: Run Behavior\BuildLiteBehavior [ RunTime:0.000020s ]
INFO: [ app_init ] --END-- [ RunTime:0.000482s ]
INFO: [ app_begin ] --START--
INFO: Run Behavior\ReadHtmlCacheBehavior [ RunTime:0.000645s ]
INFO: [ app_begin ] --END-- [ RunTime:0.000728s ]
SQL: SHOW COLUMNS FROM `wenjuan_main` [ RunTime:0.0009s ]
SQL: SELECT * FROM `wenjuan_main` WHERE `survey_status` = 1 ORDER BY hit desc LIMIT 5   [ RunTime:0.0006s ]
SQL: SELECT * FROM `wenjuan_main` WHERE `survey_status` = 1 ORDER BY fabu_time desc LIMIT 5   [ RunTime:0.0004s ]
INFO: [ view_parse ] --START--
INFO: [ template_filter ] --START--
INFO: Run Behavior\ContentReplaceBehavior [ RunTime:0.000112s ]
INFO: [ template_filter ] --END-- [ RunTime:0.000201s ]
INFO: Run Behavior\ParseTemplateBehavior [ RunTime:0.043673s ]
INFO: [ view_parse ] --END-- [ RunTime:0.043765s ]
INFO: [ view_filter ] --START--
INFO: Run Behavior\WriteHtmlCacheBehavior [ RunTime:0.000451s ]
INFO: [ view_filter ] --END-- [ RunTime:0.000521s ]
INFO: [ app_end ] --START--
INFO: Run Behavior\ShowPageTraceBehavior [ RunTime:0.000645s ]
INFO: [ app_end ] --END-- [ RunTime:0.000717s ]

[ 2016-06-15T00:18:30+08:00 ] 127.0.0.1 /
INFO: [ app_init ] --START--
INFO: Run Behavior\BuildLiteBehavior [ RunTime:0.000019s ]
INFO: [ app_init ] --END-- [ RunTime:0.000373s ]
INFO: [ app_begin ] --START--
INFO: Run Behavior\ReadHtmlCacheBehavior [ RunTime:0.000520s ]
INFO: [ app_begin ] --END-- [ RunTime:0.000581s ]
SQL: SHOW COLUMNS FROM `wenjuan_main` [ RunTime:0.0007s ]
SQL: SELECT * FROM `wenjuan_main` WHERE `survey_status` = 1 ORDER BY hit desc LIMIT 5   [ RunTime:0.0005s ]
SQL: SELECT * FROM `wenjuan_main` WHERE `survey_status` = 1 ORDER BY fabu_time desc LIMIT 5   [ RunTime:0.0004s ]
INFO: [ view_parse ] --START--
INFO: [ template_filter ] --START--
INFO: Run Behavior\ContentReplaceBehavior [ RunTime:0.000118s ]
INFO: [ template_filter ] --END-- [ RunTime:0.000204s ]
INFO: Run Behavior\ParseTemplateBehavior [ RunTime:0.012146s ]
INFO: [ view_parse ] --END-- [ RunTime:0.012234s ]
INFO: [ view_filter ] --START--
INFO: Run Behavior\WriteHtmlCacheBehavior [ RunTime:0.000445s ]
INFO: [ view_filter ] --END-- [ RunTime:0.000514s ]
INFO: [ app_end ] --START--
INFO: Run Behavior\ShowPageTraceBehavior [ RunTime:0.000635s ]
INFO: [ app_end ] --END-- [ RunTime:0.000704s ]

[ 2016-06-15T00:58:53+08:00 ] 127.0.0.1 /index.php/Fill/fill/p/0
INFO: [ app_init ] --START--
INFO: Run Behavior\BuildLiteBehavior [ RunTime:0.000020s ]
INFO: [ app_init ] --END-- [ RunTime:0.000453s ]
INFO: [ app_begin ] --START--
INFO: Run Behavior\ReadHtmlCacheBehavior [ RunTime:0.000582s ]
INFO: [ app_begin ] --END-- [ RunTime:0.000650s ]
SQL: SHOW COLUMNS FROM `wenjuan_main` [ RunTime:0.0009s ]
SQL: SELECT COUNT(*) AS tp_count FROM `wenjuan_main` WHERE `survey_status` = 1 LIMIT 1   [ RunTime:0.0005s ]

[ 2016-06-15T00:58:53+08:00 ] 127.0.0.1 /index.php/Fill/fill/p/1.html
INFO: [ app_init ] --START--
INFO: Run Behavior\BuildLiteBehavior [ RunTime:0.000020s ]
INFO: [ app_init ] --END-- [ RunTime:0.000449s ]
INFO: [ app_begin ] --START--
INFO: Run Behavior\ReadHtmlCacheBehavior [ RunTime:0.000598s ]
INFO: [ app_begin ] --END-- [ RunTime:0.000675s ]
SQL: SHOW COLUMNS FROM `wenjuan_main` [ RunTime:0.0008s ]
SQL: SELECT COUNT(*) AS tp_count FROM `wenjuan_main` WHERE `survey_status` = 1 LIMIT 1   [ RunTime:0.0004s ]
SQL: SELECT * FROM `wenjuan_main` WHERE `survey_status` = 1 ORDER BY hit desc LIMIT 0,8   [ RunTime:0.0005s ]
SQL: SHOW COLUMNS FROM `wenjuan_result` [ RunTime:0.0008s ]
SQL: SELECT COUNT(*) AS tp_count FROM `wenjuan_result` GROUP BY ip LIMIT 1   [ RunTime:0.0012s ]
SQL: SELECT COUNT(*) AS tp_count FROM `wenjuan_result` GROUP BY ip LIMIT 1   [ RunTime:0.0011s ]
SQL: SELECT COUNT(*) AS tp_count FROM `wenjuan_result` GROUP BY ip LIMIT 1   [ RunTime:0.0010s ]
SQL: SELECT COUNT(*) AS tp_count FROM `wenjuan_result` GROUP BY ip LIMIT 1   [ RunTime:0.0011s ]
SQL: SELECT COUNT(*) AS tp_count FROM `wenjuan_result` GROUP BY ip LIMIT 1   [ RunTime:0.0010s ]
SQL: SELECT COUNT(*) AS tp_count FROM `wenjuan_result` GROUP BY ip LIMIT 1   [ RunTime:0.0009s ]
SQL: SELECT COUNT(*) AS tp_count FROM `wenjuan_result` GROUP BY ip LIMIT 1   [ RunTime:0.0009s ]
SQL: SELECT COUNT(*) AS tp_count FROM `wenjuan_result` GROUP BY ip LIMIT 1   [ RunTime:0.0009s ]
INFO: [ view_parse ] --START--
INFO: [ template_filter ] --START--
INFO: Run Behavior\ContentReplaceBehavior [ RunTime:0.000129s ]
INFO: [ template_filter ] --END-- [ RunTime:0.000226s ]
INFO: Run Behavior\ParseTemplateBehavior [ RunTime:0.022150s ]
INFO: [ view_parse ] --END-- [ RunTime:0.022257s ]
INFO: [ view_filter ] --START--
INFO: Run Behavior\WriteHtmlCacheBehavior [ RunTime:0.000448s ]
INFO: [ view_filter ] --END-- [ RunTime:0.000518s ]
INFO: [ app_end ] --START--
INFO: Run Behavior\ShowPageTraceBehavior [ RunTime:0.000635s ]
INFO: [ app_end ] --END-- [ RunTime:0.000706s ]

[ 2016-06-15T00:59:33+08:00 ] 127.0.0.1 /index.php/Statics/index/p/2
INFO: [ app_init ] --START--
INFO: Run Behavior\BuildLiteBehavior [ RunTime:0.000021s ]
INFO: [ app_init ] --END-- [ RunTime:0.000454s ]
INFO: [ app_begin ] --START--
INFO: Run Behavior\ReadHtmlCacheBehavior [ RunTime:0.000604s ]
INFO: [ app_begin ] --END-- [ RunTime:0.000681s ]
SQL: SHOW COLUMNS FROM `wenjuan_main` [ RunTime:0.0008s ]
SQL: SELECT COUNT(*) AS tp_count FROM `wenjuan_main` LIMIT 1   [ RunTime:0.0003s ]
SQL: SELECT * FROM `wenjuan_main` WHERE `user_id` = 0 ORDER BY hit desc LIMIT 8,8   [ RunTime:0.0003s ]
INFO: [ view_parse ] --START--
INFO: [ template_filter ] --START--
INFO: Run Behavior\ContentReplaceBehavior [ RunTime:0.000120s ]
INFO: [ template_filter ] --END-- [ RunTime:0.000196s ]
INFO: Run Behavior\ParseTemplateBehavior [ RunTime:0.014327s ]
INFO: [ view_parse ] --END-- [ RunTime:0.014409s ]
INFO: [ view_filter ] --START--
INFO: Run Behavior\WriteHtmlCacheBehavior [ RunTime:0.000438s ]
INFO: [ view_filter ] --END-- [ RunTime:0.000507s ]
INFO: [ app_end ] --START--
INFO: Run Behavior\ShowPageTraceBehavior [ RunTime:0.000629s ]
INFO: [ app_end ] --END-- [ RunTime:0.000698s ]

[ 2016-06-15T00:59:34+08:00 ] 127.0.0.1 /index.php/Statics/index/p/0
INFO: [ app_init ] --START--
INFO: Run Behavior\BuildLiteBehavior [ RunTime:0.000020s ]
INFO: [ app_init ] --END-- [ RunTime:0.000553s ]
INFO: [ app_begin ] --START--
INFO: Run Behavior\ReadHtmlCacheBehavior [ RunTime:0.000607s ]
INFO: [ app_begin ] --END-- [ RunTime:0.000756s ]
SQL: SHOW COLUMNS FROM `wenjuan_main` [ RunTime:0.0009s ]
SQL: SELECT COUNT(*) AS tp_count FROM `wenjuan_main` LIMIT 1   [ RunTime:0.0003s ]

[ 2016-06-15T00:59:34+08:00 ] 127.0.0.1 /index.php/Statics/index/p/1.html
INFO: [ app_init ] --START--
INFO: Run Behavior\BuildLiteBehavior [ RunTime:0.000019s ]
INFO: [ app_init ] --END-- [ RunTime:0.000490s ]
INFO: [ app_begin ] --START--
INFO: Run Behavior\ReadHtmlCacheBehavior [ RunTime:0.000584s ]
INFO: [ app_begin ] --END-- [ RunTime:0.000665s ]
SQL: SHOW COLUMNS FROM `wenjuan_main` [ RunTime:0.0008s ]
SQL: SELECT COUNT(*) AS tp_count FROM `wenjuan_main` LIMIT 1   [ RunTime:0.0003s ]
SQL: SELECT * FROM `wenjuan_main` WHERE `user_id` = 0 ORDER BY hit desc LIMIT 0,8   [ RunTime:0.0004s ]
SQL: SHOW COLUMNS FROM `wenjuan_result` [ RunTime:0.0008s ]
SQL: SELECT COUNT(*) AS tp_count FROM `wenjuan_result` GROUP BY ip LIMIT 1   [ RunTime:0.0012s ]
SQL: SELECT COUNT(*) AS tp_count FROM `wenjuan_result` GROUP BY ip LIMIT 1   [ RunTime:0.0010s ]
INFO: [ view_parse ] --START--
INFO: [ template_filter ] --START--
INFO: Run Behavior\ContentReplaceBehavior [ RunTime:0.000118s ]
INFO: [ template_filter ] --END-- [ RunTime:0.000215s ]
INFO: Run Behavior\ParseTemplateBehavior [ RunTime:0.014416s ]
INFO: [ view_parse ] --END-- [ RunTime:0.014505s ]
INFO: [ view_filter ] --START--
INFO: Run Behavior\WriteHtmlCacheBehavior [ RunTime:0.000440s ]
INFO: [ view_filter ] --END-- [ RunTime:0.000509s ]
INFO: [ app_end ] --START--
INFO: Run Behavior\ShowPageTraceBehavior [ RunTime:0.000642s ]
INFO: [ app_end ] --END-- [ RunTime:0.000712s ]

[ 2016-06-15T00:59:53+08:00 ] 127.0.0.1 /index.php/Fill/index/survey_id/291
INFO: [ app_init ] --START--
INFO: Run Behavior\BuildLiteBehavior [ RunTime:0.000021s ]
INFO: [ app_init ] --END-- [ RunTime:0.000465s ]
INFO: [ app_begin ] --START--
INFO: Run Behavior\ReadHtmlCacheBehavior [ RunTime:0.000597s ]
INFO: [ app_begin ] --END-- [ RunTime:0.000674s ]
SQL: SHOW COLUMNS FROM `wenjuan_main` [ RunTime:0.0009s ]
SQL: SELECT * FROM `wenjuan_main` WHERE `survey_id` = 291 LIMIT 1   [ RunTime:0.0006s ]
SQL: SHOW COLUMNS FROM `wenjuan_question` [ RunTime:0.0022s ]
SQL: SELECT * FROM `wenjuan_question` WHERE `survey_id` = 291  [ RunTime:0.0004s ]
SQL: SHOW COLUMNS FROM `wenjuan_option` [ RunTime:0.0006s ]
SQL: SELECT * FROM `wenjuan_option` WHERE `question_id` = 294 ORDER BY option_num  [ RunTime:0.0005s ]
SQL: SELECT * FROM `wenjuan_option` WHERE `question_id` = 295 ORDER BY option_num  [ RunTime:0.0003s ]
SQL: SELECT * FROM `wenjuan_option` WHERE `question_id` = 296 ORDER BY option_num  [ RunTime:0.0003s ]
SQL: SHOW COLUMNS FROM `wenjuan_result` [ RunTime:0.0006s ]
SQL: SELECT * FROM `wenjuan_result` WHERE `ip` = '182.118.20.214' AND `survey_id` = 291 LIMIT 1   [ RunTime:0.0004s ]
SQL: SELECT * FROM `wenjuan_result` WHERE `survey_id` = 291 LIMIT 1   [ RunTime:0.0004s ]
INFO: [ view_parse ] --START--
INFO: [ template_filter ] --START--
INFO: Run Behavior\ContentReplaceBehavior [ RunTime:0.000107s ]
INFO: [ template_filter ] --END-- [ RunTime:0.000215s ]
NOTIC: [8] Use of undefined constant survey_id - assumed 'survey_id' /home/ftp/1520/2014survey.twtstudio.com/2014survey.twtstudio.com/Application/Runtime/Cache/Home/e972e7ad52f020fe9d06b5dd10192311.php 第 24 行.
NOTIC: [8] Use of undefined constant title - assumed 'title' /home/ftp/1520/2014survey.twtstudio.com/2014survey.twtstudio.com/Application/Runtime/Cache/Home/e972e7ad52f020fe9d06b5dd10192311.php 第 25 行.
NOTIC: [8] Use of undefined constant description - assumed 'description' /home/ftp/1520/2014survey.twtstudio.com/2014survey.twtstudio.com/Application/Runtime/Cache/Home/e972e7ad52f020fe9d06b5dd10192311.php 第 31 行.
INFO: Run Behavior\ParseTemplateBehavior [ RunTime:0.037407s ]
INFO: [ view_parse ] --END-- [ RunTime:0.037501s ]
INFO: [ view_filter ] --START--
INFO: Run Behavior\WriteHtmlCacheBehavior [ RunTime:0.000513s ]
INFO: [ view_filter ] --END-- [ RunTime:0.000583s ]
INFO: [ app_end ] --START--
INFO: Run Behavior\ShowPageTraceBehavior [ RunTime:0.000655s ]
INFO: [ app_end ] --END-- [ RunTime:0.000726s ]

[ 2016-06-15T01:06:56+08:00 ] 127.0.0.1 /index.php/Fill/index/survey_id/292
INFO: [ app_init ] --START--
INFO: Run Behavior\BuildLiteBehavior [ RunTime:0.000019s ]
INFO: [ app_init ] --END-- [ RunTime:0.000455s ]
INFO: [ app_begin ] --START--
INFO: Run Behavior\ReadHtmlCacheBehavior [ RunTime:0.000618s ]
INFO: [ app_begin ] --END-- [ RunTime:0.000695s ]
SQL: SHOW COLUMNS FROM `wenjuan_main` [ RunTime:0.0012s ]
SQL: SELECT * FROM `wenjuan_main` WHERE `survey_id` = 292 LIMIT 1   [ RunTime:0.0004s ]
SQL: SHOW COLUMNS FROM `wenjuan_question` [ RunTime:0.0008s ]
SQL: SELECT * FROM `wenjuan_question` WHERE `survey_id` = 292  [ RunTime:0.0004s ]
SQL: SHOW COLUMNS FROM `wenjuan_option` [ RunTime:0.0007s ]
SQL: SELECT * FROM `wenjuan_option` WHERE `question_id` = 297 ORDER BY option_num  [ RunTime:0.0005s ]
SQL: SHOW COLUMNS FROM `wenjuan_result` [ RunTime:0.0008s ]
SQL: SELECT * FROM `wenjuan_result` WHERE `ip` = '101.226.167.217' AND `survey_id` = 292 LIMIT 1   [ RunTime:0.0005s ]
SQL: SELECT * FROM `wenjuan_result` WHERE `survey_id` = 292 LIMIT 1   [ RunTime:0.0003s ]
INFO: [ view_parse ] --START--
INFO: [ template_filter ] --START--
INFO: Run Behavior\ContentReplaceBehavior [ RunTime:0.000101s ]
INFO: [ template_filter ] --END-- [ RunTime:0.000192s ]
NOTIC: [8] Use of undefined constant survey_id - assumed 'survey_id' /home/ftp/1520/2014survey.twtstudio.com/2014survey.twtstudio.com/Application/Runtime/Cache/Home/e972e7ad52f020fe9d06b5dd10192311.php 第 24 行.
NOTIC: [8] Use of undefined constant title - assumed 'title' /home/ftp/1520/2014survey.twtstudio.com/2014survey.twtstudio.com/Application/Runtime/Cache/Home/e972e7ad52f020fe9d06b5dd10192311.php 第 25 行.
NOTIC: [8] Use of undefined constant description - assumed 'description' /home/ftp/1520/2014survey.twtstudio.com/2014survey.twtstudio.com/Application/Runtime/Cache/Home/e972e7ad52f020fe9d06b5dd10192311.php 第 31 行.
INFO: Run Behavior\ParseTemplateBehavior [ RunTime:0.016756s ]
INFO: [ view_parse ] --END-- [ RunTime:0.016831s ]
INFO: [ view_filter ] --START--
INFO: Run Behavior\WriteHtmlCacheBehavior [ RunTime:0.000460s ]
INFO: [ view_filter ] --END-- [ RunTime:0.000544s ]
INFO: [ app_end ] --START--
INFO: Run Behavior\ShowPageTraceBehavior [ RunTime:0.000656s ]
INFO: [ app_end ] --END-- [ RunTime:0.000726s ]

[ 2016-06-15T01:12:43+08:00 ] 127.0.0.1 /index.php/Statics/statisticsDetail/survey_id/294
INFO: [ app_init ] --START--
INFO: Run Behavior\BuildLiteBehavior [ RunTime:0.000020s ]
INFO: [ app_init ] --END-- [ RunTime:0.000462s ]
INFO: [ app_begin ] --START--
INFO: Run Behavior\ReadHtmlCacheBehavior [ RunTime:0.000583s ]
INFO: [ app_begin ] --END-- [ RunTime:0.000659s ]
INFO: [ view_parse ] --START--
INFO: [ template_filter ] --START--
INFO: Run Behavior\ContentReplaceBehavior [ RunTime:0.000094s ]
INFO: [ template_filter ] --END-- [ RunTime:0.000189s ]
INFO: Run Behavior\ParseTemplateBehavior [ RunTime:0.047932s ]
INFO: [ view_parse ] --END-- [ RunTime:0.048009s ]
INFO: [ view_filter ] --START--
INFO: Run Behavior\WriteHtmlCacheBehavior [ RunTime:0.000438s ]
INFO: [ view_filter ] --END-- [ RunTime:0.000507s ]
INFO: [ app_end ] --START--
INFO: Run Behavior\ShowPageTraceBehavior [ RunTime:0.000688s ]
INFO: [ app_end ] --END-- [ RunTime:0.000759s ]

[ 2016-06-15T02:00:22+08:00 ] 127.0.0.1 /index.php/Fill/index/survey_id/147
INFO: [ app_init ] --START--
INFO: Run Behavior\BuildLiteBehavior [ RunTime:0.000020s ]
INFO: [ app_init ] --END-- [ RunTime:0.000453s ]
INFO: [ app_begin ] --START--
INFO: Run Behavior\ReadHtmlCacheBehavior [ RunTime:0.000591s ]
INFO: [ app_begin ] --END-- [ RunTime:0.000668s ]
SQL: SHOW COLUMNS FROM `wenjuan_main` [ RunTime:0.0011s ]
SQL: SELECT * FROM `wenjuan_main` WHERE `survey_id` = 147 LIMIT 1   [ RunTime:0.0004s ]
SQL: SHOW COLUMNS FROM `wenjuan_question` [ RunTime:0.0007s ]
SQL: SELECT * FROM `wenjuan_question` WHERE `survey_id` = 147  [ RunTime:0.0004s ]
NOTIC: [8] Undefined index: survey_status /home/ftp/1520/2014survey.twtstudio.com/2014survey.twtstudio.com/Application/Home/Controller/FillController.class.php 第 76 行.
NOTIC: [8] Undefined index: anonymity /home/ftp/1520/2014survey.twtstudio.com/2014survey.twtstudio.com/Application/Home/Controller/FillController.class.php 第 79 行.
NOTIC: [8] Undefined index: survey_id /home/ftp/1520/2014survey.twtstudio.com/2014survey.twtstudio.com/Application/Home/Controller/FillController.class.php 第 83 行.
NOTIC: [8] Undefined index: survey_id /home/ftp/1520/2014survey.twtstudio.com/2014survey.twtstudio.com/Application/Home/Controller/FillController.class.php 第 84 行.
SQL: SHOW COLUMNS FROM `wenjuan_result` [ RunTime:0.0009s ]
SQL: SELECT * FROM `wenjuan_result` WHERE `ip` = '66.249.65.16' AND `survey_id` = null LIMIT 1   [ RunTime:0.0005s ]
SQL: SELECT * FROM `wenjuan_result` WHERE `survey_id` = null LIMIT 1   [ RunTime:0.0005s ]
INFO: [ view_parse ] --START--
INFO: [ template_filter ] --START--
INFO: Run Behavior\ContentReplaceBehavior [ RunTime:0.000101s ]
INFO: [ template_filter ] --END-- [ RunTime:0.000209s ]
NOTIC: [8] Use of undefined constant survey_id - assumed 'survey_id' /home/ftp/1520/2014survey.twtstudio.com/2014survey.twtstudio.com/Application/Runtime/Cache/Home/e972e7ad52f020fe9d06b5dd10192311.php 第 24 行.
NOTIC: [8] Undefined index: survey_id /home/ftp/1520/2014survey.twtstudio.com/2014survey.twtstudio.com/Application/Runtime/Cache/Home/e972e7ad52f020fe9d06b5dd10192311.php 第 24 行.
NOTIC: [8] Use of undefined constant title - assumed 'title' /home/ftp/1520/2014survey.twtstudio.com/2014survey.twtstudio.com/Application/Runtime/Cache/Home/e972e7ad52f020fe9d06b5dd10192311.php 第 25 行.
NOTIC: [8] Undefined index: title /home/ftp/1520/2014survey.twtstudio.com/2014survey.twtstudio.com/Application/Runtime/Cache/Home/e972e7ad52f020fe9d06b5dd10192311.php 第 25 行.
NOTIC: [8] Use of undefined constant description - assumed 'description' /home/ftp/1520/2014survey.twtstudio.com/2014survey.twtstudio.com/Application/Runtime/Cache/Home/e972e7ad52f020fe9d06b5dd10192311.php 第 31 行.
NOTIC: [8] Undefined index: description /home/ftp/1520/2014survey.twtstudio.com/2014survey.twtstudio.com/Application/Runtime/Cache/Home/e972e7ad52f020fe9d06b5dd10192311.php 第 31 行.
INFO: Run Behavior\ParseTemplateBehavior [ RunTime:0.015120s ]
INFO: [ view_parse ] --END-- [ RunTime:0.015192s ]
INFO: [ view_filter ] --START--
INFO: Run Behavior\WriteHtmlCacheBehavior [ RunTime:0.000442s ]
INFO: [ view_filter ] --END-- [ RunTime:0.000514s ]
INFO: [ app_end ] --START--
INFO: Run Behavior\ShowPageTraceBehavior [ RunTime:0.000621s ]
INFO: [ app_end ] --END-- [ RunTime:0.000694s ]

[ 2016-06-15T05:08:27+08:00 ] 127.0.0.1 /
INFO: [ app_init ] --START--
INFO: Run Behavior\BuildLiteBehavior [ RunTime:0.000020s ]
INFO: [ app_init ] --END-- [ RunTime:0.000470s ]
INFO: [ app_begin ] --START--
INFO: Run Behavior\ReadHtmlCacheBehavior [ RunTime:0.000608s ]
INFO: [ app_begin ] --END-- [ RunTime:0.000689s ]
SQL: SHOW COLUMNS FROM `wenjuan_main` [ RunTime:0.0009s ]
SQL: SELECT * FROM `wenjuan_main` WHERE `survey_status` = 1 ORDER BY hit desc LIMIT 5   [ RunTime:0.0006s ]
SQL: SELECT * FROM `wenjuan_main` WHERE `survey_status` = 1 ORDER BY fabu_time desc LIMIT 5   [ RunTime:0.0004s ]
INFO: [ view_parse ] --START--
INFO: [ template_filter ] --START--
INFO: Run Behavior\ContentReplaceBehavior [ RunTime:0.000113s ]
INFO: [ template_filter ] --END-- [ RunTime:0.000199s ]
INFO: Run Behavior\ParseTemplateBehavior [ RunTime:0.027932s ]
INFO: [ view_parse ] --END-- [ RunTime:0.028020s ]
INFO: [ view_filter ] --START--
INFO: Run Behavior\WriteHtmlCacheBehavior [ RunTime:0.000456s ]
INFO: [ view_filter ] --END-- [ RunTime:0.000525s ]
INFO: [ app_end ] --START--
INFO: Run Behavior\ShowPageTraceBehavior [ RunTime:0.000626s ]
INFO: [ app_end ] --END-- [ RunTime:0.000696s ]

[ 2016-06-15T07:03:02+08:00 ] 127.0.0.1 /index.php/Fill/fill/p/1
INFO: [ app_init ] --START--
INFO: Run Behavior\BuildLiteBehavior [ RunTime:0.000019s ]
INFO: [ app_init ] --END-- [ RunTime:0.000455s ]
INFO: [ app_begin ] --START--
INFO: Run Behavior\ReadHtmlCacheBehavior [ RunTime:0.000595s ]
INFO: [ app_begin ] --END-- [ RunTime:0.000674s ]
SQL: SHOW COLUMNS FROM `wenjuan_main` [ RunTime:0.0052s ]
SQL: SELECT COUNT(*) AS tp_count FROM `wenjuan_main` WHERE `survey_status` = 1 LIMIT 1   [ RunTime:0.0005s ]
SQL: SELECT * FROM `wenjuan_main` WHERE `survey_status` = 1 ORDER BY hit desc LIMIT 0,8   [ RunTime:0.0006s ]
SQL: SHOW COLUMNS FROM `wenjuan_result` [ RunTime:0.0007s ]
SQL: SELECT COUNT(*) AS tp_count FROM `wenjuan_result` GROUP BY ip LIMIT 1   [ RunTime:0.0011s ]
SQL: SELECT COUNT(*) AS tp_count FROM `wenjuan_result` GROUP BY ip LIMIT 1   [ RunTime:0.0010s ]
SQL: SELECT COUNT(*) AS tp_count FROM `wenjuan_result` GROUP BY ip LIMIT 1   [ RunTime:0.0010s ]
SQL: SELECT COUNT(*) AS tp_count FROM `wenjuan_result` GROUP BY ip LIMIT 1   [ RunTime:0.0009s ]
SQL: SELECT COUNT(*) AS tp_count FROM `wenjuan_result` GROUP BY ip LIMIT 1   [ RunTime:0.0009s ]
SQL: SELECT COUNT(*) AS tp_count FROM `wenjuan_result` GROUP BY ip LIMIT 1   [ RunTime:0.0010s ]
SQL: SELECT COUNT(*) AS tp_count FROM `wenjuan_result` GROUP BY ip LIMIT 1   [ RunTime:0.0010s ]
SQL: SELECT COUNT(*) AS tp_count FROM `wenjuan_result` GROUP BY ip LIMIT 1   [ RunTime:0.0009s ]
INFO: [ view_parse ] --START--
INFO: [ template_filter ] --START--
INFO: Run Behavior\ContentReplaceBehavior [ RunTime:0.000128s ]
INFO: [ template_filter ] --END-- [ RunTime:0.000326s ]
INFO: Run Behavior\ParseTemplateBehavior [ RunTime:0.024751s ]
INFO: [ view_parse ] --END-- [ RunTime:0.024839s ]
INFO: [ view_filter ] --START--
INFO: Run Behavior\WriteHtmlCacheBehavior [ RunTime:0.000453s ]
INFO: [ view_filter ] --END-- [ RunTime:0.000535s ]
INFO: [ app_end ] --START--
INFO: Run Behavior\ShowPageTraceBehavior [ RunTime:0.000665s ]
INFO: [ app_end ] --END-- [ RunTime:0.000735s ]

[ 2016-06-15T09:04:12+08:00 ] 127.0.0.1 /index.php/Fill/index/survey_id/281
INFO: [ app_init ] --START--
INFO: Run Behavior\BuildLiteBehavior [ RunTime:0.000021s ]
INFO: [ app_init ] --END-- [ RunTime:0.000492s ]
INFO: [ app_begin ] --START--
INFO: Run Behavior\ReadHtmlCacheBehavior [ RunTime:0.000624s ]
INFO: [ app_begin ] --END-- [ RunTime:0.000708s ]
SQL: SHOW COLUMNS FROM `wenjuan_main` [ RunTime:0.0009s ]
SQL: SELECT * FROM `wenjuan_main` WHERE `survey_id` = 281 LIMIT 1   [ RunTime:0.0004s ]
SQL: SHOW COLUMNS FROM `wenjuan_question` [ RunTime:0.0007s ]
SQL: SELECT * FROM `wenjuan_question` WHERE `survey_id` = 281  [ RunTime:0.0004s ]
SQL: SHOW COLUMNS FROM `wenjuan_option` [ RunTime:0.0005s ]
SQL: SELECT * FROM `wenjuan_option` WHERE `question_id` = 266 ORDER BY option_num  [ RunTime:0.0005s ]
SQL: SELECT * FROM `wenjuan_option` WHERE `question_id` = 267 ORDER BY option_num  [ RunTime:0.0003s ]
SQL: SELECT * FROM `wenjuan_option` WHERE `question_id` = 268 ORDER BY option_num  [ RunTime:0.0002s ]
SQL: SELECT * FROM `wenjuan_option` WHERE `question_id` = 269 ORDER BY option_num  [ RunTime:0.0002s ]
SQL: SELECT * FROM `wenjuan_option` WHERE `question_id` = 270 ORDER BY option_num  [ RunTime:0.0002s ]
SQL: SHOW COLUMNS FROM `wenjuan_result` [ RunTime:0.0005s ]
SQL: SELECT * FROM `wenjuan_result` WHERE `ip` = '182.118.20.202' AND `survey_id` = 281 LIMIT 1   [ RunTime:0.0004s ]
SQL: SELECT * FROM `wenjuan_result` WHERE `survey_id` = 281 LIMIT 1   [ RunTime:0.0003s ]
INFO: [ view_parse ] --START--
INFO: [ template_filter ] --START--
INFO: Run Behavior\ContentReplaceBehavior [ RunTime:0.000083s ]
INFO: [ template_filter ] --END-- [ RunTime:0.000172s ]
NOTIC: [8] Use of undefined constant survey_id - assumed 'survey_id' /home/ftp/1520/2014survey.twtstudio.com/2014survey.twtstudio.com/Application/Runtime/Cache/Home/e972e7ad52f020fe9d06b5dd10192311.php 第 24 行.
NOTIC: [8] Use of undefined constant title - assumed 'title' /home/ftp/1520/2014survey.twtstudio.com/2014survey.twtstudio.com/Application/Runtime/Cache/Home/e972e7ad52f020fe9d06b5dd10192311.php 第 25 行.
NOTIC: [8] Use of undefined constant description - assumed 'description' /home/ftp/1520/2014survey.twtstudio.com/2014survey.twtstudio.com/Application/Runtime/Cache/Home/e972e7ad52f020fe9d06b5dd10192311.php 第 31 行.
INFO: Run Behavior\ParseTemplateBehavior [ RunTime:0.041174s ]
INFO: [ view_parse ] --END-- [ RunTime:0.041251s ]
INFO: [ view_filter ] --START--
INFO: Run Behavior\WriteHtmlCacheBehavior [ RunTime:0.000392s ]
INFO: [ view_filter ] --END-- [ RunTime:0.000445s ]
INFO: [ app_end ] --START--
INFO: Run Behavior\ShowPageTraceBehavior [ RunTime:0.000500s ]
INFO: [ app_end ] --END-- [ RunTime:0.000560s ]

[ 2016-06-15T09:30:30+08:00 ] 127.0.0.1 /
INFO: [ app_init ] --START--
INFO: Run Behavior\BuildLiteBehavior [ RunTime:0.000022s ]
INFO: [ app_init ] --END-- [ RunTime:0.000511s ]
INFO: [ app_begin ] --START--
INFO: Run Behavior\ReadHtmlCacheBehavior [ RunTime:0.000596s ]
INFO: [ app_begin ] --END-- [ RunTime:0.000676s ]
SQL: SHOW COLUMNS FROM `wenjuan_main` [ RunTime:0.0009s ]
SQL: SELECT * FROM `wenjuan_main` WHERE `survey_status` = 1 ORDER BY hit desc LIMIT 5   [ RunTime:0.0005s ]
SQL: SELECT * FROM `wenjuan_main` WHERE `survey_status` = 1 ORDER BY fabu_time desc LIMIT 5   [ RunTime:0.0003s ]
INFO: [ view_parse ] --START--
INFO: [ template_filter ] --START--
INFO: Run Behavior\ContentReplaceBehavior [ RunTime:0.000122s ]
INFO: [ template_filter ] --END-- [ RunTime:0.000214s ]
INFO: Run Behavior\ParseTemplateBehavior [ RunTime:0.043016s ]
INFO: [ view_parse ] --END-- [ RunTime:0.043117s ]
INFO: [ view_filter ] --START--
INFO: Run Behavior\WriteHtmlCacheBehavior [ RunTime:0.000419s ]
INFO: [ view_filter ] --END-- [ RunTime:0.000476s ]
INFO: [ app_end ] --START--
INFO: Run Behavior\ShowPageTraceBehavior [ RunTime:0.000492s ]
INFO: [ app_end ] --END-- [ RunTime:0.000547s ]

[ 2016-06-15T10:02:48+08:00 ] 127.0.0.1 /
INFO: [ app_init ] --START--
INFO: Run Behavior\BuildLiteBehavior [ RunTime:0.000021s ]
INFO: [ app_init ] --END-- [ RunTime:0.000461s ]
INFO: [ app_begin ] --START--
INFO: Run Behavior\ReadHtmlCacheBehavior [ RunTime:0.000598s ]
INFO: [ app_begin ] --END-- [ RunTime:0.000674s ]
SQL: SHOW COLUMNS FROM `wenjuan_main` [ RunTime:0.0009s ]
SQL: SELECT * FROM `wenjuan_main` WHERE `survey_status` = 1 ORDER BY hit desc LIMIT 5   [ RunTime:0.0005s ]
SQL: SELECT * FROM `wenjuan_main` WHERE `survey_status` = 1 ORDER BY fabu_time desc LIMIT 5   [ RunTime:0.0003s ]
INFO: [ view_parse ] --START--
INFO: [ template_filter ] --START--
INFO: Run Behavior\ContentReplaceBehavior [ RunTime:0.000119s ]
INFO: [ template_filter ] --END-- [ RunTime:0.000206s ]
INFO: Run Behavior\ParseTemplateBehavior [ RunTime:0.013553s ]
INFO: [ view_parse ] --END-- [ RunTime:0.013639s ]
INFO: [ view_filter ] --START--
INFO: Run Behavior\WriteHtmlCacheBehavior [ RunTime:0.000449s ]
INFO: [ view_filter ] --END-- [ RunTime:0.000519s ]
INFO: [ app_end ] --START--
INFO: Run Behavior\ShowPageTraceBehavior [ RunTime:0.000639s ]
INFO: [ app_end ] --END-- [ RunTime:0.000709s ]

[ 2016-06-15T11:18:22+08:00 ] 127.0.0.1 /
INFO: [ app_init ] --START--
INFO: Run Behavior\BuildLiteBehavior [ RunTime:0.000019s ]
INFO: [ app_init ] --END-- [ RunTime:0.000383s ]
INFO: [ app_begin ] --START--
INFO: Run Behavior\ReadHtmlCacheBehavior [ RunTime:0.000474s ]
INFO: [ app_begin ] --END-- [ RunTime:0.000539s ]
SQL: SHOW COLUMNS FROM `wenjuan_main` [ RunTime:0.0010s ]
SQL: SELECT * FROM `wenjuan_main` WHERE `survey_status` = 1 ORDER BY hit desc LIMIT 5   [ RunTime:0.0005s ]
SQL: SELECT * FROM `wenjuan_main` WHERE `survey_status` = 1 ORDER BY fabu_time desc LIMIT 5   [ RunTime:0.0003s ]
INFO: [ view_parse ] --START--
INFO: [ template_filter ] --START--
INFO: Run Behavior\ContentReplaceBehavior [ RunTime:0.000088s ]
INFO: [ template_filter ] --END-- [ RunTime:0.000164s ]
INFO: Run Behavior\ParseTemplateBehavior [ RunTime:0.011326s ]
INFO: [ view_parse ] --END-- [ RunTime:0.011402s ]
INFO: [ view_filter ] --START--
INFO: Run Behavior\WriteHtmlCacheBehavior [ RunTime:0.000359s ]
INFO: [ view_filter ] --END-- [ RunTime:0.000414s ]
INFO: [ app_end ] --START--
INFO: Run Behavior\ShowPageTraceBehavior [ RunTime:0.000497s ]
INFO: [ app_end ] --END-- [ RunTime:0.000551s ]

[ 2016-06-15T11:42:08+08:00 ] 127.0.0.1 /
INFO: [ app_init ] --START--
INFO: Run Behavior\BuildLiteBehavior [ RunTime:0.000019s ]
INFO: [ app_init ] --END-- [ RunTime:0.000545s ]
INFO: [ app_begin ] --START--
INFO: Run Behavior\ReadHtmlCacheBehavior [ RunTime:0.000601s ]
INFO: [ app_begin ] --END-- [ RunTime:0.000678s ]
SQL: SHOW COLUMNS FROM `wenjuan_main` [ RunTime:0.0009s ]
SQL: SELECT * FROM `wenjuan_main` WHERE `survey_status` = 1 ORDER BY hit desc LIMIT 5   [ RunTime:0.0005s ]
SQL: SELECT * FROM `wenjuan_main` WHERE `survey_status` = 1 ORDER BY fabu_time desc LIMIT 5   [ RunTime:0.0003s ]
INFO: [ view_parse ] --START--
INFO: [ template_filter ] --START--
INFO: Run Behavior\ContentReplaceBehavior [ RunTime:0.000116s ]
INFO: [ template_filter ] --END-- [ RunTime:0.000204s ]
INFO: Run Behavior\ParseTemplateBehavior [ RunTime:0.013221s ]
INFO: [ view_parse ] --END-- [ RunTime:0.013304s ]
INFO: [ view_filter ] --START--
INFO: Run Behavior\WriteHtmlCacheBehavior [ RunTime:0.000496s ]
INFO: [ view_filter ] --END-- [ RunTime:0.000566s ]
INFO: [ app_end ] --START--
INFO: Run Behavior\ShowPageTraceBehavior [ RunTime:0.000623s ]
INFO: [ app_end ] --END-- [ RunTime:0.000692s ]

[ 2016-06-15T12:55:46+08:00 ] 127.0.0.1 /
INFO: [ app_init ] --START--
INFO: Run Behavior\BuildLiteBehavior [ RunTime:0.000020s ]
INFO: [ app_init ] --END-- [ RunTime:0.000475s ]
INFO: [ app_begin ] --START--
INFO: Run Behavior\ReadHtmlCacheBehavior [ RunTime:0.000597s ]
INFO: [ app_begin ] --END-- [ RunTime:0.000674s ]
SQL: SHOW COLUMNS FROM `wenjuan_main` [ RunTime:0.0009s ]
SQL: SELECT * FROM `wenjuan_main` WHERE `survey_status` = 1 ORDER BY hit desc LIMIT 5   [ RunTime:0.0005s ]
SQL: SELECT * FROM `wenjuan_main` WHERE `survey_status` = 1 ORDER BY fabu_time desc LIMIT 5   [ RunTime:0.0004s ]
INFO: [ view_parse ] --START--
INFO: [ template_filter ] --START--
INFO: Run Behavior\ContentReplaceBehavior [ RunTime:0.000115s ]
INFO: [ template_filter ] --END-- [ RunTime:0.000200s ]
INFO: Run Behavior\ParseTemplateBehavior [ RunTime:0.013389s ]
INFO: [ view_parse ] --END-- [ RunTime:0.013476s ]
INFO: [ view_filter ] --START--
INFO: Run Behavior\WriteHtmlCacheBehavior [ RunTime:0.000449s ]
INFO: [ view_filter ] --END-- [ RunTime:0.000518s ]
INFO: [ app_end ] --START--
INFO: Run Behavior\ShowPageTraceBehavior [ RunTime:0.000647s ]
INFO: [ app_end ] --END-- [ RunTime:0.000718s ]

[ 2016-06-15T14:22:20+08:00 ] 127.0.0.1 /index.php/MyQuestionnaire/index.html
INFO: [ app_init ] --START--
INFO: Run Behavior\BuildLiteBehavior [ RunTime:0.000019s ]
INFO: [ app_init ] --END-- [ RunTime:0.000455s ]
INFO: [ app_begin ] --START--
INFO: Run Behavior\ReadHtmlCacheBehavior [ RunTime:0.000599s ]
INFO: [ app_begin ] --END-- [ RunTime:0.000679s ]
SQL: SHOW COLUMNS FROM `wenjuan_main` [ RunTime:0.0009s ]
SQL: SELECT COUNT(*) AS tp_count FROM `wenjuan_main` WHERE `user_id` = 0 AND `survey_status` > 0 ORDER BY survey_status desc LIMIT 1   [ RunTime:0.0004s ]
SQL: SELECT COUNT(*) AS tp_count FROM `wenjuan_main` WHERE `user_id` = 0 AND `survey_status` = 0 ORDER BY survey_id desc LIMIT 1   [ RunTime:0.0002s ]

[ 2016-06-15T14:22:21+08:00 ] 127.0.0.1 /index.php/MyQuestionnaire/index/p/1/m/1.html
INFO: [ app_init ] --START--
INFO: Run Behavior\BuildLiteBehavior [ RunTime:0.000018s ]
INFO: [ app_init ] --END-- [ RunTime:0.000369s ]
INFO: [ app_begin ] --START--
INFO: Run Behavior\ReadHtmlCacheBehavior [ RunTime:0.000518s ]
INFO: [ app_begin ] --END-- [ RunTime:0.000585s ]
SQL: SHOW COLUMNS FROM `wenjuan_main` [ RunTime:0.0008s ]
SQL: SELECT COUNT(*) AS tp_count FROM `wenjuan_main` WHERE `user_id` = 0 AND `survey_status` > 0 ORDER BY survey_status desc LIMIT 1   [ RunTime:0.0004s ]
SQL: SELECT COUNT(*) AS tp_count FROM `wenjuan_main` WHERE `user_id` = 0 AND `survey_status` = 0 ORDER BY survey_id desc LIMIT 1   [ RunTime:0.0003s ]
SQL: SELECT * FROM `wenjuan_main` WHERE `user_id` = 0 AND `survey_status` > 0 ORDER BY survey_status desc LIMIT 0,6   [ RunTime:0.0002s ]
SQL: SELECT * FROM `wenjuan_main` WHERE `user_id` = 0 AND `survey_status` = 0 ORDER BY survey_id desc LIMIT 0,6   [ RunTime:0.0002s ]
INFO: [ view_parse ] --START--
INFO: [ template_filter ] --START--
INFO: Run Behavior\ContentReplaceBehavior [ RunTime:0.000147s ]
INFO: [ template_filter ] --END-- [ RunTime:0.000241s ]
NOTIC: [8] Use of undefined constant title - assumed 'title' /home/ftp/1520/2014survey.twtstudio.com/2014survey.twtstudio.com/Application/Runtime/Cache/Home/06acb0390933e27cd66010fdf630ea11.php 第 231 行.
NOTIC: [8] Use of undefined constant survey_id - assumed 'survey_id' /home/ftp/1520/2014survey.twtstudio.com/2014survey.twtstudio.com/Application/Runtime/Cache/Home/06acb0390933e27cd66010fdf630ea11.php 第 233 行.
NOTIC: [8] Use of undefined constant survey_id - assumed 'survey_id' /home/ftp/1520/2014survey.twtstudio.com/2014survey.twtstudio.com/Application/Runtime/Cache/Home/06acb0390933e27cd66010fdf630ea11.php 第 234 行.
NOTIC: [8] Use of undefined constant survey_id - assumed 'survey_id' /home/ftp/1520/2014survey.twtstudio.com/2014survey.twtstudio.com/Application/Runtime/Cache/Home/06acb0390933e27cd66010fdf630ea11.php 第 235 行.
NOTIC: [8] Use of undefined constant survey_id - assumed 'survey_id' /home/ftp/1520/2014survey.twtstudio.com/2014survey.twtstudio.com/Application/Runtime/Cache/Home/06acb0390933e27cd66010fdf630ea11.php 第 237 行.
NOTIC: [8] Use of undefined constant survey_id - assumed 'survey_id' /home/ftp/1520/2014survey.twtstudio.com/2014survey.twtstudio.com/Application/Runtime/Cache/Home/06acb0390933e27cd66010fdf630ea11.php 第 238 行.
NOTIC: [8] Use of undefined constant title - assumed 'title' /home/ftp/1520/2014survey.twtstudio.com/2014survey.twtstudio.com/Application/Runtime/Cache/Home/06acb0390933e27cd66010fdf630ea11.php 第 231 行.
NOTIC: [8] Use of undefined constant survey_id - assumed 'survey_id' /home/ftp/1520/2014survey.twtstudio.com/2014survey.twtstudio.com/Application/Runtime/Cache/Home/06acb0390933e27cd66010fdf630ea11.php 第 233 行.
NOTIC: [8] Use of undefined constant survey_id - assumed 'survey_id' /home/ftp/1520/2014survey.twtstudio.com/2014survey.twtstudio.com/Application/Runtime/Cache/Home/06acb0390933e27cd66010fdf630ea11.php 第 234 行.
NOTIC: [8] Use of undefined constant survey_id - assumed 'survey_id' /home/ftp/1520/2014survey.twtstudio.com/2014survey.twtstudio.com/Application/Runtime/Cache/Home/06acb0390933e27cd66010fdf630ea11.php 第 235 行.
NOTIC: [8] Use of undefined constant survey_id - assumed 'survey_id' /home/ftp/1520/2014survey.twtstudio.com/2014survey.twtstudio.com/Application/Runtime/Cache/Home/06acb0390933e27cd66010fdf630ea11.php 第 237 行.
NOTIC: [8] Use of undefined constant survey_id - assumed 'survey_id' /home/ftp/1520/2014survey.twtstudio.com/2014survey.twtstudio.com/Application/Runtime/Cache/Home/06acb0390933e27cd66010fdf630ea11.php 第 238 行.
INFO: Run Behavior\ParseTemplateBehavior [ RunTime:0.028252s ]
INFO: [ view_parse ] --END-- [ RunTime:0.028349s ]
INFO: [ view_filter ] --START--
INFO: Run Behavior\WriteHtmlCacheBehavior [ RunTime:0.000402s ]
INFO: [ view_filter ] --END-- [ RunTime:0.000456s ]
INFO: [ app_end ] --START--
INFO: Run Behavior\ShowPageTraceBehavior [ RunTime:0.000482s ]
INFO: [ app_end ] --END-- [ RunTime:0.000540s ]

[ 2016-06-15T14:22:24+08:00 ] 127.0.0.1 /index.php/Index/index.html
INFO: [ app_init ] --START--
INFO: Run Behavior\BuildLiteBehavior [ RunTime:0.000020s ]
INFO: [ app_init ] --END-- [ RunTime:0.000464s ]
INFO: [ app_begin ] --START--
INFO: Run Behavior\ReadHtmlCacheBehavior [ RunTime:0.000605s ]
INFO: [ app_begin ] --END-- [ RunTime:0.000682s ]
SQL: SHOW COLUMNS FROM `wenjuan_main` [ RunTime:0.0008s ]
SQL: SELECT * FROM `wenjuan_main` WHERE `survey_status` = 1 ORDER BY hit desc LIMIT 5   [ RunTime:0.0006s ]
SQL: SELECT * FROM `wenjuan_main` WHERE `survey_status` = 1 ORDER BY fabu_time desc LIMIT 5   [ RunTime:0.0003s ]
INFO: [ view_parse ] --START--
INFO: [ template_filter ] --START--
INFO: Run Behavior\ContentReplaceBehavior [ RunTime:0.000121s ]
INFO: [ template_filter ] --END-- [ RunTime:0.000206s ]
INFO: Run Behavior\ParseTemplateBehavior [ RunTime:0.013459s ]
INFO: [ view_parse ] --END-- [ RunTime:0.013547s ]
INFO: [ view_filter ] --START--
INFO: Run Behavior\WriteHtmlCacheBehavior [ RunTime:0.000445s ]
INFO: [ view_filter ] --END-- [ RunTime:0.000515s ]
INFO: [ app_end ] --START--
INFO: Run Behavior\ShowPageTraceBehavior [ RunTime:0.000644s ]
INFO: [ app_end ] --END-- [ RunTime:0.000714s ]

[ 2016-06-15T19:28:11+08:00 ] 127.0.0.1 /index.php/MyQuestionnaire/look/survey_id/295/p/1/m/0
INFO: [ app_init ] --START--
INFO: Run Behavior\BuildLiteBehavior [ RunTime:0.000015s ]
INFO: [ app_init ] --END-- [ RunTime:0.000379s ]
INFO: [ app_begin ] --START--
INFO: Run Behavior\ReadHtmlCacheBehavior [ RunTime:0.000524s ]
INFO: [ app_begin ] --END-- [ RunTime:0.000587s ]
SQL: SHOW COLUMNS FROM `wenjuan_main` [ RunTime:0.0010s ]
SQL: SELECT * FROM `wenjuan_main` WHERE `survey_id` = 295 LIMIT 1   [ RunTime:0.0004s ]
SQL: SHOW COLUMNS FROM `wenjuan_question` [ RunTime:0.0006s ]
SQL: SELECT * FROM `wenjuan_question` WHERE `survey_id` = 295  [ RunTime:0.0003s ]
INFO: [ view_parse ] --START--
INFO: [ template_filter ] --START--
INFO: Run Behavior\ContentReplaceBehavior [ RunTime:0.000086s ]
INFO: [ template_filter ] --END-- [ RunTime:0.000198s ]
NOTIC: [8] Use of undefined constant title - assumed 'title' /home/ftp/1520/2014survey.twtstudio.com/2014survey.twtstudio.com/Application/Runtime/Cache/Home/d6191f39a12e4db0ded7ff621a4eb10b.php 第 21 行.
NOTIC: [8] Use of undefined constant description - assumed 'description' /home/ftp/1520/2014survey.twtstudio.com/2014survey.twtstudio.com/Application/Runtime/Cache/Home/d6191f39a12e4db0ded7ff621a4eb10b.php 第 27 行.
INFO: Run Behavior\ParseTemplateBehavior [ RunTime:0.023250s ]
INFO: [ view_parse ] --END-- [ RunTime:0.023339s ]
INFO: [ view_filter ] --START--
INFO: Run Behavior\WriteHtmlCacheBehavior [ RunTime:0.000400s ]
INFO: [ view_filter ] --END-- [ RunTime:0.000455s ]
INFO: [ app_end ] --START--
INFO: Run Behavior\ShowPageTraceBehavior [ RunTime:0.000508s ]
INFO: [ app_end ] --END-- [ RunTime:0.000569s ]

[ 2016-06-15T20:30:22+08:00 ] 127.0.0.1 /
INFO: [ app_init ] --START--
INFO: Run Behavior\BuildLiteBehavior [ RunTime:0.000019s ]
INFO: [ app_init ] --END-- [ RunTime:0.000456s ]
INFO: [ app_begin ] --START--
INFO: Run Behavior\ReadHtmlCacheBehavior [ RunTime:0.000629s ]
INFO: [ app_begin ] --END-- [ RunTime:0.000704s ]
SQL: SHOW COLUMNS FROM `wenjuan_main` [ RunTime:0.0010s ]
SQL: SELECT * FROM `wenjuan_main` WHERE `survey_status` = 1 ORDER BY hit desc LIMIT 5   [ RunTime:0.0005s ]
SQL: SELECT * FROM `wenjuan_main` WHERE `survey_status` = 1 ORDER BY fabu_time desc LIMIT 5   [ RunTime:0.0003s ]
INFO: [ view_parse ] --START--
INFO: [ template_filter ] --START--
INFO: Run Behavior\ContentReplaceBehavior [ RunTime:0.000113s ]
INFO: [ template_filter ] --END-- [ RunTime:0.000191s ]
INFO: Run Behavior\ParseTemplateBehavior [ RunTime:0.011753s ]
INFO: [ view_parse ] --END-- [ RunTime:0.011835s ]
INFO: [ view_filter ] --START--
INFO: Run Behavior\WriteHtmlCacheBehavior [ RunTime:0.000441s ]
INFO: [ view_filter ] --END-- [ RunTime:0.000510s ]
INFO: [ app_end ] --START--
INFO: Run Behavior\ShowPageTraceBehavior [ RunTime:0.000667s ]
INFO: [ app_end ] --END-- [ RunTime:0.000738s ]

[ 2016-06-15T22:52:11+08:00 ] 127.0.0.1 /index.php/Fill/index/survey_id/
INFO: [ app_init ] --START--
INFO: Run Behavior\BuildLiteBehavior [ RunTime:0.000020s ]
INFO: [ app_init ] --END-- [ RunTime:0.000454s ]
INFO: [ app_begin ] --START--
INFO: Run Behavior\ReadHtmlCacheBehavior [ RunTime:0.000606s ]
INFO: [ app_begin ] --END-- [ RunTime:0.000683s ]
SQL: SHOW COLUMNS FROM `wenjuan_main` [ RunTime:0.0009s ]
SQL: SELECT * FROM `wenjuan_main` WHERE `survey_id` = 0 LIMIT 1   [ RunTime:0.0003s ]
SQL: SHOW COLUMNS FROM `wenjuan_question` [ RunTime:0.0006s ]
SQL: SELECT * FROM `wenjuan_question` WHERE `survey_id` = 0  [ RunTime:0.0003s ]
SQL: SHOW COLUMNS FROM `wenjuan_option` [ RunTime:0.0006s ]
SQL: SELECT * FROM `wenjuan_option` WHERE `question_id` = 306 ORDER BY option_num  [ RunTime:0.0005s ]
NOTIC: [8] Undefined index: survey_status /home/ftp/1520/2014survey.twtstudio.com/2014survey.twtstudio.com/Application/Home/Controller/FillController.class.php 第 76 行.
NOTIC: [8] Undefined index: anonymity /home/ftp/1520/2014survey.twtstudio.com/2014survey.twtstudio.com/Application/Home/Controller/FillController.class.php 第 79 行.
NOTIC: [8] Undefined index: survey_id /home/ftp/1520/2014survey.twtstudio.com/2014survey.twtstudio.com/Application/Home/Controller/FillController.class.php 第 83 行.
NOTIC: [8] Undefined index: survey_id /home/ftp/1520/2014survey.twtstudio.com/2014survey.twtstudio.com/Application/Home/Controller/FillController.class.php 第 84 行.
SQL: SHOW COLUMNS FROM `wenjuan_result` [ RunTime:0.0007s ]
SQL: SELECT * FROM `wenjuan_result` WHERE `ip` = '42.120.161.30' AND `survey_id` = null LIMIT 1   [ RunTime:0.0004s ]
SQL: SELECT * FROM `wenjuan_result` WHERE `survey_id` = null LIMIT 1   [ RunTime:0.0002s ]
INFO: [ view_parse ] --START--
INFO: [ template_filter ] --START--
INFO: Run Behavior\ContentReplaceBehavior [ RunTime:0.000099s ]
INFO: [ template_filter ] --END-- [ RunTime:0.000179s ]
NOTIC: [8] Use of undefined constant survey_id - assumed 'survey_id' /home/ftp/1520/2014survey.twtstudio.com/2014survey.twtstudio.com/Application/Runtime/Cache/Home/e972e7ad52f020fe9d06b5dd10192311.php 第 24 行.
NOTIC: [8] Undefined index: survey_id /home/ftp/1520/2014survey.twtstudio.com/2014survey.twtstudio.com/Application/Runtime/Cache/Home/e972e7ad52f020fe9d06b5dd10192311.php 第 24 行.
NOTIC: [8] Use of undefined constant title - assumed 'title' /home/ftp/1520/2014survey.twtstudio.com/2014survey.twtstudio.com/Application/Runtime/Cache/Home/e972e7ad52f020fe9d06b5dd10192311.php 第 25 行.
NOTIC: [8] Undefined index: title /home/ftp/1520/2014survey.twtstudio.com/2014survey.twtstudio.com/Application/Runtime/Cache/Home/e972e7ad52f020fe9d06b5dd10192311.php 第 25 行.
NOTIC: [8] Use of undefined constant description - assumed 'description' /home/ftp/1520/2014survey.twtstudio.com/2014survey.twtstudio.com/Application/Runtime/Cache/Home/e972e7ad52f020fe9d06b5dd10192311.php 第 31 行.
NOTIC: [8] Undefined index: description /home/ftp/1520/2014survey.twtstudio.com/2014survey.twtstudio.com/Application/Runtime/Cache/Home/e972e7ad52f020fe9d06b5dd10192311.php 第 31 行.
INFO: Run Behavior\ParseTemplateBehavior [ RunTime:0.015007s ]
INFO: [ view_parse ] --END-- [ RunTime:0.015078s ]
INFO: [ view_filter ] --START--
INFO: Run Behavior\WriteHtmlCacheBehavior [ RunTime:0.000543s ]
INFO: [ view_filter ] --END-- [ RunTime:0.000613s ]
INFO: [ app_end ] --START--
INFO: Run Behavior\ShowPageTraceBehavior [ RunTime:0.000626s ]
INFO: [ app_end ] --END-- [ RunTime:0.000697s ]

[ 2016-06-15T22:54:45+08:00 ] 127.0.0.1 /index.php/MyQuestionnaire/index.html
INFO: [ app_init ] --START--
INFO: Run Behavior\BuildLiteBehavior [ RunTime:0.000020s ]
INFO: [ app_init ] --END-- [ RunTime:0.000465s ]
INFO: [ app_begin ] --START--
INFO: Run Behavior\ReadHtmlCacheBehavior [ RunTime:0.000599s ]
INFO: [ app_begin ] --END-- [ RunTime:0.000676s ]
SQL: SHOW COLUMNS FROM `wenjuan_main` [ RunTime:0.0008s ]
SQL: SELECT COUNT(*) AS tp_count FROM `wenjuan_main` WHERE `user_id` = 0 AND `survey_status` > 0 ORDER BY survey_status desc LIMIT 1   [ RunTime:0.0005s ]
SQL: SELECT COUNT(*) AS tp_count FROM `wenjuan_main` WHERE `user_id` = 0 AND `survey_status` = 0 ORDER BY survey_id desc LIMIT 1   [ RunTime:0.0002s ]

[ 2016-06-15T22:54:46+08:00 ] 127.0.0.1 /index.php/MyQuestionnaire/index/p/1/m/1.html
INFO: [ app_init ] --START--
INFO: Run Behavior\BuildLiteBehavior [ RunTime:0.000021s ]
INFO: [ app_init ] --END-- [ RunTime:0.000523s ]
INFO: [ app_begin ] --START--
INFO: Run Behavior\ReadHtmlCacheBehavior [ RunTime:0.000659s ]
INFO: [ app_begin ] --END-- [ RunTime:0.000738s ]
SQL: SHOW COLUMNS FROM `wenjuan_main` [ RunTime:0.0007s ]
SQL: SELECT COUNT(*) AS tp_count FROM `wenjuan_main` WHERE `user_id` = 0 AND `survey_status` > 0 ORDER BY survey_status desc LIMIT 1   [ RunTime:0.0003s ]
SQL: SELECT COUNT(*) AS tp_count FROM `wenjuan_main` WHERE `user_id` = 0 AND `survey_status` = 0 ORDER BY survey_id desc LIMIT 1   [ RunTime:0.0002s ]
SQL: SELECT * FROM `wenjuan_main` WHERE `user_id` = 0 AND `survey_status` > 0 ORDER BY survey_status desc LIMIT 0,6   [ RunTime:0.0002s ]
SQL: SELECT * FROM `wenjuan_main` WHERE `user_id` = 0 AND `survey_status` = 0 ORDER BY survey_id desc LIMIT 0,6   [ RunTime:0.0002s ]
INFO: [ view_parse ] --START--
INFO: [ template_filter ] --START--
INFO: Run Behavior\ContentReplaceBehavior [ RunTime:0.000137s ]
INFO: [ template_filter ] --END-- [ RunTime:0.000207s ]
NOTIC: [8] Use of undefined constant title - assumed 'title' /home/ftp/1520/2014survey.twtstudio.com/2014survey.twtstudio.com/Application/Runtime/Cache/Home/06acb0390933e27cd66010fdf630ea11.php 第 231 行.
NOTIC: [8] Use of undefined constant survey_id - assumed 'survey_id' /home/ftp/1520/2014survey.twtstudio.com/2014survey.twtstudio.com/Application/Runtime/Cache/Home/06acb0390933e27cd66010fdf630ea11.php 第 233 行.
NOTIC: [8] Use of undefined constant survey_id - assumed 'survey_id' /home/ftp/1520/2014survey.twtstudio.com/2014survey.twtstudio.com/Application/Runtime/Cache/Home/06acb0390933e27cd66010fdf630ea11.php 第 234 行.
NOTIC: [8] Use of undefined constant survey_id - assumed 'survey_id' /home/ftp/1520/2014survey.twtstudio.com/2014survey.twtstudio.com/Application/Runtime/Cache/Home/06acb0390933e27cd66010fdf630ea11.php 第 235 行.
NOTIC: [8] Use of undefined constant survey_id - assumed 'survey_id' /home/ftp/1520/2014survey.twtstudio.com/2014survey.twtstudio.com/Application/Runtime/Cache/Home/06acb0390933e27cd66010fdf630ea11.php 第 237 行.
NOTIC: [8] Use of undefined constant survey_id - assumed 'survey_id' /home/ftp/1520/2014survey.twtstudio.com/2014survey.twtstudio.com/Application/Runtime/Cache/Home/06acb0390933e27cd66010fdf630ea11.php 第 238 行.
NOTIC: [8] Use of undefined constant title - assumed 'title' /home/ftp/1520/2014survey.twtstudio.com/2014survey.twtstudio.com/Application/Runtime/Cache/Home/06acb0390933e27cd66010fdf630ea11.php 第 231 行.
NOTIC: [8] Use of undefined constant survey_id - assumed 'survey_id' /home/ftp/1520/2014survey.twtstudio.com/2014survey.twtstudio.com/Application/Runtime/Cache/Home/06acb0390933e27cd66010fdf630ea11.php 第 233 行.
NOTIC: [8] Use of undefined constant survey_id - assumed 'survey_id' /home/ftp/1520/2014survey.twtstudio.com/2014survey.twtstudio.com/Application/Runtime/Cache/Home/06acb0390933e27cd66010fdf630ea11.php 第 234 行.
NOTIC: [8] Use of undefined constant survey_id - assumed 'survey_id' /home/ftp/1520/2014survey.twtstudio.com/2014survey.twtstudio.com/Application/Runtime/Cache/Home/06acb0390933e27cd66010fdf630ea11.php 第 235 行.
NOTIC: [8] Use of undefined constant survey_id - assumed 'survey_id' /home/ftp/1520/2014survey.twtstudio.com/2014survey.twtstudio.com/Application/Runtime/Cache/Home/06acb0390933e27cd66010fdf630ea11.php 第 237 行.
NOTIC: [8] Use of undefined constant survey_id - assumed 'survey_id' /home/ftp/1520/2014survey.twtstudio.com/2014survey.twtstudio.com/Application/Runtime/Cache/Home/06acb0390933e27cd66010fdf630ea11.php 第 238 行.
INFO: Run Behavior\ParseTemplateBehavior [ RunTime:0.013693s ]
INFO: [ view_parse ] --END-- [ RunTime:0.013758s ]
INFO: [ view_filter ] --START--
INFO: Run Behavior\WriteHtmlCacheBehavior [ RunTime:0.000443s ]
INFO: [ view_filter ] --END-- [ RunTime:0.000498s ]
INFO: [ app_end ] --START--
INFO: Run Behavior\ShowPageTraceBehavior [ RunTime:0.000608s ]
INFO: [ app_end ] --END-- [ RunTime:0.000664s ]

[ 2016-06-15T23:54:16+08:00 ] 127.0.0.1 /
INFO: [ app_init ] --START--
INFO: Run Behavior\BuildLiteBehavior [ RunTime:0.000020s ]
INFO: [ app_init ] --END-- [ RunTime:0.000383s ]
INFO: [ app_begin ] --START--
INFO: Run Behavior\ReadHtmlCacheBehavior [ RunTime:0.000469s ]
INFO: [ app_begin ] --END-- [ RunTime:0.000532s ]
SQL: SHOW COLUMNS FROM `wenjuan_main` [ RunTime:0.0015s ]
SQL: SELECT * FROM `wenjuan_main` WHERE `survey_status` = 1 ORDER BY hit desc LIMIT 5   [ RunTime:0.0006s ]
SQL: SELECT * FROM `wenjuan_main` WHERE `survey_status` = 1 ORDER BY fabu_time desc LIMIT 5   [ RunTime:0.0004s ]
INFO: [ view_parse ] --START--
INFO: [ template_filter ] --START--
INFO: Run Behavior\ContentReplaceBehavior [ RunTime:0.000123s ]
INFO: [ template_filter ] --END-- [ RunTime:0.000232s ]
INFO: Run Behavior\ParseTemplateBehavior [ RunTime:0.012061s ]
INFO: [ view_parse ] --END-- [ RunTime:0.012152s ]
INFO: [ view_filter ] --START--
INFO: Run Behavior\WriteHtmlCacheBehavior [ RunTime:0.000463s ]
INFO: [ view_filter ] --END-- [ RunTime:0.000535s ]
INFO: [ app_end ] --START--
INFO: Run Behavior\ShowPageTraceBehavior [ RunTime:0.000625s ]
INFO: [ app_end ] --END-- [ RunTime:0.000696s ]

