[ 2016-06-23T05:58:01+08:00 ] 127.0.0.1 /index.php/Statics/index/p/3
INFO: [ app_init ] --START--
INFO: Run Behavior\BuildLiteBehavior [ RunTime:0.000022s ]
INFO: [ app_init ] --END-- [ RunTime:0.000720s ]
INFO: [ app_begin ] --START--
INFO: Run Behavior\ReadHtmlCacheBehavior [ RunTime:0.001963s ]
INFO: [ app_begin ] --END-- [ RunTime:0.002047s ]
SQL: SHOW COLUMNS FROM `wenjuan_main` [ RunTime:0.0072s ]
SQL: SELECT COUNT(*) AS tp_count FROM `wenjuan_main` LIMIT 1   [ RunTime:0.0006s ]

[ 2016-06-23T05:58:01+08:00 ] 127.0.0.1 /index.php/Statics/index/p/2.html
INFO: [ app_init ] --START--
INFO: Run Behavior\BuildLiteBehavior [ RunTime:0.000019s ]
INFO: [ app_init ] --END-- [ RunTime:0.000452s ]
INFO: [ app_begin ] --START--
INFO: Run Behavior\ReadHtmlCacheBehavior [ RunTime:0.000592s ]
INFO: [ app_begin ] --END-- [ RunTime:0.000670s ]
SQL: SHOW COLUMNS FROM `wenjuan_main` [ RunTime:0.0007s ]
SQL: SELECT COUNT(*) AS tp_count FROM `wenjuan_main` LIMIT 1   [ RunTime:0.0002s ]
SQL: SELECT * FROM `wenjuan_main` WHERE `user_id` = 0 ORDER BY hit desc LIMIT 8,8   [ RunTime:0.0003s ]
INFO: [ view_parse ] --START--
INFO: [ template_filter ] --START--
INFO: Run Behavior\ContentReplaceBehavior [ RunTime:0.000117s ]
INFO: [ template_filter ] --END-- [ RunTime:0.000204s ]
INFO: Run Behavior\ParseTemplateBehavior [ RunTime:0.029111s ]
INFO: [ view_parse ] --END-- [ RunTime:0.029199s ]
INFO: [ view_filter ] --START--
INFO: Run Behavior\WriteHtmlCacheBehavior [ RunTime:0.000928s ]
INFO: [ view_filter ] --END-- [ RunTime:0.001000s ]
INFO: [ app_end ] --START--
INFO: Run Behavior\ShowPageTraceBehavior [ RunTime:0.001704s ]
INFO: [ app_end ] --END-- [ RunTime:0.001777s ]

[ 2016-06-23T05:58:05+08:00 ] 127.0.0.1 /
INFO: [ app_init ] --START--
INFO: Run Behavior\BuildLiteBehavior [ RunTime:0.000019s ]
INFO: [ app_init ] --END-- [ RunTime:0.000457s ]
INFO: [ app_begin ] --START--
INFO: Run Behavior\ReadHtmlCacheBehavior [ RunTime:0.000584s ]
INFO: [ app_begin ] --END-- [ RunTime:0.000652s ]
SQL: SHOW COLUMNS FROM `wenjuan_main` [ RunTime:0.0009s ]
SQL: SELECT * FROM `wenjuan_main` WHERE `survey_status` = 1 ORDER BY hit desc LIMIT 5   [ RunTime:0.0004s ]
SQL: SELECT * FROM `wenjuan_main` WHERE `survey_status` = 1 ORDER BY fabu_time desc LIMIT 5   [ RunTime:0.0003s ]
INFO: [ view_parse ] --START--
INFO: [ template_filter ] --START--
INFO: Run Behavior\ContentReplaceBehavior [ RunTime:0.000116s ]
INFO: [ template_filter ] --END-- [ RunTime:0.000204s ]
INFO: Run Behavior\ParseTemplateBehavior [ RunTime:0.025507s ]
INFO: [ view_parse ] --END-- [ RunTime:0.025599s ]
INFO: [ view_filter ] --START--
INFO: Run Behavior\WriteHtmlCacheBehavior [ RunTime:0.000453s ]
INFO: [ view_filter ] --END-- [ RunTime:0.000521s ]
INFO: [ app_end ] --START--
INFO: Run Behavior\ShowPageTraceBehavior [ RunTime:0.000642s ]
INFO: [ app_end ] --END-- [ RunTime:0.000712s ]

[ 2016-06-23T10:09:36+08:00 ] 127.0.0.1 /index.php/Template/items.html
INFO: [ app_init ] --START--
INFO: Run Behavior\BuildLiteBehavior [ RunTime:0.000020s ]
INFO: [ app_init ] --END-- [ RunTime:0.000458s ]
INFO: [ app_begin ] --START--
INFO: Run Behavior\ReadHtmlCacheBehavior [ RunTime:0.000611s ]
INFO: [ app_begin ] --END-- [ RunTime:0.000688s ]
INFO: [ view_parse ] --START--
INFO: [ template_filter ] --START--
INFO: Run Behavior\ContentReplaceBehavior [ RunTime:0.000103s ]
INFO: [ template_filter ] --END-- [ RunTime:0.000193s ]
INFO: Run Behavior\ParseTemplateBehavior [ RunTime:0.016309s ]
INFO: [ view_parse ] --END-- [ RunTime:0.016393s ]
INFO: [ view_filter ] --START--
INFO: Run Behavior\WriteHtmlCacheBehavior [ RunTime:0.000454s ]
INFO: [ view_filter ] --END-- [ RunTime:0.000523s ]
INFO: [ app_end ] --START--
INFO: Run Behavior\ShowPageTraceBehavior [ RunTime:0.000626s ]
INFO: [ app_end ] --END-- [ RunTime:0.000698s ]

[ 2016-06-23T10:16:51+08:00 ] 127.0.0.1 /index.php/Template/items.html
INFO: [ app_init ] --START--
INFO: Run Behavior\BuildLiteBehavior [ RunTime:0.000019s ]
INFO: [ app_init ] --END-- [ RunTime:0.000520s ]
INFO: [ app_begin ] --START--
INFO: Run Behavior\ReadHtmlCacheBehavior [ RunTime:0.000457s ]
INFO: [ app_begin ] --END-- [ RunTime:0.000518s ]
INFO: [ view_parse ] --START--
INFO: [ template_filter ] --START--
INFO: Run Behavior\ContentReplaceBehavior [ RunTime:0.000080s ]
INFO: [ template_filter ] --END-- [ RunTime:0.000153s ]
INFO: Run Behavior\ParseTemplateBehavior [ RunTime:0.005638s ]
INFO: [ view_parse ] --END-- [ RunTime:0.005701s ]
INFO: [ view_filter ] --START--
INFO: Run Behavior\WriteHtmlCacheBehavior [ RunTime:0.000340s ]
INFO: [ view_filter ] --END-- [ RunTime:0.000393s ]
INFO: [ app_end ] --START--
INFO: Run Behavior\ShowPageTraceBehavior [ RunTime:0.000482s ]
INFO: [ app_end ] --END-- [ RunTime:0.000538s ]

[ 2016-06-23T12:25:23+08:00 ] 127.0.0.1 /
INFO: [ app_init ] --START--
INFO: Run Behavior\BuildLiteBehavior [ RunTime:0.000020s ]
INFO: [ app_init ] --END-- [ RunTime:0.000457s ]
INFO: [ app_begin ] --START--
INFO: Run Behavior\ReadHtmlCacheBehavior [ RunTime:0.000617s ]
INFO: [ app_begin ] --END-- [ RunTime:0.000693s ]
SQL: SHOW COLUMNS FROM `wenjuan_main` [ RunTime:0.0010s ]
SQL: SELECT * FROM `wenjuan_main` WHERE `survey_status` = 1 ORDER BY hit desc LIMIT 5   [ RunTime:0.0005s ]
SQL: SELECT * FROM `wenjuan_main` WHERE `survey_status` = 1 ORDER BY fabu_time desc LIMIT 5   [ RunTime:0.0003s ]
INFO: [ view_parse ] --START--
INFO: [ template_filter ] --START--
INFO: Run Behavior\ContentReplaceBehavior [ RunTime:0.000117s ]
INFO: [ template_filter ] --END-- [ RunTime:0.000204s ]
INFO: Run Behavior\ParseTemplateBehavior [ RunTime:0.011992s ]
INFO: [ view_parse ] --END-- [ RunTime:0.012075s ]
INFO: [ view_filter ] --START--
INFO: Run Behavior\WriteHtmlCacheBehavior [ RunTime:0.000450s ]
INFO: [ view_filter ] --END-- [ RunTime:0.000524s ]
INFO: [ app_end ] --START--
INFO: Run Behavior\ShowPageTraceBehavior [ RunTime:0.000626s ]
INFO: [ app_end ] --END-- [ RunTime:0.000696s ]

[ 2016-06-23T17:09:35+08:00 ] 127.0.0.1 /index.php/Statics/index/p/1
INFO: [ app_init ] --START--
INFO: Run Behavior\BuildLiteBehavior [ RunTime:0.000020s ]
INFO: [ app_init ] --END-- [ RunTime:0.000456s ]
INFO: [ app_begin ] --START--
INFO: Run Behavior\ReadHtmlCacheBehavior [ RunTime:0.000598s ]
INFO: [ app_begin ] --END-- [ RunTime:0.000675s ]
SQL: SHOW COLUMNS FROM `wenjuan_main` [ RunTime:0.0011s ]
SQL: SELECT COUNT(*) AS tp_count FROM `wenjuan_main` LIMIT 1   [ RunTime:0.0003s ]
SQL: SELECT * FROM `wenjuan_main` WHERE `user_id` = 0 ORDER BY hit desc LIMIT 0,8   [ RunTime:0.0003s ]
INFO: [ view_parse ] --START--
INFO: [ template_filter ] --START--
INFO: Run Behavior\ContentReplaceBehavior [ RunTime:0.000118s ]
INFO: [ template_filter ] --END-- [ RunTime:0.000199s ]
INFO: Run Behavior\ParseTemplateBehavior [ RunTime:0.015087s ]
INFO: [ view_parse ] --END-- [ RunTime:0.015168s ]
INFO: [ view_filter ] --START--
INFO: Run Behavior\WriteHtmlCacheBehavior [ RunTime:0.000441s ]
INFO: [ view_filter ] --END-- [ RunTime:0.000511s ]
INFO: [ app_end ] --START--
INFO: Run Behavior\ShowPageTraceBehavior [ RunTime:0.000619s ]
INFO: [ app_end ] --END-- [ RunTime:0.000689s ]

[ 2016-06-23T17:10:03+08:00 ] 127.0.0.1 /index.php/Statics/index/p/0
INFO: [ app_init ] --START--
INFO: Run Behavior\BuildLiteBehavior [ RunTime:0.000020s ]
INFO: [ app_init ] --END-- [ RunTime:0.000475s ]
INFO: [ app_begin ] --START--
INFO: Run Behavior\ReadHtmlCacheBehavior [ RunTime:0.000618s ]
INFO: [ app_begin ] --END-- [ RunTime:0.000695s ]
SQL: SHOW COLUMNS FROM `wenjuan_main` [ RunTime:0.0010s ]
SQL: SELECT COUNT(*) AS tp_count FROM `wenjuan_main` LIMIT 1   [ RunTime:0.0004s ]

[ 2016-06-23T17:10:03+08:00 ] 127.0.0.1 /index.php/Statics/index/p/1.html
INFO: [ app_init ] --START--
INFO: Run Behavior\BuildLiteBehavior [ RunTime:0.000019s ]
INFO: [ app_init ] --END-- [ RunTime:0.000450s ]
INFO: [ app_begin ] --START--
INFO: Run Behavior\ReadHtmlCacheBehavior [ RunTime:0.000592s ]
INFO: [ app_begin ] --END-- [ RunTime:0.000669s ]
SQL: SHOW COLUMNS FROM `wenjuan_main` [ RunTime:0.0008s ]
SQL: SELECT COUNT(*) AS tp_count FROM `wenjuan_main` LIMIT 1   [ RunTime:0.0002s ]
SQL: SELECT * FROM `wenjuan_main` WHERE `user_id` = 0 ORDER BY hit desc LIMIT 0,8   [ RunTime:0.0002s ]
INFO: [ view_parse ] --START--
INFO: [ template_filter ] --START--
INFO: Run Behavior\ContentReplaceBehavior [ RunTime:0.000118s ]
INFO: [ template_filter ] --END-- [ RunTime:0.000205s ]
INFO: Run Behavior\ParseTemplateBehavior [ RunTime:0.013013s ]
INFO: [ view_parse ] --END-- [ RunTime:0.013098s ]
INFO: [ view_filter ] --START--
INFO: Run Behavior\WriteHtmlCacheBehavior [ RunTime:0.000435s ]
INFO: [ view_filter ] --END-- [ RunTime:0.000505s ]
INFO: [ app_end ] --START--
INFO: Run Behavior\ShowPageTraceBehavior [ RunTime:0.000635s ]
INFO: [ app_end ] --END-- [ RunTime:0.000705s ]

[ 2016-06-23T17:11:00+08:00 ] 127.0.0.1 /index.php/Statics/index/p/2
INFO: [ app_init ] --START--
INFO: Run Behavior\BuildLiteBehavior [ RunTime:0.000019s ]
INFO: [ app_init ] --END-- [ RunTime:0.000454s ]
INFO: [ app_begin ] --START--
INFO: Run Behavior\ReadHtmlCacheBehavior [ RunTime:0.000552s ]
INFO: [ app_begin ] --END-- [ RunTime:0.000619s ]
SQL: SHOW COLUMNS FROM `wenjuan_main` [ RunTime:0.0009s ]
SQL: SELECT COUNT(*) AS tp_count FROM `wenjuan_main` LIMIT 1   [ RunTime:0.0003s ]
SQL: SELECT * FROM `wenjuan_main` WHERE `user_id` = 0 ORDER BY hit desc LIMIT 8,8   [ RunTime:0.0003s ]
INFO: [ view_parse ] --START--
INFO: [ template_filter ] --START--
INFO: Run Behavior\ContentReplaceBehavior [ RunTime:0.000127s ]
INFO: [ template_filter ] --END-- [ RunTime:0.000226s ]
INFO: Run Behavior\ParseTemplateBehavior [ RunTime:0.014432s ]
INFO: [ view_parse ] --END-- [ RunTime:0.014510s ]
INFO: [ view_filter ] --START--
INFO: Run Behavior\WriteHtmlCacheBehavior [ RunTime:0.000448s ]
INFO: [ view_filter ] --END-- [ RunTime:0.000519s ]
INFO: [ app_end ] --START--
INFO: Run Behavior\ShowPageTraceBehavior [ RunTime:0.000634s ]
INFO: [ app_end ] --END-- [ RunTime:0.000707s ]

[ 2016-06-23T17:11:43+08:00 ] 127.0.0.1 /index.php/Statics/index/p/0
INFO: [ app_init ] --START--
INFO: Run Behavior\BuildLiteBehavior [ RunTime:0.000017s ]
INFO: [ app_init ] --END-- [ RunTime:0.000358s ]
INFO: [ app_begin ] --START--
INFO: Run Behavior\ReadHtmlCacheBehavior [ RunTime:0.000468s ]
INFO: [ app_begin ] --END-- [ RunTime:0.000528s ]
SQL: SHOW COLUMNS FROM `wenjuan_main` [ RunTime:0.0009s ]
SQL: SELECT COUNT(*) AS tp_count FROM `wenjuan_main` LIMIT 1   [ RunTime:0.0003s ]

[ 2016-06-23T17:11:45+08:00 ] 127.0.0.1 /index.php/Statics/index/p/1.html
INFO: [ app_init ] --START--
INFO: Run Behavior\BuildLiteBehavior [ RunTime:0.000019s ]
INFO: [ app_init ] --END-- [ RunTime:0.000516s ]
INFO: [ app_begin ] --START--
INFO: Run Behavior\ReadHtmlCacheBehavior [ RunTime:0.000579s ]
INFO: [ app_begin ] --END-- [ RunTime:0.000654s ]
SQL: SHOW COLUMNS FROM `wenjuan_main` [ RunTime:0.0009s ]
SQL: SELECT COUNT(*) AS tp_count FROM `wenjuan_main` LIMIT 1   [ RunTime:0.0002s ]
SQL: SELECT * FROM `wenjuan_main` WHERE `user_id` = 0 ORDER BY hit desc LIMIT 0,8   [ RunTime:0.0003s ]
INFO: [ view_parse ] --START--
INFO: [ template_filter ] --START--
INFO: Run Behavior\ContentReplaceBehavior [ RunTime:0.000118s ]
INFO: [ template_filter ] --END-- [ RunTime:0.000207s ]
INFO: Run Behavior\ParseTemplateBehavior [ RunTime:0.014436s ]
INFO: [ view_parse ] --END-- [ RunTime:0.014521s ]
INFO: [ view_filter ] --START--
INFO: Run Behavior\WriteHtmlCacheBehavior [ RunTime:0.000444s ]
INFO: [ view_filter ] --END-- [ RunTime:0.000513s ]
INFO: [ app_end ] --START--
INFO: Run Behavior\ShowPageTraceBehavior [ RunTime:0.000634s ]
INFO: [ app_end ] --END-- [ RunTime:0.000704s ]

[ 2016-06-23T17:47:53+08:00 ] 127.0.0.1 /
INFO: [ app_init ] --START--
INFO: Run Behavior\BuildLiteBehavior [ RunTime:0.000020s ]
INFO: [ app_init ] --END-- [ RunTime:0.000454s ]
INFO: [ app_begin ] --START--
INFO: Run Behavior\ReadHtmlCacheBehavior [ RunTime:0.000617s ]
INFO: [ app_begin ] --END-- [ RunTime:0.000697s ]
SQL: SHOW COLUMNS FROM `wenjuan_main` [ RunTime:0.0009s ]
SQL: SELECT * FROM `wenjuan_main` WHERE `survey_status` = 1 ORDER BY hit desc LIMIT 5   [ RunTime:0.0004s ]
SQL: SELECT * FROM `wenjuan_main` WHERE `survey_status` = 1 ORDER BY fabu_time desc LIMIT 5   [ RunTime:0.0003s ]
INFO: [ view_parse ] --START--
INFO: [ template_filter ] --START--
INFO: Run Behavior\ContentReplaceBehavior [ RunTime:0.000134s ]
INFO: [ template_filter ] --END-- [ RunTime:0.000227s ]
INFO: Run Behavior\ParseTemplateBehavior [ RunTime:0.011181s ]
INFO: [ view_parse ] --END-- [ RunTime:0.011258s ]
INFO: [ view_filter ] --START--
INFO: Run Behavior\WriteHtmlCacheBehavior [ RunTime:0.000554s ]
INFO: [ view_filter ] --END-- [ RunTime:0.000624s ]
INFO: [ app_end ] --START--
INFO: Run Behavior\ShowPageTraceBehavior [ RunTime:0.000744s ]
INFO: [ app_end ] --END-- [ RunTime:0.000815s ]

