[ 2016-05-31T01:34:13+08:00 ] 127.0.0.1 /
INFO: [ app_init ] --START--
INFO: Run Behavior\BuildLiteBehavior [ RunTime:0.000020s ]
INFO: [ app_init ] --END-- [ RunTime:0.000523s ]
INFO: [ app_begin ] --START--
INFO: Run Behavior\ReadHtmlCacheBehavior [ RunTime:0.000683s ]
INFO: [ app_begin ] --END-- [ RunTime:0.000750s ]
SQL: SHOW COLUMNS FROM `wenjuan_main` [ RunTime:0.0010s ]
SQL: SELECT * FROM `wenjuan_main` WHERE `survey_status` = 1 ORDER BY hit desc LIMIT 5   [ RunTime:0.0004s ]
SQL: SELECT * FROM `wenjuan_main` WHERE `survey_status` = 1 ORDER BY fabu_time desc LIMIT 5   [ RunTime:0.0002s ]
INFO: [ view_parse ] --START--
INFO: [ template_filter ] --START--
INFO: Run Behavior\ContentReplaceBehavior [ RunTime:0.000118s ]
INFO: [ template_filter ] --END-- [ RunTime:0.000198s ]
INFO: Run Behavior\ParseTemplateBehavior [ RunTime:0.012870s ]
INFO: [ view_parse ] --END-- [ RunTime:0.012951s ]
INFO: [ view_filter ] --START--
INFO: Run Behavior\WriteHtmlCacheBehavior [ RunTime:0.000451s ]
INFO: [ view_filter ] --END-- [ RunTime:0.000520s ]
INFO: [ app_end ] --START--
INFO: Run Behavior\ShowPageTraceBehavior [ RunTime:0.000628s ]
INFO: [ app_end ] --END-- [ RunTime:0.000698s ]

[ 2016-05-31T05:22:57+08:00 ] 127.0.0.1 /index.php/Index/Fill/fill
INFO: [ app_init ] --START--
INFO: Run Behavior\BuildLiteBehavior [ RunTime:0.000020s ]
INFO: [ app_init ] --END-- [ RunTime:0.000539s ]
INFO: [ app_begin ] --START--
INFO: Run Behavior\ReadHtmlCacheBehavior [ RunTime:0.000599s ]
INFO: [ app_begin ] --END-- [ RunTime:0.000736s ]
ERR: 非法操作:Fill

[ 2016-05-31T07:26:07+08:00 ] 127.0.0.1 /
INFO: [ app_init ] --START--
INFO: Run Behavior\BuildLiteBehavior [ RunTime:0.000022s ]
INFO: [ app_init ] --END-- [ RunTime:0.000481s ]
INFO: [ app_begin ] --START--
INFO: Run Behavior\ReadHtmlCacheBehavior [ RunTime:0.000706s ]
INFO: [ app_begin ] --END-- [ RunTime:0.000801s ]
SQL: SHOW COLUMNS FROM `wenjuan_main` [ RunTime:0.0009s ]
SQL: SELECT * FROM `wenjuan_main` WHERE `survey_status` = 1 ORDER BY hit desc LIMIT 5   [ RunTime:0.0004s ]
SQL: SELECT * FROM `wenjuan_main` WHERE `survey_status` = 1 ORDER BY fabu_time desc LIMIT 5   [ RunTime:0.0003s ]
INFO: [ view_parse ] --START--
INFO: [ template_filter ] --START--
INFO: Run Behavior\ContentReplaceBehavior [ RunTime:0.000121s ]
INFO: [ template_filter ] --END-- [ RunTime:0.000215s ]
INFO: Run Behavior\ParseTemplateBehavior [ RunTime:0.015895s ]
INFO: [ view_parse ] --END-- [ RunTime:0.015983s ]
INFO: [ view_filter ] --START--
INFO: Run Behavior\WriteHtmlCacheBehavior [ RunTime:0.000471s ]
INFO: [ view_filter ] --END-- [ RunTime:0.000542s ]
INFO: [ app_end ] --START--
INFO: Run Behavior\ShowPageTraceBehavior [ RunTime:0.000654s ]
INFO: [ app_end ] --END-- [ RunTime:0.000724s ]

[ 2016-05-31T08:31:57+08:00 ] 127.0.0.1 /
INFO: [ app_init ] --START--
INFO: Run Behavior\BuildLiteBehavior [ RunTime:0.000020s ]
INFO: [ app_init ] --END-- [ RunTime:0.000541s ]
INFO: [ app_begin ] --START--
INFO: Run Behavior\ReadHtmlCacheBehavior [ RunTime:0.000610s ]
INFO: [ app_begin ] --END-- [ RunTime:0.000687s ]
SQL: SHOW COLUMNS FROM `wenjuan_main` [ RunTime:0.0009s ]
SQL: SELECT * FROM `wenjuan_main` WHERE `survey_status` = 1 ORDER BY hit desc LIMIT 5   [ RunTime:0.0004s ]
SQL: SELECT * FROM `wenjuan_main` WHERE `survey_status` = 1 ORDER BY fabu_time desc LIMIT 5   [ RunTime:0.0002s ]
INFO: [ view_parse ] --START--
INFO: [ template_filter ] --START--
INFO: Run Behavior\ContentReplaceBehavior [ RunTime:0.000117s ]
INFO: [ template_filter ] --END-- [ RunTime:0.000193s ]
INFO: Run Behavior\ParseTemplateBehavior [ RunTime:0.011284s ]
INFO: [ view_parse ] --END-- [ RunTime:0.011362s ]
INFO: [ view_filter ] --START--
INFO: Run Behavior\WriteHtmlCacheBehavior [ RunTime:0.000450s ]
INFO: [ view_filter ] --END-- [ RunTime:0.000524s ]
INFO: [ app_end ] --START--
INFO: Run Behavior\ShowPageTraceBehavior [ RunTime:0.000626s ]
INFO: [ app_end ] --END-- [ RunTime:0.000697s ]

[ 2016-05-31T09:38:33+08:00 ] 127.0.0.1 /
INFO: [ app_init ] --START--
INFO: Run Behavior\BuildLiteBehavior [ RunTime:0.000020s ]
INFO: [ app_init ] --END-- [ RunTime:0.000540s ]
INFO: [ app_begin ] --START--
INFO: Run Behavior\ReadHtmlCacheBehavior [ RunTime:0.000598s ]
INFO: [ app_begin ] --END-- [ RunTime:0.000674s ]
SQL: SHOW COLUMNS FROM `wenjuan_main` [ RunTime:0.0009s ]
SQL: SELECT * FROM `wenjuan_main` WHERE `survey_status` = 1 ORDER BY hit desc LIMIT 5   [ RunTime:0.0004s ]
SQL: SELECT * FROM `wenjuan_main` WHERE `survey_status` = 1 ORDER BY fabu_time desc LIMIT 5   [ RunTime:0.0002s ]
INFO: [ view_parse ] --START--
INFO: [ template_filter ] --START--
INFO: Run Behavior\ContentReplaceBehavior [ RunTime:0.000117s ]
INFO: [ template_filter ] --END-- [ RunTime:0.000246s ]
INFO: Run Behavior\ParseTemplateBehavior [ RunTime:0.011389s ]
INFO: [ view_parse ] --END-- [ RunTime:0.011471s ]
INFO: [ view_filter ] --START--
INFO: Run Behavior\WriteHtmlCacheBehavior [ RunTime:0.000456s ]
INFO: [ view_filter ] --END-- [ RunTime:0.000525s ]
INFO: [ app_end ] --START--
INFO: Run Behavior\ShowPageTraceBehavior [ RunTime:0.000631s ]
INFO: [ app_end ] --END-- [ RunTime:0.000700s ]

[ 2016-05-31T09:38:35+08:00 ] 127.0.0.1 /
INFO: [ app_init ] --START--
INFO: Run Behavior\BuildLiteBehavior [ RunTime:0.000020s ]
INFO: [ app_init ] --END-- [ RunTime:0.000458s ]
INFO: [ app_begin ] --START--
INFO: Run Behavior\ReadHtmlCacheBehavior [ RunTime:0.000670s ]
INFO: [ app_begin ] --END-- [ RunTime:0.000747s ]
SQL: SHOW COLUMNS FROM `wenjuan_main` [ RunTime:0.0008s ]
SQL: SELECT * FROM `wenjuan_main` WHERE `survey_status` = 1 ORDER BY hit desc LIMIT 5   [ RunTime:0.0003s ]
SQL: SELECT * FROM `wenjuan_main` WHERE `survey_status` = 1 ORDER BY fabu_time desc LIMIT 5   [ RunTime:0.0002s ]
INFO: [ view_parse ] --START--
INFO: [ template_filter ] --START--
INFO: Run Behavior\ContentReplaceBehavior [ RunTime:0.000118s ]
INFO: [ template_filter ] --END-- [ RunTime:0.000194s ]
INFO: Run Behavior\ParseTemplateBehavior [ RunTime:0.011213s ]
INFO: [ view_parse ] --END-- [ RunTime:0.011292s ]
INFO: [ view_filter ] --START--
INFO: Run Behavior\WriteHtmlCacheBehavior [ RunTime:0.000454s ]
INFO: [ view_filter ] --END-- [ RunTime:0.000523s ]
INFO: [ app_end ] --START--
INFO: Run Behavior\ShowPageTraceBehavior [ RunTime:0.000622s ]
INFO: [ app_end ] --END-- [ RunTime:0.000692s ]

[ 2016-05-31T09:40:32+08:00 ] 127.0.0.1 /
INFO: [ app_init ] --START--
INFO: Run Behavior\BuildLiteBehavior [ RunTime:0.000019s ]
INFO: [ app_init ] --END-- [ RunTime:0.000463s ]
INFO: [ app_begin ] --START--
INFO: Run Behavior\ReadHtmlCacheBehavior [ RunTime:0.000600s ]
INFO: [ app_begin ] --END-- [ RunTime:0.000676s ]
SQL: SHOW COLUMNS FROM `wenjuan_main` [ RunTime:0.0008s ]
SQL: SELECT * FROM `wenjuan_main` WHERE `survey_status` = 1 ORDER BY hit desc LIMIT 5   [ RunTime:0.0004s ]
SQL: SELECT * FROM `wenjuan_main` WHERE `survey_status` = 1 ORDER BY fabu_time desc LIMIT 5   [ RunTime:0.0002s ]
INFO: [ view_parse ] --START--
INFO: [ template_filter ] --START--
INFO: Run Behavior\ContentReplaceBehavior [ RunTime:0.000117s ]
INFO: [ template_filter ] --END-- [ RunTime:0.000198s ]
INFO: Run Behavior\ParseTemplateBehavior [ RunTime:0.011557s ]
INFO: [ view_parse ] --END-- [ RunTime:0.011639s ]
INFO: [ view_filter ] --START--
INFO: Run Behavior\WriteHtmlCacheBehavior [ RunTime:0.000486s ]
INFO: [ view_filter ] --END-- [ RunTime:0.000555s ]
INFO: [ app_end ] --START--
INFO: Run Behavior\ShowPageTraceBehavior [ RunTime:0.000625s ]
INFO: [ app_end ] --END-- [ RunTime:0.000685s ]

[ 2016-05-31T10:19:49+08:00 ] 127.0.0.1 /
INFO: [ app_init ] --START--
INFO: Run Behavior\BuildLiteBehavior [ RunTime:0.000019s ]
INFO: [ app_init ] --END-- [ RunTime:0.000457s ]
INFO: [ app_begin ] --START--
INFO: Run Behavior\ReadHtmlCacheBehavior [ RunTime:0.000595s ]
INFO: [ app_begin ] --END-- [ RunTime:0.000735s ]
SQL: SHOW COLUMNS FROM `wenjuan_main` [ RunTime:0.0009s ]
SQL: SELECT * FROM `wenjuan_main` WHERE `survey_status` = 1 ORDER BY hit desc LIMIT 5   [ RunTime:0.0004s ]
SQL: SELECT * FROM `wenjuan_main` WHERE `survey_status` = 1 ORDER BY fabu_time desc LIMIT 5   [ RunTime:0.0002s ]
INFO: [ view_parse ] --START--
INFO: [ template_filter ] --START--
INFO: Run Behavior\ContentReplaceBehavior [ RunTime:0.000118s ]
INFO: [ template_filter ] --END-- [ RunTime:0.000201s ]
INFO: Run Behavior\ParseTemplateBehavior [ RunTime:0.012767s ]
INFO: [ view_parse ] --END-- [ RunTime:0.012848s ]
INFO: [ view_filter ] --START--
INFO: Run Behavior\WriteHtmlCacheBehavior [ RunTime:0.000450s ]
INFO: [ view_filter ] --END-- [ RunTime:0.000519s ]
INFO: [ app_end ] --START--
INFO: Run Behavior\ShowPageTraceBehavior [ RunTime:0.000619s ]
INFO: [ app_end ] --END-- [ RunTime:0.000689s ]

[ 2016-05-31T11:47:32+08:00 ] 127.0.0.1 /index.php/Index/MyQuestionnaire/index
INFO: [ app_init ] --START--
INFO: Run Behavior\BuildLiteBehavior [ RunTime:0.000019s ]
INFO: [ app_init ] --END-- [ RunTime:0.000528s ]
INFO: [ app_begin ] --START--
INFO: Run Behavior\ReadHtmlCacheBehavior [ RunTime:0.000591s ]
INFO: [ app_begin ] --END-- [ RunTime:0.000668s ]
ERR: 非法操作:MyQuestionnaire

[ 2016-05-31T11:54:35+08:00 ] 127.0.0.1 /
INFO: [ app_init ] --START--
INFO: Run Behavior\BuildLiteBehavior [ RunTime:0.000019s ]
INFO: [ app_init ] --END-- [ RunTime:0.000454s ]
INFO: [ app_begin ] --START--
INFO: Run Behavior\ReadHtmlCacheBehavior [ RunTime:0.000611s ]
INFO: [ app_begin ] --END-- [ RunTime:0.000688s ]
SQL: SHOW COLUMNS FROM `wenjuan_main` [ RunTime:0.0010s ]
SQL: SELECT * FROM `wenjuan_main` WHERE `survey_status` = 1 ORDER BY hit desc LIMIT 5   [ RunTime:0.0004s ]
SQL: SELECT * FROM `wenjuan_main` WHERE `survey_status` = 1 ORDER BY fabu_time desc LIMIT 5   [ RunTime:0.0003s ]
INFO: [ view_parse ] --START--
INFO: [ template_filter ] --START--
INFO: Run Behavior\ContentReplaceBehavior [ RunTime:0.000122s ]
INFO: [ template_filter ] --END-- [ RunTime:0.000203s ]
INFO: Run Behavior\ParseTemplateBehavior [ RunTime:0.011581s ]
INFO: [ view_parse ] --END-- [ RunTime:0.011670s ]
INFO: [ view_filter ] --START--
INFO: Run Behavior\WriteHtmlCacheBehavior [ RunTime:0.000452s ]
INFO: [ view_filter ] --END-- [ RunTime:0.000521s ]
INFO: [ app_end ] --START--
INFO: Run Behavior\ShowPageTraceBehavior [ RunTime:0.000648s ]
INFO: [ app_end ] --END-- [ RunTime:0.000717s ]

[ 2016-05-31T12:02:25+08:00 ] 127.0.0.1 /
INFO: [ app_init ] --START--
INFO: Run Behavior\BuildLiteBehavior [ RunTime:0.000019s ]
INFO: [ app_init ] --END-- [ RunTime:0.000453s ]
INFO: [ app_begin ] --START--
INFO: Run Behavior\ReadHtmlCacheBehavior [ RunTime:0.000598s ]
INFO: [ app_begin ] --END-- [ RunTime:0.000674s ]
SQL: SHOW COLUMNS FROM `wenjuan_main` [ RunTime:0.0009s ]
SQL: SELECT * FROM `wenjuan_main` WHERE `survey_status` = 1 ORDER BY hit desc LIMIT 5   [ RunTime:0.0008s ]
SQL: SELECT * FROM `wenjuan_main` WHERE `survey_status` = 1 ORDER BY fabu_time desc LIMIT 5   [ RunTime:0.0003s ]
INFO: [ view_parse ] --START--
INFO: [ template_filter ] --START--
INFO: Run Behavior\ContentReplaceBehavior [ RunTime:0.000121s ]
INFO: [ template_filter ] --END-- [ RunTime:0.000205s ]
INFO: Run Behavior\ParseTemplateBehavior [ RunTime:0.011514s ]
INFO: [ view_parse ] --END-- [ RunTime:0.011599s ]
INFO: [ view_filter ] --START--
INFO: Run Behavior\WriteHtmlCacheBehavior [ RunTime:0.000457s ]
INFO: [ view_filter ] --END-- [ RunTime:0.000524s ]
INFO: [ app_end ] --START--
INFO: Run Behavior\ShowPageTraceBehavior [ RunTime:0.000630s ]
INFO: [ app_end ] --END-- [ RunTime:0.000699s ]

[ 2016-05-31T12:22:27+08:00 ] 127.0.0.1 /
INFO: [ app_init ] --START--
INFO: Run Behavior\BuildLiteBehavior [ RunTime:0.000021s ]
INFO: [ app_init ] --END-- [ RunTime:0.000483s ]
INFO: [ app_begin ] --START--
INFO: Run Behavior\ReadHtmlCacheBehavior [ RunTime:0.000599s ]
INFO: [ app_begin ] --END-- [ RunTime:0.000680s ]
SQL: SHOW COLUMNS FROM `wenjuan_main` [ RunTime:0.0009s ]
SQL: SELECT * FROM `wenjuan_main` WHERE `survey_status` = 1 ORDER BY hit desc LIMIT 5   [ RunTime:0.0005s ]
SQL: SELECT * FROM `wenjuan_main` WHERE `survey_status` = 1 ORDER BY fabu_time desc LIMIT 5   [ RunTime:0.0002s ]
INFO: [ view_parse ] --START--
INFO: [ template_filter ] --START--
INFO: Run Behavior\ContentReplaceBehavior [ RunTime:0.000119s ]
INFO: [ template_filter ] --END-- [ RunTime:0.000203s ]
INFO: Run Behavior\ParseTemplateBehavior [ RunTime:0.012997s ]
INFO: [ view_parse ] --END-- [ RunTime:0.013084s ]
INFO: [ view_filter ] --START--
INFO: Run Behavior\WriteHtmlCacheBehavior [ RunTime:0.000446s ]
INFO: [ view_filter ] --END-- [ RunTime:0.000517s ]
INFO: [ app_end ] --START--
INFO: Run Behavior\ShowPageTraceBehavior [ RunTime:0.000640s ]
INFO: [ app_end ] --END-- [ RunTime:0.000715s ]

[ 2016-05-31T12:43:24+08:00 ] 127.0.0.1 /
INFO: [ app_init ] --START--
INFO: Run Behavior\BuildLiteBehavior [ RunTime:0.000020s ]
INFO: [ app_init ] --END-- [ RunTime:0.000516s ]
INFO: [ app_begin ] --START--
INFO: Run Behavior\ReadHtmlCacheBehavior [ RunTime:0.000700s ]
INFO: [ app_begin ] --END-- [ RunTime:0.000776s ]
SQL: SHOW COLUMNS FROM `wenjuan_main` [ RunTime:0.0009s ]
SQL: SELECT * FROM `wenjuan_main` WHERE `survey_status` = 1 ORDER BY hit desc LIMIT 5   [ RunTime:0.0004s ]
SQL: SELECT * FROM `wenjuan_main` WHERE `survey_status` = 1 ORDER BY fabu_time desc LIMIT 5   [ RunTime:0.0002s ]
INFO: [ view_parse ] --START--
INFO: [ template_filter ] --START--
INFO: Run Behavior\ContentReplaceBehavior [ RunTime:0.000118s ]
INFO: [ template_filter ] --END-- [ RunTime:0.000199s ]
INFO: Run Behavior\ParseTemplateBehavior [ RunTime:0.011524s ]
INFO: [ view_parse ] --END-- [ RunTime:0.011610s ]
INFO: [ view_filter ] --START--
INFO: Run Behavior\WriteHtmlCacheBehavior [ RunTime:0.000454s ]
INFO: [ view_filter ] --END-- [ RunTime:0.000525s ]
INFO: [ app_end ] --START--
INFO: Run Behavior\ShowPageTraceBehavior [ RunTime:0.000644s ]
INFO: [ app_end ] --END-- [ RunTime:0.000719s ]

[ 2016-05-31T13:47:22+08:00 ] 127.0.0.1 /
INFO: [ app_init ] --START--
INFO: Run Behavior\BuildLiteBehavior [ RunTime:0.000020s ]
INFO: [ app_init ] --END-- [ RunTime:0.000543s ]
INFO: [ app_begin ] --START--
INFO: Run Behavior\ReadHtmlCacheBehavior [ RunTime:0.000632s ]
INFO: [ app_begin ] --END-- [ RunTime:0.000717s ]
SQL: SHOW COLUMNS FROM `wenjuan_main` [ RunTime:0.0009s ]
SQL: SELECT * FROM `wenjuan_main` WHERE `survey_status` = 1 ORDER BY hit desc LIMIT 5   [ RunTime:0.0005s ]
SQL: SELECT * FROM `wenjuan_main` WHERE `survey_status` = 1 ORDER BY fabu_time desc LIMIT 5   [ RunTime:0.0002s ]
INFO: [ view_parse ] --START--
INFO: [ template_filter ] --START--
INFO: Run Behavior\ContentReplaceBehavior [ RunTime:0.000118s ]
INFO: [ template_filter ] --END-- [ RunTime:0.000205s ]
INFO: Run Behavior\ParseTemplateBehavior [ RunTime:0.012822s ]
INFO: [ view_parse ] --END-- [ RunTime:0.012908s ]
INFO: [ view_filter ] --START--
INFO: Run Behavior\WriteHtmlCacheBehavior [ RunTime:0.000454s ]
INFO: [ view_filter ] --END-- [ RunTime:0.000522s ]
INFO: [ app_end ] --START--
INFO: Run Behavior\ShowPageTraceBehavior [ RunTime:0.000644s ]
INFO: [ app_end ] --END-- [ RunTime:0.000714s ]

[ 2016-05-31T14:36:56+08:00 ] 127.0.0.1 /
INFO: [ app_init ] --START--
INFO: Run Behavior\BuildLiteBehavior [ RunTime:0.000021s ]
INFO: [ app_init ] --END-- [ RunTime:0.000546s ]
INFO: [ app_begin ] --START--
INFO: Run Behavior\ReadHtmlCacheBehavior [ RunTime:0.000606s ]
INFO: [ app_begin ] --END-- [ RunTime:0.000682s ]
SQL: SHOW COLUMNS FROM `wenjuan_main` [ RunTime:0.0009s ]
SQL: SELECT * FROM `wenjuan_main` WHERE `survey_status` = 1 ORDER BY hit desc LIMIT 5   [ RunTime:0.0004s ]
SQL: SELECT * FROM `wenjuan_main` WHERE `survey_status` = 1 ORDER BY fabu_time desc LIMIT 5   [ RunTime:0.0002s ]
INFO: [ view_parse ] --START--
INFO: [ template_filter ] --START--
INFO: Run Behavior\ContentReplaceBehavior [ RunTime:0.000116s ]
INFO: [ template_filter ] --END-- [ RunTime:0.000197s ]
INFO: Run Behavior\ParseTemplateBehavior [ RunTime:0.011522s ]
INFO: [ view_parse ] --END-- [ RunTime:0.011604s ]
INFO: [ view_filter ] --START--
INFO: Run Behavior\WriteHtmlCacheBehavior [ RunTime:0.000518s ]
INFO: [ view_filter ] --END-- [ RunTime:0.000588s ]
INFO: [ app_end ] --START--
INFO: Run Behavior\ShowPageTraceBehavior [ RunTime:0.000620s ]
INFO: [ app_end ] --END-- [ RunTime:0.000736s ]

[ 2016-05-31T15:00:03+08:00 ] 127.0.0.1 /
INFO: [ app_init ] --START--
INFO: Run Behavior\BuildLiteBehavior [ RunTime:0.000017s ]
INFO: [ app_init ] --END-- [ RunTime:0.000485s ]
INFO: [ app_begin ] --START--
INFO: Run Behavior\ReadHtmlCacheBehavior [ RunTime:0.000519s ]
INFO: [ app_begin ] --END-- [ RunTime:0.000588s ]
SQL: SHOW COLUMNS FROM `wenjuan_main` [ RunTime:0.0008s ]
SQL: SELECT * FROM `wenjuan_main` WHERE `survey_status` = 1 ORDER BY hit desc LIMIT 5   [ RunTime:0.0003s ]
SQL: SELECT * FROM `wenjuan_main` WHERE `survey_status` = 1 ORDER BY fabu_time desc LIMIT 5   [ RunTime:0.0002s ]
INFO: [ view_parse ] --START--
INFO: [ template_filter ] --START--
INFO: Run Behavior\ContentReplaceBehavior [ RunTime:0.000094s ]
INFO: [ template_filter ] --END-- [ RunTime:0.000167s ]
INFO: Run Behavior\ParseTemplateBehavior [ RunTime:0.008931s ]
INFO: [ view_parse ] --END-- [ RunTime:0.008999s ]
INFO: [ view_filter ] --START--
INFO: Run Behavior\WriteHtmlCacheBehavior [ RunTime:0.000344s ]
INFO: [ view_filter ] --END-- [ RunTime:0.000408s ]
INFO: [ app_end ] --START--
INFO: Run Behavior\ShowPageTraceBehavior [ RunTime:0.000488s ]
INFO: [ app_end ] --END-- [ RunTime:0.000542s ]

[ 2016-05-31T16:15:06+08:00 ] 127.0.0.1 /
INFO: [ app_init ] --START--
INFO: Run Behavior\BuildLiteBehavior [ RunTime:0.000021s ]
INFO: [ app_init ] --END-- [ RunTime:0.000531s ]
INFO: [ app_begin ] --START--
INFO: Run Behavior\ReadHtmlCacheBehavior [ RunTime:0.000596s ]
INFO: [ app_begin ] --END-- [ RunTime:0.000672s ]
SQL: SHOW COLUMNS FROM `wenjuan_main` [ RunTime:0.0008s ]
SQL: SELECT * FROM `wenjuan_main` WHERE `survey_status` = 1 ORDER BY hit desc LIMIT 5   [ RunTime:0.0004s ]
SQL: SELECT * FROM `wenjuan_main` WHERE `survey_status` = 1 ORDER BY fabu_time desc LIMIT 5   [ RunTime:0.0002s ]
INFO: [ view_parse ] --START--
INFO: [ template_filter ] --START--
INFO: Run Behavior\ContentReplaceBehavior [ RunTime:0.000119s ]
INFO: [ template_filter ] --END-- [ RunTime:0.000201s ]
INFO: Run Behavior\ParseTemplateBehavior [ RunTime:0.013114s ]
INFO: [ view_parse ] --END-- [ RunTime:0.013204s ]
INFO: [ view_filter ] --START--
INFO: Run Behavior\WriteHtmlCacheBehavior [ RunTime:0.000447s ]
INFO: [ view_filter ] --END-- [ RunTime:0.000516s ]
INFO: [ app_end ] --START--
INFO: Run Behavior\ShowPageTraceBehavior [ RunTime:0.000647s ]
INFO: [ app_end ] --END-- [ RunTime:0.000717s ]

[ 2016-05-31T16:20:33+08:00 ] 127.0.0.1 /
INFO: [ app_init ] --START--
INFO: Run Behavior\BuildLiteBehavior [ RunTime:0.000020s ]
INFO: [ app_init ] --END-- [ RunTime:0.000534s ]
INFO: [ app_begin ] --START--
INFO: Run Behavior\ReadHtmlCacheBehavior [ RunTime:0.000701s ]
INFO: [ app_begin ] --END-- [ RunTime:0.000777s ]
SQL: SHOW COLUMNS FROM `wenjuan_main` [ RunTime:0.0008s ]
SQL: SELECT * FROM `wenjuan_main` WHERE `survey_status` = 1 ORDER BY hit desc LIMIT 5   [ RunTime:0.0003s ]
SQL: SELECT * FROM `wenjuan_main` WHERE `survey_status` = 1 ORDER BY fabu_time desc LIMIT 5   [ RunTime:0.0002s ]
INFO: [ view_parse ] --START--
INFO: [ template_filter ] --START--
INFO: Run Behavior\ContentReplaceBehavior [ RunTime:0.000101s ]
INFO: [ template_filter ] --END-- [ RunTime:0.000181s ]
INFO: Run Behavior\ParseTemplateBehavior [ RunTime:0.010638s ]
INFO: [ view_parse ] --END-- [ RunTime:0.010709s ]
INFO: [ view_filter ] --START--
INFO: Run Behavior\WriteHtmlCacheBehavior [ RunTime:0.000458s ]
INFO: [ view_filter ] --END-- [ RunTime:0.000513s ]
INFO: [ app_end ] --START--
INFO: Run Behavior\ShowPageTraceBehavior [ RunTime:0.000663s ]
INFO: [ app_end ] --END-- [ RunTime:0.000717s ]

[ 2016-05-31T16:41:16+08:00 ] 127.0.0.1 /
INFO: [ app_init ] --START--
INFO: Run Behavior\BuildLiteBehavior [ RunTime:0.000018s ]
INFO: [ app_init ] --END-- [ RunTime:0.000456s ]
INFO: [ app_begin ] --START--
INFO: Run Behavior\ReadHtmlCacheBehavior [ RunTime:0.000565s ]
INFO: [ app_begin ] --END-- [ RunTime:0.000631s ]
SQL: SHOW COLUMNS FROM `wenjuan_main` [ RunTime:0.0006s ]
SQL: SELECT * FROM `wenjuan_main` WHERE `survey_status` = 1 ORDER BY hit desc LIMIT 5   [ RunTime:0.0003s ]
SQL: SELECT * FROM `wenjuan_main` WHERE `survey_status` = 1 ORDER BY fabu_time desc LIMIT 5   [ RunTime:0.0003s ]
INFO: [ view_parse ] --START--
INFO: [ template_filter ] --START--
INFO: Run Behavior\ContentReplaceBehavior [ RunTime:0.000118s ]
INFO: [ template_filter ] --END-- [ RunTime:0.000201s ]
INFO: Run Behavior\ParseTemplateBehavior [ RunTime:0.011407s ]
INFO: [ view_parse ] --END-- [ RunTime:0.011488s ]
INFO: [ view_filter ] --START--
INFO: Run Behavior\WriteHtmlCacheBehavior [ RunTime:0.000446s ]
INFO: [ view_filter ] --END-- [ RunTime:0.000516s ]
INFO: [ app_end ] --START--
INFO: Run Behavior\ShowPageTraceBehavior [ RunTime:0.000673s ]
INFO: [ app_end ] --END-- [ RunTime:0.000744s ]

[ 2016-05-31T18:28:17+08:00 ] 127.0.0.1 /
INFO: [ app_init ] --START--
INFO: Run Behavior\BuildLiteBehavior [ RunTime:0.000020s ]
INFO: [ app_init ] --END-- [ RunTime:0.000486s ]
INFO: [ app_begin ] --START--
INFO: Run Behavior\ReadHtmlCacheBehavior [ RunTime:0.000624s ]
INFO: [ app_begin ] --END-- [ RunTime:0.000707s ]
SQL: SHOW COLUMNS FROM `wenjuan_main` [ RunTime:0.0010s ]
SQL: SELECT * FROM `wenjuan_main` WHERE `survey_status` = 1 ORDER BY hit desc LIMIT 5   [ RunTime:0.0006s ]
SQL: SELECT * FROM `wenjuan_main` WHERE `survey_status` = 1 ORDER BY fabu_time desc LIMIT 5   [ RunTime:0.0005s ]
INFO: [ view_parse ] --START--
INFO: [ template_filter ] --START--
INFO: Run Behavior\ContentReplaceBehavior [ RunTime:0.000128s ]
INFO: [ template_filter ] --END-- [ RunTime:0.000224s ]
INFO: Run Behavior\ParseTemplateBehavior [ RunTime:0.013671s ]
INFO: [ view_parse ] --END-- [ RunTime:0.013763s ]
INFO: [ view_filter ] --START--
INFO: Run Behavior\WriteHtmlCacheBehavior [ RunTime:0.000603s ]
INFO: [ view_filter ] --END-- [ RunTime:0.000672s ]
INFO: [ app_end ] --START--
INFO: Run Behavior\ShowPageTraceBehavior [ RunTime:0.000693s ]
INFO: [ app_end ] --END-- [ RunTime:0.000764s ]

[ 2016-05-31T19:02:03+08:00 ] 127.0.0.1 /index.php/Myqsnaire/index.html
INFO: [ app_init ] --START--
INFO: Run Behavior\BuildLiteBehavior [ RunTime:0.000019s ]
INFO: [ app_init ] --END-- [ RunTime:0.000489s ]
INFO: [ app_begin ] --START--
INFO: Run Behavior\ReadHtmlCacheBehavior [ RunTime:0.000616s ]
INFO: [ app_begin ] --END-- [ RunTime:0.000700s ]
ERR: 无法加载控制器:Myqsnaire

[ 2016-05-31T21:04:18+08:00 ] 127.0.0.1 /
INFO: [ app_init ] --START--
INFO: Run Behavior\BuildLiteBehavior [ RunTime:0.000019s ]
INFO: [ app_init ] --END-- [ RunTime:0.000511s ]
INFO: [ app_begin ] --START--
INFO: Run Behavior\ReadHtmlCacheBehavior [ RunTime:0.000697s ]
INFO: [ app_begin ] --END-- [ RunTime:0.000774s ]
SQL: SHOW COLUMNS FROM `wenjuan_main` [ RunTime:0.0008s ]
SQL: SELECT * FROM `wenjuan_main` WHERE `survey_status` = 1 ORDER BY hit desc LIMIT 5   [ RunTime:0.0005s ]
SQL: SELECT * FROM `wenjuan_main` WHERE `survey_status` = 1 ORDER BY fabu_time desc LIMIT 5   [ RunTime:0.0002s ]
INFO: [ view_parse ] --START--
INFO: [ template_filter ] --START--
INFO: Run Behavior\ContentReplaceBehavior [ RunTime:0.000118s ]
INFO: [ template_filter ] --END-- [ RunTime:0.000199s ]
INFO: Run Behavior\ParseTemplateBehavior [ RunTime:0.011450s ]
INFO: [ view_parse ] --END-- [ RunTime:0.011536s ]
INFO: [ view_filter ] --START--
INFO: Run Behavior\WriteHtmlCacheBehavior [ RunTime:0.000454s ]
INFO: [ view_filter ] --END-- [ RunTime:0.000524s ]
INFO: [ app_end ] --START--
INFO: Run Behavior\ShowPageTraceBehavior [ RunTime:0.000644s ]
INFO: [ app_end ] --END-- [ RunTime:0.000714s ]

[ 2016-05-31T21:21:01+08:00 ] 127.0.0.1 /
INFO: [ app_init ] --START--
INFO: Run Behavior\BuildLiteBehavior [ RunTime:0.000020s ]
INFO: [ app_init ] --END-- [ RunTime:0.000472s ]
INFO: [ app_begin ] --START--
INFO: Run Behavior\ReadHtmlCacheBehavior [ RunTime:0.000595s ]
INFO: [ app_begin ] --END-- [ RunTime:0.000671s ]
SQL: SHOW COLUMNS FROM `wenjuan_main` [ RunTime:0.0009s ]
SQL: SELECT * FROM `wenjuan_main` WHERE `survey_status` = 1 ORDER BY hit desc LIMIT 5   [ RunTime:0.0004s ]
SQL: SELECT * FROM `wenjuan_main` WHERE `survey_status` = 1 ORDER BY fabu_time desc LIMIT 5   [ RunTime:0.0002s ]
INFO: [ view_parse ] --START--
INFO: [ template_filter ] --START--
INFO: Run Behavior\ContentReplaceBehavior [ RunTime:0.000117s ]
INFO: [ template_filter ] --END-- [ RunTime:0.000201s ]
INFO: Run Behavior\ParseTemplateBehavior [ RunTime:0.011692s ]
INFO: [ view_parse ] --END-- [ RunTime:0.011778s ]
INFO: [ view_filter ] --START--
INFO: Run Behavior\WriteHtmlCacheBehavior [ RunTime:0.000449s ]
INFO: [ view_filter ] --END-- [ RunTime:0.000519s ]
INFO: [ app_end ] --START--
INFO: Run Behavior\ShowPageTraceBehavior [ RunTime:0.000644s ]
INFO: [ app_end ] --END-- [ RunTime:0.000715s ]

[ 2016-05-31T22:38:36+08:00 ] 127.0.0.1 /
INFO: [ app_init ] --START--
INFO: Run Behavior\BuildLiteBehavior [ RunTime:0.000020s ]
INFO: [ app_init ] --END-- [ RunTime:0.000484s ]
INFO: [ app_begin ] --START--
INFO: Run Behavior\ReadHtmlCacheBehavior [ RunTime:0.000615s ]
INFO: [ app_begin ] --END-- [ RunTime:0.000698s ]
SQL: SHOW COLUMNS FROM `wenjuan_main` [ RunTime:0.0008s ]
SQL: SELECT * FROM `wenjuan_main` WHERE `survey_status` = 1 ORDER BY hit desc LIMIT 5   [ RunTime:0.0003s ]
SQL: SELECT * FROM `wenjuan_main` WHERE `survey_status` = 1 ORDER BY fabu_time desc LIMIT 5   [ RunTime:0.0002s ]
INFO: [ view_parse ] --START--
INFO: [ template_filter ] --START--
INFO: Run Behavior\ContentReplaceBehavior [ RunTime:0.000120s ]
INFO: [ template_filter ] --END-- [ RunTime:0.000203s ]
INFO: Run Behavior\ParseTemplateBehavior [ RunTime:0.012858s ]
INFO: [ view_parse ] --END-- [ RunTime:0.012944s ]
INFO: [ view_filter ] --START--
INFO: Run Behavior\WriteHtmlCacheBehavior [ RunTime:0.000519s ]
INFO: [ view_filter ] --END-- [ RunTime:0.000589s ]
INFO: [ app_end ] --START--
INFO: Run Behavior\ShowPageTraceBehavior [ RunTime:0.000644s ]
INFO: [ app_end ] --END-- [ RunTime:0.000715s ]

