[ 2016-05-19T05:03:35+08:00 ] 127.0.0.1 /index.php/Design/addQues
INFO: [ app_init ] --START--
INFO: Run Behavior\BuildLiteBehavior [ RunTime:0.000019s ]
INFO: [ app_init ] --END-- [ RunTime:0.000519s ]
INFO: [ app_begin ] --START--
INFO: Run Behavior\ReadHtmlCacheBehavior [ RunTime:0.000598s ]
INFO: [ app_begin ] --END-- [ RunTime:0.000674s ]
SQL: SHOW COLUMNS FROM `wenjuan_main` [ RunTime:0.0009s ]
SQL: SELECT * FROM `wenjuan_main` WHERE `survey_id` = 0 LIMIT 1   [ RunTime:0.0005s ]
INFO: [ view_parse ] --START--
INFO: [ template_filter ] --START--
INFO: Run Behavior\ContentReplaceBehavior [ RunTime:0.000078s ]
INFO: [ template_filter ] --END-- [ RunTime:0.000158s ]
NOTIC: [8] Use of undefined constant Single - assumed 'Single' /home/ftp/1520/2014survey.twtstudio.com/2014survey.twtstudio.com/Phone/Runtime/Cache/Home/e1948db701bd017eb2efd0d71ba48296.php 第 45 行.
NOTIC: [8] Use of undefined constant Multiply - assumed 'Multiply' /home/ftp/1520/2014survey.twtstudio.com/2014survey.twtstudio.com/Phone/Runtime/Cache/Home/e1948db701bd017eb2efd0d71ba48296.php 第 46 行.
INFO: Run Behavior\ParseTemplateBehavior [ RunTime:0.007796s ]
INFO: [ view_parse ] --END-- [ RunTime:0.007869s ]
INFO: [ view_filter ] --START--
INFO: Run Behavior\WriteHtmlCacheBehavior [ RunTime:0.000524s ]
INFO: [ view_filter ] --END-- [ RunTime:0.000592s ]
INFO: [ app_end ] --START--
INFO: Run Behavior\ShowPageTraceBehavior [ RunTime:0.000624s ]
INFO: [ app_end ] --END-- [ RunTime:0.000694s ]

[ 2016-05-19T05:31:19+08:00 ] 127.0.0.1 /
INFO: [ app_init ] --START--
INFO: Run Behavior\BuildLiteBehavior [ RunTime:0.000020s ]
INFO: [ app_init ] --END-- [ RunTime:0.000463s ]
INFO: [ app_begin ] --START--
INFO: Run Behavior\ReadHtmlCacheBehavior [ RunTime:0.000600s ]
INFO: [ app_begin ] --END-- [ RunTime:0.000676s ]
INFO: [ view_parse ] --START--
INFO: [ template_filter ] --START--
INFO: Run Behavior\ContentReplaceBehavior [ RunTime:0.000056s ]
INFO: [ template_filter ] --END-- [ RunTime:0.000142s ]
INFO: Run Behavior\ParseTemplateBehavior [ RunTime:0.005775s ]
INFO: [ view_parse ] --END-- [ RunTime:0.005855s ]
INFO: [ view_filter ] --START--
INFO: Run Behavior\WriteHtmlCacheBehavior [ RunTime:0.000446s ]
INFO: [ view_filter ] --END-- [ RunTime:0.000514s ]
INFO: [ app_end ] --START--
INFO: Run Behavior\ShowPageTraceBehavior [ RunTime:0.000632s ]
INFO: [ app_end ] --END-- [ RunTime:0.000703s ]

[ 2016-05-19T05:45:19+08:00 ] 127.0.0.1 /index.php/MyQuestionnaire/index.html
INFO: [ app_init ] --START--
INFO: Run Behavior\BuildLiteBehavior [ RunTime:0.000020s ]
INFO: [ app_init ] --END-- [ RunTime:0.000393s ]
INFO: [ app_begin ] --START--
INFO: Run Behavior\ReadHtmlCacheBehavior [ RunTime:0.000469s ]
INFO: [ app_begin ] --END-- [ RunTime:0.000532s ]
SQL: SHOW COLUMNS FROM `wenjuan_main` [ RunTime:0.0009s ]
SQL: SELECT * FROM `wenjuan_main` WHERE `user_id` = 0 AND `survey_status` > 0 ORDER BY survey_status desc  [ RunTime:0.0004s ]
SQL: SELECT * FROM `wenjuan_main` WHERE `user_id` = 0 AND `survey_status` = 0 ORDER BY survey_id desc  [ RunTime:0.0002s ]
INFO: [ view_parse ] --START--
INFO: [ template_filter ] --START--
INFO: Run Behavior\ContentReplaceBehavior [ RunTime:0.000114s ]
INFO: [ template_filter ] --END-- [ RunTime:0.000209s ]
INFO: Run Behavior\ParseTemplateBehavior [ RunTime:0.013774s ]
INFO: [ view_parse ] --END-- [ RunTime:0.013860s ]
INFO: [ view_filter ] --START--
INFO: Run Behavior\WriteHtmlCacheBehavior [ RunTime:0.000459s ]
INFO: [ view_filter ] --END-- [ RunTime:0.000528s ]
INFO: [ app_end ] --START--
INFO: Run Behavior\ShowPageTraceBehavior [ RunTime:0.000683s ]
INFO: [ app_end ] --END-- [ RunTime:0.000752s ]

[ 2016-05-19T07:25:59+08:00 ] 127.0.0.1 /index.php/Index/check_login
INFO: [ app_init ] --START--
INFO: Run Behavior\BuildLiteBehavior [ RunTime:0.000020s ]
INFO: [ app_init ] --END-- [ RunTime:0.000470s ]
INFO: [ app_begin ] --START--
INFO: Run Behavior\ReadHtmlCacheBehavior [ RunTime:0.000593s ]
INFO: [ app_begin ] --END-- [ RunTime:0.000670s ]
INFO: [ app_end ] --START--
INFO: Run Behavior\ShowPageTraceBehavior [ RunTime:0.000633s ]
INFO: [ app_end ] --END-- [ RunTime:0.000715s ]

[ 2016-05-19T09:21:30+08:00 ] 127.0.0.1 /
INFO: [ app_init ] --START--
INFO: Run Behavior\BuildLiteBehavior [ RunTime:0.000019s ]
INFO: [ app_init ] --END-- [ RunTime:0.000466s ]
INFO: [ app_begin ] --START--
INFO: Run Behavior\ReadHtmlCacheBehavior [ RunTime:0.000554s ]
INFO: [ app_begin ] --END-- [ RunTime:0.000621s ]
INFO: [ view_parse ] --START--
INFO: [ template_filter ] --START--
INFO: Run Behavior\ContentReplaceBehavior [ RunTime:0.000045s ]
INFO: [ template_filter ] --END-- [ RunTime:0.000113s ]
INFO: Run Behavior\ParseTemplateBehavior [ RunTime:0.005416s ]
INFO: [ view_parse ] --END-- [ RunTime:0.005486s ]
INFO: [ view_filter ] --START--
INFO: Run Behavior\WriteHtmlCacheBehavior [ RunTime:0.000345s ]
INFO: [ view_filter ] --END-- [ RunTime:0.000397s ]
INFO: [ app_end ] --START--
INFO: Run Behavior\ShowPageTraceBehavior [ RunTime:0.000483s ]
INFO: [ app_end ] --END-- [ RunTime:0.000540s ]

[ 2016-05-19T10:27:59+08:00 ] 127.0.0.1 /index.php/Design/addChooseQ/data/Multiply.html
INFO: [ app_init ] --START--
INFO: Run Behavior\BuildLiteBehavior [ RunTime:0.000019s ]
INFO: [ app_init ] --END-- [ RunTime:0.000487s ]
INFO: [ app_begin ] --START--
INFO: Run Behavior\ReadHtmlCacheBehavior [ RunTime:0.000595s ]
INFO: [ app_begin ] --END-- [ RunTime:0.000671s ]
INFO: [ view_parse ] --START--
INFO: [ template_filter ] --START--
INFO: Run Behavior\ContentReplaceBehavior [ RunTime:0.000089s ]
INFO: [ template_filter ] --END-- [ RunTime:0.000164s ]
INFO: Run Behavior\ParseTemplateBehavior [ RunTime:0.007572s ]
INFO: [ view_parse ] --END-- [ RunTime:0.007647s ]
INFO: [ view_filter ] --START--
INFO: Run Behavior\WriteHtmlCacheBehavior [ RunTime:0.000451s ]
INFO: [ view_filter ] --END-- [ RunTime:0.000519s ]
INFO: [ app_end ] --START--
INFO: Run Behavior\ShowPageTraceBehavior [ RunTime:0.000641s ]
INFO: [ app_end ] --END-- [ RunTime:0.000711s ]

[ 2016-05-19T12:50:49+08:00 ] 127.0.0.1 /
INFO: [ app_init ] --START--
INFO: Run Behavior\BuildLiteBehavior [ RunTime:0.000019s ]
INFO: [ app_init ] --END-- [ RunTime:0.000461s ]
INFO: [ app_begin ] --START--
INFO: Run Behavior\ReadHtmlCacheBehavior [ RunTime:0.000603s ]
INFO: [ app_begin ] --END-- [ RunTime:0.000679s ]
INFO: [ view_parse ] --START--
INFO: [ template_filter ] --START--
INFO: Run Behavior\ContentReplaceBehavior [ RunTime:0.000043s ]
INFO: [ template_filter ] --END-- [ RunTime:0.000106s ]
INFO: Run Behavior\ParseTemplateBehavior [ RunTime:0.005507s ]
INFO: [ view_parse ] --END-- [ RunTime:0.005577s ]
INFO: [ view_filter ] --START--
INFO: Run Behavior\WriteHtmlCacheBehavior [ RunTime:0.000344s ]
INFO: [ view_filter ] --END-- [ RunTime:0.000396s ]
INFO: [ app_end ] --START--
INFO: Run Behavior\ShowPageTraceBehavior [ RunTime:0.000493s ]
INFO: [ app_end ] --END-- [ RunTime:0.000548s ]

[ 2016-05-19T12:50:57+08:00 ] 127.0.0.1 /
INFO: [ app_init ] --START--
INFO: Run Behavior\BuildLiteBehavior [ RunTime:0.000020s ]
INFO: [ app_init ] --END-- [ RunTime:0.000500s ]
INFO: [ app_begin ] --START--
INFO: Run Behavior\ReadHtmlCacheBehavior [ RunTime:0.000598s ]
INFO: [ app_begin ] --END-- [ RunTime:0.000673s ]
INFO: [ view_parse ] --START--
INFO: [ template_filter ] --START--
INFO: Run Behavior\ContentReplaceBehavior [ RunTime:0.000043s ]
INFO: [ template_filter ] --END-- [ RunTime:0.000104s ]
INFO: Run Behavior\ParseTemplateBehavior [ RunTime:0.004570s ]
INFO: [ view_parse ] --END-- [ RunTime:0.004640s ]
INFO: [ view_filter ] --START--
INFO: Run Behavior\WriteHtmlCacheBehavior [ RunTime:0.000342s ]
INFO: [ view_filter ] --END-- [ RunTime:0.000394s ]
INFO: [ app_end ] --START--
INFO: Run Behavior\ShowPageTraceBehavior [ RunTime:0.000484s ]
INFO: [ app_end ] --END-- [ RunTime:0.000562s ]

[ 2016-05-19T15:21:12+08:00 ] 127.0.0.1 /
INFO: [ app_init ] --START--
INFO: Run Behavior\BuildLiteBehavior [ RunTime:0.000020s ]
INFO: [ app_init ] --END-- [ RunTime:0.000464s ]
INFO: [ app_begin ] --START--
INFO: Run Behavior\ReadHtmlCacheBehavior [ RunTime:0.000597s ]
INFO: [ app_begin ] --END-- [ RunTime:0.000672s ]
INFO: [ view_parse ] --START--
INFO: [ template_filter ] --START--
INFO: Run Behavior\ContentReplaceBehavior [ RunTime:0.000045s ]
INFO: [ template_filter ] --END-- [ RunTime:0.000114s ]
INFO: Run Behavior\ParseTemplateBehavior [ RunTime:0.006723s ]
INFO: [ view_parse ] --END-- [ RunTime:0.006793s ]
INFO: [ view_filter ] --START--
INFO: Run Behavior\WriteHtmlCacheBehavior [ RunTime:0.000347s ]
INFO: [ view_filter ] --END-- [ RunTime:0.000402s ]
INFO: [ app_end ] --START--
INFO: Run Behavior\ShowPageTraceBehavior [ RunTime:0.000484s ]
INFO: [ app_end ] --END-- [ RunTime:0.000538s ]

[ 2016-05-19T17:05:10+08:00 ] 127.0.0.1 /
INFO: [ app_init ] --START--
INFO: Run Behavior\BuildLiteBehavior [ RunTime:0.000019s ]
INFO: [ app_init ] --END-- [ RunTime:0.000484s ]
INFO: [ app_begin ] --START--
INFO: Run Behavior\ReadHtmlCacheBehavior [ RunTime:0.000614s ]
INFO: [ app_begin ] --END-- [ RunTime:0.000697s ]
INFO: [ view_parse ] --START--
INFO: [ template_filter ] --START--
INFO: Run Behavior\ContentReplaceBehavior [ RunTime:0.000056s ]
INFO: [ template_filter ] --END-- [ RunTime:0.000143s ]
INFO: Run Behavior\ParseTemplateBehavior [ RunTime:0.006100s ]
INFO: [ view_parse ] --END-- [ RunTime:0.006183s ]
INFO: [ view_filter ] --START--
INFO: Run Behavior\WriteHtmlCacheBehavior [ RunTime:0.000528s ]
INFO: [ view_filter ] --END-- [ RunTime:0.000595s ]
INFO: [ app_end ] --START--
INFO: Run Behavior\ShowPageTraceBehavior [ RunTime:0.000644s ]
INFO: [ app_end ] --END-- [ RunTime:0.000716s ]

[ 2016-05-19T17:55:10+08:00 ] 127.0.0.1 /
INFO: [ app_init ] --START--
INFO: Run Behavior\BuildLiteBehavior [ RunTime:0.000020s ]
INFO: [ app_init ] --END-- [ RunTime:0.000463s ]
INFO: [ app_begin ] --START--
INFO: Run Behavior\ReadHtmlCacheBehavior [ RunTime:0.000596s ]
INFO: [ app_begin ] --END-- [ RunTime:0.000673s ]
INFO: [ view_parse ] --START--
INFO: [ template_filter ] --START--
INFO: Run Behavior\ContentReplaceBehavior [ RunTime:0.000044s ]
INFO: [ template_filter ] --END-- [ RunTime:0.000160s ]
INFO: Run Behavior\ParseTemplateBehavior [ RunTime:0.005109s ]
INFO: [ view_parse ] --END-- [ RunTime:0.005179s ]
INFO: [ view_filter ] --START--
INFO: Run Behavior\WriteHtmlCacheBehavior [ RunTime:0.000379s ]
INFO: [ view_filter ] --END-- [ RunTime:0.000431s ]
INFO: [ app_end ] --START--
INFO: Run Behavior\ShowPageTraceBehavior [ RunTime:0.000483s ]
INFO: [ app_end ] --END-- [ RunTime:0.000537s ]

[ 2016-05-19T17:55:10+08:00 ] 127.0.0.1 /
INFO: [ app_init ] --START--
INFO: Run Behavior\BuildLiteBehavior [ RunTime:0.000019s ]
INFO: [ app_init ] --END-- [ RunTime:0.000494s ]
INFO: [ app_begin ] --START--
INFO: Run Behavior\ReadHtmlCacheBehavior [ RunTime:0.000594s ]
INFO: [ app_begin ] --END-- [ RunTime:0.000671s ]
INFO: [ view_parse ] --START--
INFO: [ template_filter ] --START--
INFO: Run Behavior\ContentReplaceBehavior [ RunTime:0.000055s ]
INFO: [ template_filter ] --END-- [ RunTime:0.000137s ]
INFO: Run Behavior\ParseTemplateBehavior [ RunTime:0.006634s ]
INFO: [ view_parse ] --END-- [ RunTime:0.006713s ]
INFO: [ view_filter ] --START--
INFO: Run Behavior\WriteHtmlCacheBehavior [ RunTime:0.000441s ]
INFO: [ view_filter ] --END-- [ RunTime:0.000509s ]
INFO: [ app_end ] --START--
INFO: Run Behavior\ShowPageTraceBehavior [ RunTime:0.000698s ]
INFO: [ app_end ] --END-- [ RunTime:0.000770s ]

[ 2016-05-19T19:22:54+08:00 ] 127.0.0.1 /
INFO: [ app_init ] --START--
INFO: Run Behavior\BuildLiteBehavior [ RunTime:0.000020s ]
INFO: [ app_init ] --END-- [ RunTime:0.000466s ]
INFO: [ app_begin ] --START--
INFO: Run Behavior\ReadHtmlCacheBehavior [ RunTime:0.000678s ]
INFO: [ app_begin ] --END-- [ RunTime:0.000754s ]
INFO: [ view_parse ] --START--
INFO: [ template_filter ] --START--
INFO: Run Behavior\ContentReplaceBehavior [ RunTime:0.000055s ]
INFO: [ template_filter ] --END-- [ RunTime:0.000135s ]
INFO: Run Behavior\ParseTemplateBehavior [ RunTime:0.005971s ]
INFO: [ view_parse ] --END-- [ RunTime:0.006051s ]
INFO: [ view_filter ] --START--
INFO: Run Behavior\WriteHtmlCacheBehavior [ RunTime:0.000523s ]
INFO: [ view_filter ] --END-- [ RunTime:0.000591s ]
INFO: [ app_end ] --START--
INFO: Run Behavior\ShowPageTraceBehavior [ RunTime:0.000634s ]
INFO: [ app_end ] --END-- [ RunTime:0.000696s ]

