[ 2016-04-05T11:31:12+08:00 ] ::1 /survey/
INFO: [ app_init ] --START--
INFO: Run Behavior\BuildLiteBehavior [ RunTime:0.000036s ]
INFO: [ app_init ] --END-- [ RunTime:0.015855s ]
INFO: [ app_begin ] --START--
INFO: Run Behavior\ReadHtmlCacheBehavior [ RunTime:0.001603s ]
INFO: [ app_begin ] --END-- [ RunTime:0.001737s ]
SQL: SHOW COLUMNS FROM `wenjuan_main` [ RunTime:0.0658s ]
SQL: SELECT * FROM `wenjuan_main` WHERE `survey_status` = 1 ORDER BY hit desc LIMIT 5   [ RunTime:0.0011s ]
SQL: SELECT * FROM `wenjuan_main` WHERE `survey_status` = 1 ORDER BY fabu_time desc LIMIT 5   [ RunTime:0.0009s ]
INFO: [ view_parse ] --START--
INFO: [ template_filter ] --START--
INFO: Run Behavior\ContentReplaceBehavior [ RunTime:0.038856s ]
INFO: [ template_filter ] --END-- [ RunTime:0.039023s ]
INFO: Run Behavior\ParseTemplateBehavior [ RunTime:0.122584s ]
INFO: [ view_parse ] --END-- [ RunTime:0.122739s ]
INFO: [ view_filter ] --START--
INFO: Run Behavior\WriteHtmlCacheBehavior [ RunTime:0.048880s ]
INFO: [ view_filter ] --END-- [ RunTime:0.049052s ]
INFO: [ app_end ] --START--
INFO: Run Behavior\ShowPageTraceBehavior [ RunTime:0.032971s ]
INFO: [ app_end ] --END-- [ RunTime:0.033283s ]

[ 2016-04-05T11:31:30+08:00 ] ::1 /survey/index.php/User/login.html
INFO: [ app_init ] --START--
INFO: Run Behavior\BuildLiteBehavior [ RunTime:0.000028s ]
INFO: [ app_init ] --END-- [ RunTime:0.001188s ]
INFO: [ app_begin ] --START--
INFO: Run Behavior\ReadHtmlCacheBehavior [ RunTime:0.001762s ]
INFO: [ app_begin ] --END-- [ RunTime:0.001929s ]
NOTIC: [8] A session had already been started - ignoring session_start() F:\xammp\htdocs\survey\Application\Home\Common\function.php 第 14 行.

[ 2016-04-05T11:31:41+08:00 ] ::1 /survey/index.php/User/login.html
INFO: [ app_init ] --START--
INFO: Run Behavior\BuildLiteBehavior [ RunTime:0.000037s ]
INFO: [ app_init ] --END-- [ RunTime:0.001271s ]
INFO: [ app_begin ] --START--
INFO: Run Behavior\ReadHtmlCacheBehavior [ RunTime:0.001405s ]
INFO: [ app_begin ] --END-- [ RunTime:0.001536s ]
NOTIC: [8] A session had already been started - ignoring session_start() F:\xammp\htdocs\survey\Application\Home\Common\function.php 第 14 行.
SQL: SHOW COLUMNS FROM `wenjuan_user` [ RunTime:0.0490s ]
SQL: SELECT * FROM `wenjuan_user` WHERE `user` = 'guorenjie'  [ RunTime:0.0009s ]
SQL: SELECT * FROM `wenjuan_user` WHERE wenjuan_user.user = 'guorenjie' LIMIT 1   [ RunTime:0.0517s ]

[ 2016-04-05T11:31:41+08:00 ] ::1 /survey/index.php/Myqsnaire/index.html
INFO: [ app_init ] --START--
INFO: Run Behavior\BuildLiteBehavior [ RunTime:0.000033s ]
INFO: [ app_init ] --END-- [ RunTime:0.001156s ]
INFO: [ app_begin ] --START--
INFO: Run Behavior\ReadHtmlCacheBehavior [ RunTime:0.001357s ]
INFO: [ app_begin ] --END-- [ RunTime:0.001502s ]
SQL: SHOW COLUMNS FROM `wenjuan_main` [ RunTime:0.0097s ]
SQL: SELECT * FROM `wenjuan_main` WHERE `user_id` = 3 AND `survey_status` > 0 ORDER BY survey_id desc  [ RunTime:0.0010s ]
SQL: SELECT * FROM `wenjuan_main` WHERE `user_id` = 3 AND `survey_status` = 0 ORDER BY survey_id desc  [ RunTime:0.0008s ]
INFO: [ view_parse ] --START--
INFO: [ template_filter ] --START--
INFO: Run Behavior\ContentReplaceBehavior [ RunTime:0.000133s ]
INFO: [ template_filter ] --END-- [ RunTime:0.000266s ]
INFO: Run Behavior\ParseTemplateBehavior [ RunTime:0.050789s ]
INFO: [ view_parse ] --END-- [ RunTime:0.050923s ]
INFO: [ view_filter ] --START--
INFO: Run Behavior\WriteHtmlCacheBehavior [ RunTime:0.001014s ]
INFO: [ view_filter ] --END-- [ RunTime:0.001118s ]
INFO: [ app_end ] --START--
INFO: Run Behavior\ShowPageTraceBehavior [ RunTime:0.001439s ]
INFO: [ app_end ] --END-- [ RunTime:0.001542s ]

[ 2016-04-05T11:31:54+08:00 ] ::1 /survey/index.php/Fill/fill.html
INFO: [ app_init ] --START--
INFO: Run Behavior\BuildLiteBehavior [ RunTime:0.000047s ]
INFO: [ app_init ] --END-- [ RunTime:0.001337s ]
INFO: [ app_begin ] --START--
INFO: Run Behavior\ReadHtmlCacheBehavior [ RunTime:0.001670s ]
INFO: [ app_begin ] --END-- [ RunTime:0.001850s ]
SQL: SHOW COLUMNS FROM `wenjuan_main` [ RunTime:0.0101s ]
SQL: SELECT COUNT(*) AS tp_count FROM `wenjuan_main` WHERE `survey_status` = 1 LIMIT 1   [ RunTime:0.0009s ]
SQL: SELECT * FROM `wenjuan_main` WHERE `survey_status` = 1 ORDER BY hit desc LIMIT 0,1   [ RunTime:0.0011s ]
INFO: [ view_parse ] --START--
INFO: [ template_filter ] --START--
INFO: Run Behavior\ContentReplaceBehavior [ RunTime:0.000161s ]
INFO: [ template_filter ] --END-- [ RunTime:0.000279s ]
INFO: Run Behavior\ParseTemplateBehavior [ RunTime:0.033524s ]
INFO: [ view_parse ] --END-- [ RunTime:0.033728s ]
INFO: [ view_filter ] --START--
INFO: Run Behavior\WriteHtmlCacheBehavior [ RunTime:0.001118s ]
INFO: [ view_filter ] --END-- [ RunTime:0.001221s ]
INFO: [ app_end ] --START--
INFO: Run Behavior\ShowPageTraceBehavior [ RunTime:0.001580s ]
INFO: [ app_end ] --END-- [ RunTime:0.001679s ]

[ 2016-04-05T13:44:13+08:00 ] ::1 /survey/index.php/Design/index.html
INFO: [ app_init ] --START--
INFO: Run Behavior\BuildLiteBehavior [ RunTime:0.000031s ]
INFO: [ app_init ] --END-- [ RunTime:0.001236s ]
INFO: [ app_begin ] --START--
INFO: Run Behavior\ReadHtmlCacheBehavior [ RunTime:0.002307s ]
INFO: [ app_begin ] --END-- [ RunTime:0.002450s ]
INFO: [ view_parse ] --START--
INFO: [ template_filter ] --START--
INFO: Run Behavior\ContentReplaceBehavior [ RunTime:0.000331s ]
INFO: [ template_filter ] --END-- [ RunTime:0.000548s ]
NOTIC: [8] Undefined variable: Fill F:\xammp\htdocs\survey\Application\Runtime\Cache\Home\3a3cad189af2594dd1fd9f3bd58228a7.php 第 31 行.
NOTIC: [8] Undefined variable: Fill F:\xammp\htdocs\survey\Application\Runtime\Cache\Home\3a3cad189af2594dd1fd9f3bd58228a7.php 第 33 行.
NOTIC: [8] Undefined variable: question F:\xammp\htdocs\survey\Application\Runtime\Cache\Home\3a3cad189af2594dd1fd9f3bd58228a7.php 第 35 行.
INFO: Run Behavior\ParseTemplateBehavior [ RunTime:0.029553s ]
INFO: [ view_parse ] --END-- [ RunTime:0.029750s ]
INFO: [ view_filter ] --START--
INFO: Run Behavior\WriteHtmlCacheBehavior [ RunTime:0.001580s ]
INFO: [ view_filter ] --END-- [ RunTime:0.001720s ]
INFO: [ app_end ] --START--
INFO: Run Behavior\ShowPageTraceBehavior [ RunTime:0.003703s ]
INFO: [ app_end ] --END-- [ RunTime:0.003876s ]

[ 2016-04-05T13:44:14+08:00 ] ::1 /survey/index.php/img/hengxian.png
INFO: [ app_init ] --START--
INFO: Run Behavior\BuildLiteBehavior [ RunTime:0.000042s ]
INFO: [ app_init ] --END-- [ RunTime:0.001625s ]

[ 2016-04-05T13:44:14+08:00 ] ::1 /survey/index.php/img/hengxian.png
INFO: [ app_init ] --START--
INFO: Run Behavior\BuildLiteBehavior [ RunTime:0.000045s ]
INFO: [ app_init ] --END-- [ RunTime:0.001308s ]

[ 2016-04-05T13:50:28+08:00 ] ::1 /survey/index.php/Design/index.html
INFO: [ app_init ] --START--
INFO: Run Behavior\BuildLiteBehavior [ RunTime:0.000037s ]
INFO: [ app_init ] --END-- [ RunTime:0.001273s ]
INFO: [ app_begin ] --START--
INFO: Run Behavior\ReadHtmlCacheBehavior [ RunTime:0.001534s ]
INFO: [ app_begin ] --END-- [ RunTime:0.001655s ]
INFO: [ view_parse ] --START--
INFO: [ template_filter ] --START--
INFO: Run Behavior\ContentReplaceBehavior [ RunTime:0.000231s ]
INFO: [ template_filter ] --END-- [ RunTime:0.000345s ]
NOTIC: [8] Undefined variable: Fill F:\xammp\htdocs\survey\Application\Runtime\Cache\Home\3a3cad189af2594dd1fd9f3bd58228a7.php 第 31 行.
NOTIC: [8] Undefined variable: Fill F:\xammp\htdocs\survey\Application\Runtime\Cache\Home\3a3cad189af2594dd1fd9f3bd58228a7.php 第 33 行.
NOTIC: [8] Undefined variable: question F:\xammp\htdocs\survey\Application\Runtime\Cache\Home\3a3cad189af2594dd1fd9f3bd58228a7.php 第 35 行.
INFO: Run Behavior\ParseTemplateBehavior [ RunTime:0.028506s ]
INFO: [ view_parse ] --END-- [ RunTime:0.028649s ]
INFO: [ view_filter ] --START--
INFO: Run Behavior\WriteHtmlCacheBehavior [ RunTime:0.001150s ]
INFO: [ view_filter ] --END-- [ RunTime:0.001250s ]
INFO: [ app_end ] --START--
INFO: Run Behavior\ShowPageTraceBehavior [ RunTime:0.003182s ]
INFO: [ app_end ] --END-- [ RunTime:0.003399s ]

[ 2016-04-05T13:50:28+08:00 ] ::1 /survey/index.php/img/hengxian.png
INFO: [ app_init ] --START--
INFO: Run Behavior\BuildLiteBehavior [ RunTime:0.000049s ]
INFO: [ app_init ] --END-- [ RunTime:0.003915s ]

